2024-12-09 11:24:39,773 - /data/xuanliu7/devel/cv2_zj_DataPlatform_Toolchain/node_match_frame.py - INFO - Dealing with clip:20241206-14-51-19
2024-12-09 11:24:39,784 - /data/xuanliu7/devel/cv2_zj_DataPlatform_Toolchain/node_match_frame.py - WARNING - Skip current clip: 20241206-14-51-19
2024-12-09 11:24:39,784 - /data/xuanliu7/devel/cv2_zj_DataPlatform_Toolchain/node_match_frame.py - INFO - Dealing with clip:20241206-12-23-13
2024-12-09 11:24:39,897 - /data/xuanliu7/devel/cv2_zj_DataPlatform_Toolchain/node_match_frame.py - WARNING - Skip current clip: 20241206-12-23-13
2024-12-09 11:24:39,897 - /data/xuanliu7/devel/cv2_zj_DataPlatform_Toolchain/node_match_frame.py - INFO - Dealing with clip:20241206-14-40-52
2024-12-09 11:24:39,926 - /data/xuanliu7/devel/cv2_zj_DataPlatform_Toolchain/node_match_frame.py - WARNING - Skip current clip: 20241206-14-40-52
2024-12-09 11:24:39,927 - /data/xuanliu7/devel/cv2_zj_DataPlatform_Toolchain/node_match_frame.py - INFO - Dealing with clip:20241206-14-31-43
2024-12-09 11:24:39,974 - /data/xuanliu7/devel/cv2_zj_DataPlatform_Toolchain/node_match_frame.py - WARNING - Skip current clip: 20241206-14-31-43
2024-12-09 11:24:39,975 - /data/xuanliu7/devel/cv2_zj_DataPlatform_Toolchain/node_match_frame.py - INFO - Dealing with clip:20241206-14-52-23
2024-12-09 11:24:39,995 - /data/xuanliu7/devel/cv2_zj_DataPlatform_Toolchain/node_match_frame.py - WARNING - Skip current clip: 20241206-14-52-23
2024-12-09 11:24:39,995 - /data/xuanliu7/devel/cv2_zj_DataPlatform_Toolchain/node_match_frame.py - INFO - Dealing with clip:20241206-10-47-47
2024-12-09 11:24:40,013 - /data/xuanliu7/devel/cv2_zj_DataPlatform_Toolchain/node_match_frame.py - WARNING - Skip current clip: 20241206-10-47-47
2024-12-09 11:24:40,014 - /data/xuanliu7/devel/cv2_zj_DataPlatform_Toolchain/node_match_frame.py - INFO - Dealing with clip:20241206-12-24-45
2024-12-09 11:24:40,037 - /data/xuanliu7/devel/cv2_zj_DataPlatform_Toolchain/node_match_frame.py - WARNING - Skip current clip: 20241206-12-24-45
2024-12-09 11:24:40,037 - /data/xuanliu7/devel/cv2_zj_DataPlatform_Toolchain/node_match_frame.py - INFO - Dealing with clip:20241206-14-46-00
2024-12-09 11:24:40,067 - /data/xuanliu7/devel/cv2_zj_DataPlatform_Toolchain/node_match_frame.py - WARNING - Skip current clip: 20241206-14-46-00
2024-12-09 11:24:40,067 - /data/xuanliu7/devel/cv2_zj_DataPlatform_Toolchain/node_match_frame.py - INFO - Dealing with clip:20241206-10-50-59
2024-12-09 11:24:40,080 - /data/xuanliu7/devel/cv2_zj_DataPlatform_Toolchain/node_match_frame.py - WARNING - Skip current clip: 20241206-10-50-59
2024-12-09 11:24:40,080 - /data/xuanliu7/devel/cv2_zj_DataPlatform_Toolchain/node_match_frame.py - INFO - Dealing with clip:20241206-10-56-38
2024-12-09 11:24:40,095 - /data/xuanliu7/devel/cv2_zj_DataPlatform_Toolchain/node_match_frame.py - WARNING - Skip current clip: 20241206-10-56-38
2024-12-09 11:24:40,096 - /data/xuanliu7/devel/cv2_zj_DataPlatform_Toolchain/node_match_frame.py - INFO - Dealing with clip:20241206-10-39-36
2024-12-09 11:24:40,118 - /data/xuanliu7/devel/cv2_zj_DataPlatform_Toolchain/node_match_frame.py - WARNING - Skip current clip: 20241206-10-39-36
2024-12-09 11:24:40,118 - /data/xuanliu7/devel/cv2_zj_DataPlatform_Toolchain/node_match_frame.py - INFO - Dealing with clip:20241206-14-37-28
2024-12-09 11:24:40,233 - /data/xuanliu7/devel/cv2_zj_DataPlatform_Toolchain/node_match_frame.py - WARNING - Skip current clip: 20241206-14-37-28
2024-12-09 11:24:40,233 - /data/xuanliu7/devel/cv2_zj_DataPlatform_Toolchain/node_match_frame.py - INFO - Dealing with clip:20241206-10-42-45
2024-12-09 11:24:40,262 - /data/xuanliu7/devel/cv2_zj_DataPlatform_Toolchain/node_match_frame.py - WARNING - Skip current clip: 20241206-10-42-45
2024-12-09 11:24:40,262 - /data/xuanliu7/devel/cv2_zj_DataPlatform_Toolchain/node_match_frame.py - INFO - Dealing with clip:20241206-10-54-01
2024-12-09 11:24:40,367 - /data/xuanliu7/devel/cv2_zj_DataPlatform_Toolchain/node_match_frame.py - WARNING - Skip current clip: 20241206-10-54-01
2024-12-09 11:24:40,367 - /data/xuanliu7/devel/cv2_zj_DataPlatform_Toolchain/node_match_frame.py - INFO - Dealing with clip:20241206-14-20-45
2024-12-09 11:24:40,380 - /data/xuanliu7/devel/cv2_zj_DataPlatform_Toolchain/node_match_frame.py - WARNING - Skip current clip: 20241206-14-20-45
2024-12-09 11:24:40,380 - /data/xuanliu7/devel/cv2_zj_DataPlatform_Toolchain/node_match_frame.py - INFO - Dealing with clip:20241206-14-12-51
2024-12-09 11:24:40,421 - /data/xuanliu7/devel/cv2_zj_DataPlatform_Toolchain/node_match_frame.py - WARNING - Skip current clip: 20241206-14-12-51
2024-12-09 11:24:40,421 - /data/xuanliu7/devel/cv2_zj_DataPlatform_Toolchain/node_match_frame.py - INFO - Dealing with clip:20241206-14-49-23
2024-12-09 11:24:40,561 - /data/xuanliu7/devel/cv2_zj_DataPlatform_Toolchain/node_match_frame.py - WARNING - Skip current clip: 20241206-14-49-23
2024-12-09 11:24:40,561 - /data/xuanliu7/devel/cv2_zj_DataPlatform_Toolchain/node_match_frame.py - INFO - Dealing with clip:20241206-14-28-51
2024-12-09 11:24:40,601 - /data/xuanliu7/devel/cv2_zj_DataPlatform_Toolchain/node_match_frame.py - WARNING - Skip current clip: 20241206-14-28-51
2024-12-09 11:24:40,601 - /data/xuanliu7/devel/cv2_zj_DataPlatform_Toolchain/node_match_frame.py - INFO - Dealing with clip:20241206-11-00-44
2024-12-09 11:24:40,699 - /data/xuanliu7/devel/cv2_zj_DataPlatform_Toolchain/node_match_frame.py - WARNING - Skip current clip: 20241206-11-00-44
2024-12-09 11:24:40,699 - /data/xuanliu7/devel/cv2_zj_DataPlatform_Toolchain/node_match_frame.py - INFO - Dealing with clip:20241206-14-25-18
2024-12-09 11:24:40,734 - /data/xuanliu7/devel/cv2_zj_DataPlatform_Toolchain/node_match_frame.py - WARNING - Skip current clip: 20241206-14-25-18
2024-12-09 11:24:40,734 - /data/xuanliu7/devel/cv2_zj_DataPlatform_Toolchain/node_match_frame.py - INFO - Dealing with clip:20241206-14-26-09
2024-12-09 11:24:40,816 - /data/xuanliu7/devel/cv2_zj_DataPlatform_Toolchain/node_match_frame.py - WARNING - Skip current clip: 20241206-14-26-09
2024-12-09 11:24:40,816 - /data/xuanliu7/devel/cv2_zj_DataPlatform_Toolchain/node_match_frame.py - INFO - Dealing with clip:20241206-14-40-07
2024-12-09 11:24:40,841 - /data/xuanliu7/devel/cv2_zj_DataPlatform_Toolchain/node_match_frame.py - WARNING - Skip current clip: 20241206-14-40-07
2024-12-09 11:24:40,842 - /data/xuanliu7/devel/cv2_zj_DataPlatform_Toolchain/node_match_frame.py - INFO - Dealing with clip:20241206-11-05-49
2024-12-09 11:24:40,856 - /data/xuanliu7/devel/cv2_zj_DataPlatform_Toolchain/node_match_frame.py - WARNING - Skip current clip: 20241206-11-05-49
2024-12-09 11:24:40,856 - /data/xuanliu7/devel/cv2_zj_DataPlatform_Toolchain/node_match_frame.py - INFO - Dealing with clip:20241206-11-10-06
2024-12-09 11:24:40,882 - /data/xuanliu7/devel/cv2_zj_DataPlatform_Toolchain/node_match_frame.py - WARNING - Skip current clip: 20241206-11-10-06
2024-12-09 11:24:40,882 - /data/xuanliu7/devel/cv2_zj_DataPlatform_Toolchain/node_match_frame.py - INFO - Dealing with clip:20241206-14-14-36
2024-12-09 11:24:40,933 - /data/xuanliu7/devel/cv2_zj_DataPlatform_Toolchain/node_match_frame.py - WARNING - Skip current clip: 20241206-14-14-36
2024-12-09 11:24:40,933 - /data/xuanliu7/devel/cv2_zj_DataPlatform_Toolchain/node_match_frame.py - INFO - Dealing with clip:20241206-14-47-37
2024-12-09 11:24:40,968 - /data/xuanliu7/devel/cv2_zj_DataPlatform_Toolchain/node_match_frame.py - WARNING - Skip current clip: 20241206-14-47-37
2024-12-09 11:24:40,969 - /data/xuanliu7/devel/cv2_zj_DataPlatform_Toolchain/node_match_frame.py - ERROR - clip skip num:26, all clip num:26, clip skip rate:1.000, more than 10%.
program terminated!
2024-12-09 11:26:11,291 - /data/xuanliu7/devel/cv2_zj_DataPlatform_Toolchain/node_match_frame.py - INFO - Dealing with clip:20241206-14-51-19
2024-12-09 11:26:31,577 - /data/xuanliu7/devel/cv2_zj_DataPlatform_Toolchain/node_match_frame.py - WARNING - Skip current clip: 20241206-14-51-19
2024-12-09 11:26:31,577 - /data/xuanliu7/devel/cv2_zj_DataPlatform_Toolchain/node_match_frame.py - INFO - Dealing with clip:20241206-12-23-13
2024-12-09 11:26:37,048 - /data/xuanliu7/devel/cv2_zj_DataPlatform_Toolchain/node_match_frame.py - WARNING - Skip current clip: 20241206-12-23-13
2024-12-09 11:26:37,049 - /data/xuanliu7/devel/cv2_zj_DataPlatform_Toolchain/node_match_frame.py - INFO - Dealing with clip:20241206-14-40-52
2024-12-09 11:26:37,089 - /data/xuanliu7/devel/cv2_zj_DataPlatform_Toolchain/node_match_frame.py - WARNING - Skip current clip: 20241206-14-40-52
2024-12-09 11:26:37,089 - /data/xuanliu7/devel/cv2_zj_DataPlatform_Toolchain/node_match_frame.py - INFO - Dealing with clip:20241206-14-31-43
2024-12-09 11:26:37,129 - /data/xuanliu7/devel/cv2_zj_DataPlatform_Toolchain/node_match_frame.py - WARNING - Skip current clip: 20241206-14-31-43
2024-12-09 11:26:37,129 - /data/xuanliu7/devel/cv2_zj_DataPlatform_Toolchain/node_match_frame.py - INFO - Dealing with clip:20241206-14-52-23
2024-12-09 11:26:37,159 - /data/xuanliu7/devel/cv2_zj_DataPlatform_Toolchain/node_match_frame.py - WARNING - Skip current clip: 20241206-14-52-23
2024-12-09 11:26:37,159 - /data/xuanliu7/devel/cv2_zj_DataPlatform_Toolchain/node_match_frame.py - INFO - Dealing with clip:20241206-10-47-47
2024-12-09 11:26:37,198 - /data/xuanliu7/devel/cv2_zj_DataPlatform_Toolchain/node_match_frame.py - WARNING - Skip current clip: 20241206-10-47-47
2024-12-09 11:26:37,198 - /data/xuanliu7/devel/cv2_zj_DataPlatform_Toolchain/node_match_frame.py - INFO - Dealing with clip:20241206-12-24-45
2024-12-09 11:26:37,231 - /data/xuanliu7/devel/cv2_zj_DataPlatform_Toolchain/node_match_frame.py - WARNING - Skip current clip: 20241206-12-24-45
2024-12-09 11:26:37,232 - /data/xuanliu7/devel/cv2_zj_DataPlatform_Toolchain/node_match_frame.py - INFO - Dealing with clip:20241206-14-46-00
2024-12-09 11:26:37,264 - /data/xuanliu7/devel/cv2_zj_DataPlatform_Toolchain/node_match_frame.py - WARNING - Skip current clip: 20241206-14-46-00
2024-12-09 11:26:37,264 - /data/xuanliu7/devel/cv2_zj_DataPlatform_Toolchain/node_match_frame.py - INFO - Dealing with clip:20241206-10-50-59
2024-12-09 11:26:37,278 - /data/xuanliu7/devel/cv2_zj_DataPlatform_Toolchain/node_match_frame.py - WARNING - Skip current clip: 20241206-10-50-59
2024-12-09 11:26:37,278 - /data/xuanliu7/devel/cv2_zj_DataPlatform_Toolchain/node_match_frame.py - INFO - Dealing with clip:20241206-10-56-38
2024-12-09 11:26:37,291 - /data/xuanliu7/devel/cv2_zj_DataPlatform_Toolchain/node_match_frame.py - WARNING - Skip current clip: 20241206-10-56-38
2024-12-09 11:26:37,291 - /data/xuanliu7/devel/cv2_zj_DataPlatform_Toolchain/node_match_frame.py - INFO - Dealing with clip:20241206-10-39-36
2024-12-09 11:26:37,323 - /data/xuanliu7/devel/cv2_zj_DataPlatform_Toolchain/node_match_frame.py - WARNING - Skip current clip: 20241206-10-39-36
2024-12-09 11:26:37,323 - /data/xuanliu7/devel/cv2_zj_DataPlatform_Toolchain/node_match_frame.py - INFO - Dealing with clip:20241206-14-37-28
2024-12-09 11:26:37,474 - /data/xuanliu7/devel/cv2_zj_DataPlatform_Toolchain/node_match_frame.py - WARNING - Skip current clip: 20241206-14-37-28
2024-12-09 11:26:37,474 - /data/xuanliu7/devel/cv2_zj_DataPlatform_Toolchain/node_match_frame.py - INFO - Dealing with clip:20241206-10-42-45
2024-12-09 11:26:37,512 - /data/xuanliu7/devel/cv2_zj_DataPlatform_Toolchain/node_match_frame.py - WARNING - Skip current clip: 20241206-10-42-45
2024-12-09 11:26:37,513 - /data/xuanliu7/devel/cv2_zj_DataPlatform_Toolchain/node_match_frame.py - INFO - Dealing with clip:20241206-10-54-01
2024-12-09 11:26:37,667 - /data/xuanliu7/devel/cv2_zj_DataPlatform_Toolchain/node_match_frame.py - WARNING - Skip current clip: 20241206-10-54-01
2024-12-09 11:26:37,667 - /data/xuanliu7/devel/cv2_zj_DataPlatform_Toolchain/node_match_frame.py - INFO - Dealing with clip:20241206-14-20-45
2024-12-09 11:26:37,688 - /data/xuanliu7/devel/cv2_zj_DataPlatform_Toolchain/node_match_frame.py - WARNING - Skip current clip: 20241206-14-20-45
2024-12-09 11:26:37,689 - /data/xuanliu7/devel/cv2_zj_DataPlatform_Toolchain/node_match_frame.py - INFO - Dealing with clip:20241206-14-12-51
2024-12-09 11:26:37,740 - /data/xuanliu7/devel/cv2_zj_DataPlatform_Toolchain/node_match_frame.py - WARNING - Skip current clip: 20241206-14-12-51
2024-12-09 11:26:37,740 - /data/xuanliu7/devel/cv2_zj_DataPlatform_Toolchain/node_match_frame.py - INFO - Dealing with clip:20241206-14-49-23
2024-12-09 11:26:37,884 - /data/xuanliu7/devel/cv2_zj_DataPlatform_Toolchain/node_match_frame.py - WARNING - Skip current clip: 20241206-14-49-23
2024-12-09 11:26:37,884 - /data/xuanliu7/devel/cv2_zj_DataPlatform_Toolchain/node_match_frame.py - INFO - Dealing with clip:20241206-14-28-51
2024-12-09 11:26:37,938 - /data/xuanliu7/devel/cv2_zj_DataPlatform_Toolchain/node_match_frame.py - WARNING - Skip current clip: 20241206-14-28-51
2024-12-09 11:26:37,938 - /data/xuanliu7/devel/cv2_zj_DataPlatform_Toolchain/node_match_frame.py - INFO - Dealing with clip:20241206-11-00-44
2024-12-09 11:26:38,063 - /data/xuanliu7/devel/cv2_zj_DataPlatform_Toolchain/node_match_frame.py - WARNING - Skip current clip: 20241206-11-00-44
2024-12-09 11:26:38,064 - /data/xuanliu7/devel/cv2_zj_DataPlatform_Toolchain/node_match_frame.py - INFO - Dealing with clip:20241206-14-25-18
2024-12-09 11:26:38,153 - /data/xuanliu7/devel/cv2_zj_DataPlatform_Toolchain/node_match_frame.py - WARNING - Skip current clip: 20241206-14-25-18
2024-12-09 11:26:38,153 - /data/xuanliu7/devel/cv2_zj_DataPlatform_Toolchain/node_match_frame.py - INFO - Dealing with clip:20241206-14-26-09
2024-12-09 11:26:38,222 - /data/xuanliu7/devel/cv2_zj_DataPlatform_Toolchain/node_match_frame.py - WARNING - Skip current clip: 20241206-14-26-09
2024-12-09 11:26:38,222 - /data/xuanliu7/devel/cv2_zj_DataPlatform_Toolchain/node_match_frame.py - INFO - Dealing with clip:20241206-14-40-07
2024-12-09 11:26:38,244 - /data/xuanliu7/devel/cv2_zj_DataPlatform_Toolchain/node_match_frame.py - WARNING - Skip current clip: 20241206-14-40-07
2024-12-09 11:26:38,244 - /data/xuanliu7/devel/cv2_zj_DataPlatform_Toolchain/node_match_frame.py - INFO - Dealing with clip:20241206-11-05-49
2024-12-09 11:26:38,259 - /data/xuanliu7/devel/cv2_zj_DataPlatform_Toolchain/node_match_frame.py - WARNING - Skip current clip: 20241206-11-05-49
2024-12-09 11:26:38,259 - /data/xuanliu7/devel/cv2_zj_DataPlatform_Toolchain/node_match_frame.py - INFO - Dealing with clip:20241206-11-10-06
2024-12-09 11:26:38,288 - /data/xuanliu7/devel/cv2_zj_DataPlatform_Toolchain/node_match_frame.py - WARNING - Skip current clip: 20241206-11-10-06
2024-12-09 11:26:38,288 - /data/xuanliu7/devel/cv2_zj_DataPlatform_Toolchain/node_match_frame.py - INFO - Dealing with clip:20241206-14-14-36
2024-12-09 11:26:38,359 - /data/xuanliu7/devel/cv2_zj_DataPlatform_Toolchain/node_match_frame.py - WARNING - Skip current clip: 20241206-14-14-36
2024-12-09 11:26:38,359 - /data/xuanliu7/devel/cv2_zj_DataPlatform_Toolchain/node_match_frame.py - INFO - Dealing with clip:20241206-14-47-37
2024-12-09 11:26:38,403 - /data/xuanliu7/devel/cv2_zj_DataPlatform_Toolchain/node_match_frame.py - WARNING - Skip current clip: 20241206-14-47-37
2024-12-09 11:26:38,403 - /data/xuanliu7/devel/cv2_zj_DataPlatform_Toolchain/node_match_frame.py - ERROR - clip skip num:26, all clip num:26, clip skip rate:1.000, more than 10%.
program terminated!
2024-12-09 11:36:31,632 - /data/xuanliu7/devel/cv2_zj_DataPlatform_Toolchain/node_match_frame.py - INFO - Dealing with clip:20241206-14-51-19
2024-12-09 11:37:55,482 - /data/xuanliu7/devel/cv2_zj_DataPlatform_Toolchain/node_match_frame.py - INFO - Dealing with clip:20241206-14-51-19
2024-12-09 11:38:19,329 - /data/xuanliu7/devel/cv2_zj_DataPlatform_Toolchain/node_match_frame.py - INFO - Dealing with clip:20241206-14-51-19
2024-12-09 11:39:07,168 - /data/xuanliu7/devel/cv2_zj_DataPlatform_Toolchain/node_match_frame.py - INFO - Dealing with clip:20241206-14-51-19
2024-12-09 11:39:54,543 - /data/xuanliu7/devel/cv2_zj_DataPlatform_Toolchain/node_match_frame.py - WARNING - Skip current clip: 20241206-14-51-19
2024-12-09 11:39:54,543 - /data/xuanliu7/devel/cv2_zj_DataPlatform_Toolchain/node_match_frame.py - INFO - Dealing with clip:20241206-12-23-13
2024-12-09 11:59:30,489 - /data/xuanliu7/devel/cv2_zj_DataPlatform_Toolchain/node_match_frame.py - INFO - Dealing with clip:20241206-14-51-19
2024-12-09 12:02:09,753 - /data/xuanliu7/devel/cv2_zj_DataPlatform_Toolchain/node_match_frame.py - INFO - Dealing with clip:20241206-14-51-19
2024-12-09 13:44:18,470 - /data/xuanliu7/devel/cv2_zj_DataPlatform_Toolchain/node_match_frame.py - INFO - Dealing with clip:20241206-14-51-19
2024-12-09 13:44:33,193 - /data/xuanliu7/devel/cv2_zj_DataPlatform_Toolchain/node_match_frame.py - INFO - Dealing with clip:20241206-12-23-13
2024-12-09 13:44:39,679 - /data/xuanliu7/devel/cv2_zj_DataPlatform_Toolchain/node_match_frame.py - INFO - Dealing with clip:20241206-14-40-52
2024-12-09 13:44:49,718 - /data/xuanliu7/devel/cv2_zj_DataPlatform_Toolchain/node_match_frame.py - INFO - Dealing with clip:20241206-14-31-43
2024-12-09 13:44:58,336 - /data/xuanliu7/devel/cv2_zj_DataPlatform_Toolchain/node_match_frame.py - INFO - Dealing with clip:20241206-14-52-23
2024-12-09 13:45:04,905 - /data/xuanliu7/devel/cv2_zj_DataPlatform_Toolchain/node_match_frame.py - INFO - Dealing with clip:20241206-10-47-47
2024-12-09 13:45:12,885 - /data/xuanliu7/devel/cv2_zj_DataPlatform_Toolchain/node_match_frame.py - INFO - Dealing with clip:20241206-12-24-45
2024-12-09 13:45:20,636 - /data/xuanliu7/devel/cv2_zj_DataPlatform_Toolchain/node_match_frame.py - INFO - Dealing with clip:20241206-14-46-00
2024-12-09 13:45:28,693 - /data/xuanliu7/devel/cv2_zj_DataPlatform_Toolchain/node_match_frame.py - INFO - Dealing with clip:20241206-10-50-59
2024-12-09 13:45:30,196 - /data/xuanliu7/devel/cv2_zj_DataPlatform_Toolchain/node_match_frame.py - INFO - Dealing with clip:20241206-10-56-38
2024-12-09 13:45:31,670 - /data/xuanliu7/devel/cv2_zj_DataPlatform_Toolchain/node_match_frame.py - INFO - Dealing with clip:20241206-10-39-36
2024-12-09 13:45:39,834 - /data/xuanliu7/devel/cv2_zj_DataPlatform_Toolchain/node_match_frame.py - INFO - Dealing with clip:20241206-14-37-28
2024-12-09 13:45:52,101 - /data/xuanliu7/devel/cv2_zj_DataPlatform_Toolchain/node_match_frame.py - INFO - Dealing with clip:20241206-10-42-45
2024-12-09 13:45:55,302 - /data/xuanliu7/devel/cv2_zj_DataPlatform_Toolchain/node_match_frame.py - INFO - Dealing with clip:20241206-10-54-01
2024-12-09 13:46:02,441 - /data/xuanliu7/devel/cv2_zj_DataPlatform_Toolchain/node_match_frame.py - INFO - Dealing with clip:20241206-14-20-45
2024-12-09 13:46:03,620 - /data/xuanliu7/devel/cv2_zj_DataPlatform_Toolchain/node_match_frame.py - INFO - Dealing with clip:20241206-14-12-51
2024-12-09 13:46:10,565 - /data/xuanliu7/devel/cv2_zj_DataPlatform_Toolchain/node_match_frame.py - INFO - Dealing with clip:20241206-14-49-23
2024-12-09 13:46:16,620 - /data/xuanliu7/devel/cv2_zj_DataPlatform_Toolchain/node_match_frame.py - INFO - Dealing with clip:20241206-14-28-51
2024-12-09 13:46:20,559 - /data/xuanliu7/devel/cv2_zj_DataPlatform_Toolchain/node_match_frame.py - INFO - Dealing with clip:20241206-11-00-44
2024-12-09 13:46:28,751 - /data/xuanliu7/devel/cv2_zj_DataPlatform_Toolchain/node_match_frame.py - INFO - Dealing with clip:20241206-14-25-18
2024-12-09 13:46:33,055 - /data/xuanliu7/devel/cv2_zj_DataPlatform_Toolchain/node_match_frame.py - INFO - Dealing with clip:20241206-14-26-09
2024-12-09 13:46:38,716 - /data/xuanliu7/devel/cv2_zj_DataPlatform_Toolchain/node_match_frame.py - INFO - Dealing with clip:20241206-14-40-07
2024-12-09 13:46:41,615 - /data/xuanliu7/devel/cv2_zj_DataPlatform_Toolchain/node_match_frame.py - INFO - Dealing with clip:20241206-11-05-49
2024-12-09 13:46:42,495 - /data/xuanliu7/devel/cv2_zj_DataPlatform_Toolchain/node_match_frame.py - INFO - Dealing with clip:20241206-11-10-06
2024-12-09 13:46:43,719 - /data/xuanliu7/devel/cv2_zj_DataPlatform_Toolchain/node_match_frame.py - INFO - Dealing with clip:20241206-14-14-36
2024-12-09 13:46:45,754 - /data/xuanliu7/devel/cv2_zj_DataPlatform_Toolchain/node_match_frame.py - INFO - Dealing with clip:20241206-14-47-37
2024-12-09 13:46:52,681 - /data/xuanliu7/devel/cv2_zj_DataPlatform_Toolchain/node_match_frame.py - INFO - clip skip num:0, all clip num:26, clip skip rate:0.000, less than 10%.
program go on!
2024-12-09 13:48:07,746 - /data/xuanliu7/devel/cv2_zj_DataPlatform_Toolchain/node_match_frame.py - INFO - Dealing with clip:20241206-14-51-19
2024-12-09 13:48:30,823 - /data/xuanliu7/devel/cv2_zj_DataPlatform_Toolchain/node_match_frame.py - INFO - Dealing with clip:20241206-12-23-13
2024-12-09 13:48:32,128 - /data/xuanliu7/devel/cv2_zj_DataPlatform_Toolchain/node_match_frame.py - INFO - Dealing with clip:20241206-14-40-52
2024-12-09 13:48:34,448 - /data/xuanliu7/devel/cv2_zj_DataPlatform_Toolchain/node_match_frame.py - INFO - Dealing with clip:20241206-14-31-43
2024-12-09 13:48:36,241 - /data/xuanliu7/devel/cv2_zj_DataPlatform_Toolchain/node_match_frame.py - INFO - Dealing with clip:20241206-14-52-23
2024-12-09 13:48:37,686 - /data/xuanliu7/devel/cv2_zj_DataPlatform_Toolchain/node_match_frame.py - INFO - Dealing with clip:20241206-10-47-47
2024-12-09 13:48:39,464 - /data/xuanliu7/devel/cv2_zj_DataPlatform_Toolchain/node_match_frame.py - INFO - Dealing with clip:20241206-12-24-45
2024-12-09 13:48:41,384 - /data/xuanliu7/devel/cv2_zj_DataPlatform_Toolchain/node_match_frame.py - INFO - Dealing with clip:20241206-14-46-00
2024-12-09 13:48:43,258 - /data/xuanliu7/devel/cv2_zj_DataPlatform_Toolchain/node_match_frame.py - INFO - Dealing with clip:20241206-10-50-59
2024-12-09 13:48:43,678 - /data/xuanliu7/devel/cv2_zj_DataPlatform_Toolchain/node_match_frame.py - INFO - Dealing with clip:20241206-10-56-38
2024-12-09 13:48:43,995 - /data/xuanliu7/devel/cv2_zj_DataPlatform_Toolchain/node_match_frame.py - INFO - Dealing with clip:20241206-10-39-36
2024-12-09 13:48:45,758 - /data/xuanliu7/devel/cv2_zj_DataPlatform_Toolchain/node_match_frame.py - INFO - Dealing with clip:20241206-14-37-28
2024-12-09 13:48:48,689 - /data/xuanliu7/devel/cv2_zj_DataPlatform_Toolchain/node_match_frame.py - INFO - Dealing with clip:20241206-10-42-45
2024-12-09 13:48:49,612 - /data/xuanliu7/devel/cv2_zj_DataPlatform_Toolchain/node_match_frame.py - INFO - Dealing with clip:20241206-10-54-01
2024-12-09 13:48:51,355 - /data/xuanliu7/devel/cv2_zj_DataPlatform_Toolchain/node_match_frame.py - INFO - Dealing with clip:20241206-14-20-45
2024-12-09 13:48:51,790 - /data/xuanliu7/devel/cv2_zj_DataPlatform_Toolchain/node_match_frame.py - INFO - Dealing with clip:20241206-14-12-51
2024-12-09 13:48:53,328 - /data/xuanliu7/devel/cv2_zj_DataPlatform_Toolchain/node_match_frame.py - INFO - Dealing with clip:20241206-14-49-23
2024-12-09 13:48:54,644 - /data/xuanliu7/devel/cv2_zj_DataPlatform_Toolchain/node_match_frame.py - INFO - Dealing with clip:20241206-14-28-51
2024-12-09 13:48:55,557 - /data/xuanliu7/devel/cv2_zj_DataPlatform_Toolchain/node_match_frame.py - INFO - Dealing with clip:20241206-11-00-44
2024-12-09 13:48:57,403 - /data/xuanliu7/devel/cv2_zj_DataPlatform_Toolchain/node_match_frame.py - INFO - Dealing with clip:20241206-14-25-18
2024-12-09 13:48:58,485 - /data/xuanliu7/devel/cv2_zj_DataPlatform_Toolchain/node_match_frame.py - INFO - Dealing with clip:20241206-14-26-09
2024-12-09 13:48:59,799 - /data/xuanliu7/devel/cv2_zj_DataPlatform_Toolchain/node_match_frame.py - INFO - Dealing with clip:20241206-14-40-07
2024-12-09 13:49:00,522 - /data/xuanliu7/devel/cv2_zj_DataPlatform_Toolchain/node_match_frame.py - INFO - Dealing with clip:20241206-11-05-49
2024-12-09 13:49:00,808 - /data/xuanliu7/devel/cv2_zj_DataPlatform_Toolchain/node_match_frame.py - INFO - Dealing with clip:20241206-11-10-06
2024-12-09 13:49:01,102 - /data/xuanliu7/devel/cv2_zj_DataPlatform_Toolchain/node_match_frame.py - INFO - Dealing with clip:20241206-14-14-36
2024-12-09 13:49:01,614 - /data/xuanliu7/devel/cv2_zj_DataPlatform_Toolchain/node_match_frame.py - INFO - Dealing with clip:20241206-14-47-37
2024-12-09 13:49:03,287 - /data/xuanliu7/devel/cv2_zj_DataPlatform_Toolchain/node_match_frame.py - INFO - clip skip num:0, all clip num:26, clip skip rate:0.000, less than 10%.
program go on!
2024-12-10 15:11:17,248 - /data/xuanliu7/devel/cv2_zj_DataPlatform_Toolchain/node_match_frame.py - INFO - Dealing with clip:20241207-11-41-51
2024-12-10 15:15:10,568 - /data/xuanliu7/devel/cv2_zj_DataPlatform_Toolchain/node_match_frame.py - INFO - Dealing with clip:20241207-11-41-51
2024-12-10 15:23:19,870 - /data/xuanliu7/devel/cv2_zj_DataPlatform_Toolchain/node_match_frame.py - INFO - Dealing with clip:20241207-11-41-51
2024-12-10 15:23:22,412 - /data/xuanliu7/devel/cv2_zj_DataPlatform_Toolchain/node_match_frame.py - INFO - clip skip num:0, all clip num:1, clip skip rate:0.000, less than 10%.
program go on!
2024-12-10 17:21:00,229 - /data/xuanliu7/devel/cv2_zj_DataPlatform_Toolchain/node_match_frame.py - INFO - Dealing with clip:20241207-11-41-51
2024-12-12 14:35:53,599 - /data/xuanliu7/devel/cv2_zj_DataPlatform_Toolchain/node_match_frame.py - INFO - Dealing with clip:20241203-20-53-56
2024-12-12 16:35:28,878 - /data/xuanliu7/devel/cv2_zj_DataPlatform_Toolchain/node_match_frame.py - INFO - Dealing with clip:20241209-15-08-34
2024-12-12 16:35:29,480 - /data/xuanliu7/devel/cv2_zj_DataPlatform_Toolchain/node_match_frame.py - ERROR - Caught an exception of type KeyError: 'ofilm_around_front_190_3M'
Traceback (most recent call last):
  File "/data/xuanliu7/devel/cv2_zj_DataPlatform_Toolchain/node_match_frame.py", line 135, in main_match_frames
    match_frame_fdc(clip_path, cameras, calib_path)
  File "/data/xuanliu7/devel/cv2_zj_DataPlatform_Toolchain/python/match_frame_v2.py", line 481, in match_frame_fdc
    correct_images_ts(clip_path, clip_path, cams, car_meta)
  File "/data/xuanliu7/devel/cv2_zj_DataPlatform_Toolchain/python/match_frame.py", line 45, in correct_images_ts
    call_ifly(car_meta, output_root, cameras)
  File "/data/xuanliu7/devel/cv2_zj_DataPlatform_Toolchain/python/match_frame.py", line 30, in call_ifly
    base, n = offset_detail[cam]
KeyError: 'ofilm_around_front_190_3M'
2024-12-12 16:35:29,484 - /data/xuanliu7/devel/cv2_zj_DataPlatform_Toolchain/node_match_frame.py - INFO - Dealing with clip:20241209-19-28-48
2024-12-12 16:35:30,433 - /data/xuanliu7/devel/cv2_zj_DataPlatform_Toolchain/node_match_frame.py - ERROR - Caught an exception of type KeyError: 'ofilm_around_front_190_3M'
Traceback (most recent call last):
  File "/data/xuanliu7/devel/cv2_zj_DataPlatform_Toolchain/node_match_frame.py", line 135, in main_match_frames
    match_frame_fdc(clip_path, cameras, calib_path)
  File "/data/xuanliu7/devel/cv2_zj_DataPlatform_Toolchain/python/match_frame_v2.py", line 481, in match_frame_fdc
    correct_images_ts(clip_path, clip_path, cams, car_meta)
  File "/data/xuanliu7/devel/cv2_zj_DataPlatform_Toolchain/python/match_frame.py", line 45, in correct_images_ts
    call_ifly(car_meta, output_root, cameras)
  File "/data/xuanliu7/devel/cv2_zj_DataPlatform_Toolchain/python/match_frame.py", line 30, in call_ifly
    base, n = offset_detail[cam]
KeyError: 'ofilm_around_front_190_3M'
2024-12-12 16:35:30,436 - /data/xuanliu7/devel/cv2_zj_DataPlatform_Toolchain/node_match_frame.py - INFO - Dealing with clip:20241209-15-40-59
2024-12-12 16:35:30,981 - /data/xuanliu7/devel/cv2_zj_DataPlatform_Toolchain/node_match_frame.py - ERROR - Caught an exception of type KeyError: 'ofilm_around_front_190_3M'
Traceback (most recent call last):
  File "/data/xuanliu7/devel/cv2_zj_DataPlatform_Toolchain/node_match_frame.py", line 135, in main_match_frames
    match_frame_fdc(clip_path, cameras, calib_path)
  File "/data/xuanliu7/devel/cv2_zj_DataPlatform_Toolchain/python/match_frame_v2.py", line 481, in match_frame_fdc
    correct_images_ts(clip_path, clip_path, cams, car_meta)
  File "/data/xuanliu7/devel/cv2_zj_DataPlatform_Toolchain/python/match_frame.py", line 45, in correct_images_ts
    call_ifly(car_meta, output_root, cameras)
  File "/data/xuanliu7/devel/cv2_zj_DataPlatform_Toolchain/python/match_frame.py", line 30, in call_ifly
    base, n = offset_detail[cam]
KeyError: 'ofilm_around_front_190_3M'
2024-12-12 16:35:30,988 - /data/xuanliu7/devel/cv2_zj_DataPlatform_Toolchain/node_match_frame.py - INFO - Dealing with clip:20241209-10-47-24
2024-12-12 16:35:31,453 - /data/xuanliu7/devel/cv2_zj_DataPlatform_Toolchain/node_match_frame.py - ERROR - Caught an exception of type KeyError: 'ofilm_around_front_190_3M'
Traceback (most recent call last):
  File "/data/xuanliu7/devel/cv2_zj_DataPlatform_Toolchain/node_match_frame.py", line 135, in main_match_frames
    match_frame_fdc(clip_path, cameras, calib_path)
  File "/data/xuanliu7/devel/cv2_zj_DataPlatform_Toolchain/python/match_frame_v2.py", line 481, in match_frame_fdc
    correct_images_ts(clip_path, clip_path, cams, car_meta)
  File "/data/xuanliu7/devel/cv2_zj_DataPlatform_Toolchain/python/match_frame.py", line 45, in correct_images_ts
    call_ifly(car_meta, output_root, cameras)
  File "/data/xuanliu7/devel/cv2_zj_DataPlatform_Toolchain/python/match_frame.py", line 30, in call_ifly
    base, n = offset_detail[cam]
KeyError: 'ofilm_around_front_190_3M'
2024-12-12 16:35:31,456 - /data/xuanliu7/devel/cv2_zj_DataPlatform_Toolchain/node_match_frame.py - INFO - Dealing with clip:20241209-10-56-09
2024-12-12 16:35:31,671 - /data/xuanliu7/devel/cv2_zj_DataPlatform_Toolchain/node_match_frame.py - ERROR - Caught an exception of type KeyError: 'ofilm_around_front_190_3M'
Traceback (most recent call last):
  File "/data/xuanliu7/devel/cv2_zj_DataPlatform_Toolchain/node_match_frame.py", line 135, in main_match_frames
    match_frame_fdc(clip_path, cameras, calib_path)
  File "/data/xuanliu7/devel/cv2_zj_DataPlatform_Toolchain/python/match_frame_v2.py", line 481, in match_frame_fdc
    correct_images_ts(clip_path, clip_path, cams, car_meta)
  File "/data/xuanliu7/devel/cv2_zj_DataPlatform_Toolchain/python/match_frame.py", line 45, in correct_images_ts
    call_ifly(car_meta, output_root, cameras)
  File "/data/xuanliu7/devel/cv2_zj_DataPlatform_Toolchain/python/match_frame.py", line 30, in call_ifly
    base, n = offset_detail[cam]
KeyError: 'ofilm_around_front_190_3M'
2024-12-12 16:35:31,673 - /data/xuanliu7/devel/cv2_zj_DataPlatform_Toolchain/node_match_frame.py - INFO - Dealing with clip:20241209-15-28-15
2024-12-12 16:35:32,030 - /data/xuanliu7/devel/cv2_zj_DataPlatform_Toolchain/node_match_frame.py - ERROR - Caught an exception of type KeyError: 'ofilm_around_front_190_3M'
Traceback (most recent call last):
  File "/data/xuanliu7/devel/cv2_zj_DataPlatform_Toolchain/node_match_frame.py", line 135, in main_match_frames
    match_frame_fdc(clip_path, cameras, calib_path)
  File "/data/xuanliu7/devel/cv2_zj_DataPlatform_Toolchain/python/match_frame_v2.py", line 481, in match_frame_fdc
    correct_images_ts(clip_path, clip_path, cams, car_meta)
  File "/data/xuanliu7/devel/cv2_zj_DataPlatform_Toolchain/python/match_frame.py", line 45, in correct_images_ts
    call_ifly(car_meta, output_root, cameras)
  File "/data/xuanliu7/devel/cv2_zj_DataPlatform_Toolchain/python/match_frame.py", line 30, in call_ifly
    base, n = offset_detail[cam]
KeyError: 'ofilm_around_front_190_3M'
2024-12-12 16:35:32,032 - /data/xuanliu7/devel/cv2_zj_DataPlatform_Toolchain/node_match_frame.py - INFO - Dealing with clip:20241209-19-32-03
2024-12-12 16:35:32,241 - /data/xuanliu7/devel/cv2_zj_DataPlatform_Toolchain/node_match_frame.py - ERROR - Caught an exception of type KeyError: 'ofilm_around_front_190_3M'
Traceback (most recent call last):
  File "/data/xuanliu7/devel/cv2_zj_DataPlatform_Toolchain/node_match_frame.py", line 135, in main_match_frames
    match_frame_fdc(clip_path, cameras, calib_path)
  File "/data/xuanliu7/devel/cv2_zj_DataPlatform_Toolchain/python/match_frame_v2.py", line 481, in match_frame_fdc
    correct_images_ts(clip_path, clip_path, cams, car_meta)
  File "/data/xuanliu7/devel/cv2_zj_DataPlatform_Toolchain/python/match_frame.py", line 45, in correct_images_ts
    call_ifly(car_meta, output_root, cameras)
  File "/data/xuanliu7/devel/cv2_zj_DataPlatform_Toolchain/python/match_frame.py", line 30, in call_ifly
    base, n = offset_detail[cam]
KeyError: 'ofilm_around_front_190_3M'
2024-12-12 16:35:32,243 - /data/xuanliu7/devel/cv2_zj_DataPlatform_Toolchain/node_match_frame.py - INFO - Dealing with clip:20241209-15-32-51
2024-12-12 16:35:32,423 - /data/xuanliu7/devel/cv2_zj_DataPlatform_Toolchain/node_match_frame.py - ERROR - Caught an exception of type KeyError: 'ofilm_around_front_190_3M'
Traceback (most recent call last):
  File "/data/xuanliu7/devel/cv2_zj_DataPlatform_Toolchain/node_match_frame.py", line 135, in main_match_frames
    match_frame_fdc(clip_path, cameras, calib_path)
  File "/data/xuanliu7/devel/cv2_zj_DataPlatform_Toolchain/python/match_frame_v2.py", line 481, in match_frame_fdc
    correct_images_ts(clip_path, clip_path, cams, car_meta)
  File "/data/xuanliu7/devel/cv2_zj_DataPlatform_Toolchain/python/match_frame.py", line 45, in correct_images_ts
    call_ifly(car_meta, output_root, cameras)
  File "/data/xuanliu7/devel/cv2_zj_DataPlatform_Toolchain/python/match_frame.py", line 30, in call_ifly
    base, n = offset_detail[cam]
KeyError: 'ofilm_around_front_190_3M'
2024-12-12 16:35:32,425 - /data/xuanliu7/devel/cv2_zj_DataPlatform_Toolchain/node_match_frame.py - INFO - Dealing with clip:20241209-15-25-34
2024-12-12 16:35:32,610 - /data/xuanliu7/devel/cv2_zj_DataPlatform_Toolchain/node_match_frame.py - ERROR - Caught an exception of type KeyError: 'ofilm_around_front_190_3M'
Traceback (most recent call last):
  File "/data/xuanliu7/devel/cv2_zj_DataPlatform_Toolchain/node_match_frame.py", line 135, in main_match_frames
    match_frame_fdc(clip_path, cameras, calib_path)
  File "/data/xuanliu7/devel/cv2_zj_DataPlatform_Toolchain/python/match_frame_v2.py", line 481, in match_frame_fdc
    correct_images_ts(clip_path, clip_path, cams, car_meta)
  File "/data/xuanliu7/devel/cv2_zj_DataPlatform_Toolchain/python/match_frame.py", line 45, in correct_images_ts
    call_ifly(car_meta, output_root, cameras)
  File "/data/xuanliu7/devel/cv2_zj_DataPlatform_Toolchain/python/match_frame.py", line 30, in call_ifly
    base, n = offset_detail[cam]
KeyError: 'ofilm_around_front_190_3M'
2024-12-12 16:35:32,611 - /data/xuanliu7/devel/cv2_zj_DataPlatform_Toolchain/node_match_frame.py - INFO - Dealing with clip:20241209-15-45-02
2024-12-12 16:35:32,901 - /data/xuanliu7/devel/cv2_zj_DataPlatform_Toolchain/node_match_frame.py - ERROR - Caught an exception of type KeyError: 'ofilm_around_front_190_3M'
Traceback (most recent call last):
  File "/data/xuanliu7/devel/cv2_zj_DataPlatform_Toolchain/node_match_frame.py", line 135, in main_match_frames
    match_frame_fdc(clip_path, cameras, calib_path)
  File "/data/xuanliu7/devel/cv2_zj_DataPlatform_Toolchain/python/match_frame_v2.py", line 481, in match_frame_fdc
    correct_images_ts(clip_path, clip_path, cams, car_meta)
  File "/data/xuanliu7/devel/cv2_zj_DataPlatform_Toolchain/python/match_frame.py", line 45, in correct_images_ts
    call_ifly(car_meta, output_root, cameras)
  File "/data/xuanliu7/devel/cv2_zj_DataPlatform_Toolchain/python/match_frame.py", line 30, in call_ifly
    base, n = offset_detail[cam]
KeyError: 'ofilm_around_front_190_3M'
2024-12-12 16:35:32,903 - /data/xuanliu7/devel/cv2_zj_DataPlatform_Toolchain/node_match_frame.py - INFO - Dealing with clip:20241209-16-27-12
2024-12-12 16:35:33,317 - /data/xuanliu7/devel/cv2_zj_DataPlatform_Toolchain/node_match_frame.py - ERROR - Caught an exception of type KeyError: 'ofilm_around_front_190_3M'
Traceback (most recent call last):
  File "/data/xuanliu7/devel/cv2_zj_DataPlatform_Toolchain/node_match_frame.py", line 135, in main_match_frames
    match_frame_fdc(clip_path, cameras, calib_path)
  File "/data/xuanliu7/devel/cv2_zj_DataPlatform_Toolchain/python/match_frame_v2.py", line 481, in match_frame_fdc
    correct_images_ts(clip_path, clip_path, cams, car_meta)
  File "/data/xuanliu7/devel/cv2_zj_DataPlatform_Toolchain/python/match_frame.py", line 45, in correct_images_ts
    call_ifly(car_meta, output_root, cameras)
  File "/data/xuanliu7/devel/cv2_zj_DataPlatform_Toolchain/python/match_frame.py", line 30, in call_ifly
    base, n = offset_detail[cam]
KeyError: 'ofilm_around_front_190_3M'
2024-12-12 16:35:33,319 - /data/xuanliu7/devel/cv2_zj_DataPlatform_Toolchain/node_match_frame.py - INFO - Dealing with clip:20241209-11-14-45
2024-12-12 16:35:33,715 - /data/xuanliu7/devel/cv2_zj_DataPlatform_Toolchain/node_match_frame.py - ERROR - Caught an exception of type KeyError: 'ofilm_around_front_190_3M'
Traceback (most recent call last):
  File "/data/xuanliu7/devel/cv2_zj_DataPlatform_Toolchain/node_match_frame.py", line 135, in main_match_frames
    match_frame_fdc(clip_path, cameras, calib_path)
  File "/data/xuanliu7/devel/cv2_zj_DataPlatform_Toolchain/python/match_frame_v2.py", line 481, in match_frame_fdc
    correct_images_ts(clip_path, clip_path, cams, car_meta)
  File "/data/xuanliu7/devel/cv2_zj_DataPlatform_Toolchain/python/match_frame.py", line 45, in correct_images_ts
    call_ifly(car_meta, output_root, cameras)
  File "/data/xuanliu7/devel/cv2_zj_DataPlatform_Toolchain/python/match_frame.py", line 30, in call_ifly
    base, n = offset_detail[cam]
KeyError: 'ofilm_around_front_190_3M'
2024-12-12 16:35:33,717 - /data/xuanliu7/devel/cv2_zj_DataPlatform_Toolchain/node_match_frame.py - INFO - Dealing with clip:20241209-15-04-30
2024-12-12 16:35:33,872 - /data/xuanliu7/devel/cv2_zj_DataPlatform_Toolchain/node_match_frame.py - ERROR - Caught an exception of type KeyError: 'ofilm_around_front_190_3M'
Traceback (most recent call last):
  File "/data/xuanliu7/devel/cv2_zj_DataPlatform_Toolchain/node_match_frame.py", line 135, in main_match_frames
    match_frame_fdc(clip_path, cameras, calib_path)
  File "/data/xuanliu7/devel/cv2_zj_DataPlatform_Toolchain/python/match_frame_v2.py", line 481, in match_frame_fdc
    correct_images_ts(clip_path, clip_path, cams, car_meta)
  File "/data/xuanliu7/devel/cv2_zj_DataPlatform_Toolchain/python/match_frame.py", line 45, in correct_images_ts
    call_ifly(car_meta, output_root, cameras)
  File "/data/xuanliu7/devel/cv2_zj_DataPlatform_Toolchain/python/match_frame.py", line 30, in call_ifly
    base, n = offset_detail[cam]
KeyError: 'ofilm_around_front_190_3M'
2024-12-12 16:35:33,873 - /data/xuanliu7/devel/cv2_zj_DataPlatform_Toolchain/node_match_frame.py - INFO - Dealing with clip:20241209-16-50-23
2024-12-12 16:35:34,027 - /data/xuanliu7/devel/cv2_zj_DataPlatform_Toolchain/node_match_frame.py - ERROR - Caught an exception of type KeyError: 'ofilm_around_front_190_3M'
Traceback (most recent call last):
  File "/data/xuanliu7/devel/cv2_zj_DataPlatform_Toolchain/node_match_frame.py", line 135, in main_match_frames
    match_frame_fdc(clip_path, cameras, calib_path)
  File "/data/xuanliu7/devel/cv2_zj_DataPlatform_Toolchain/python/match_frame_v2.py", line 481, in match_frame_fdc
    correct_images_ts(clip_path, clip_path, cams, car_meta)
  File "/data/xuanliu7/devel/cv2_zj_DataPlatform_Toolchain/python/match_frame.py", line 45, in correct_images_ts
    call_ifly(car_meta, output_root, cameras)
  File "/data/xuanliu7/devel/cv2_zj_DataPlatform_Toolchain/python/match_frame.py", line 30, in call_ifly
    base, n = offset_detail[cam]
KeyError: 'ofilm_around_front_190_3M'
2024-12-12 16:35:34,029 - /data/xuanliu7/devel/cv2_zj_DataPlatform_Toolchain/node_match_frame.py - INFO - Dealing with clip:20241209-14-52-31
2024-12-12 16:35:34,369 - /data/xuanliu7/devel/cv2_zj_DataPlatform_Toolchain/node_match_frame.py - ERROR - Caught an exception of type KeyError: 'ofilm_around_front_190_3M'
Traceback (most recent call last):
  File "/data/xuanliu7/devel/cv2_zj_DataPlatform_Toolchain/node_match_frame.py", line 135, in main_match_frames
    match_frame_fdc(clip_path, cameras, calib_path)
  File "/data/xuanliu7/devel/cv2_zj_DataPlatform_Toolchain/python/match_frame_v2.py", line 481, in match_frame_fdc
    correct_images_ts(clip_path, clip_path, cams, car_meta)
  File "/data/xuanliu7/devel/cv2_zj_DataPlatform_Toolchain/python/match_frame.py", line 45, in correct_images_ts
    call_ifly(car_meta, output_root, cameras)
  File "/data/xuanliu7/devel/cv2_zj_DataPlatform_Toolchain/python/match_frame.py", line 30, in call_ifly
    base, n = offset_detail[cam]
KeyError: 'ofilm_around_front_190_3M'
2024-12-12 16:35:34,373 - /data/xuanliu7/devel/cv2_zj_DataPlatform_Toolchain/node_match_frame.py - INFO - Dealing with clip:20241209-19-39-44
2024-12-12 16:35:34,645 - /data/xuanliu7/devel/cv2_zj_DataPlatform_Toolchain/node_match_frame.py - ERROR - Caught an exception of type KeyError: 'ofilm_around_front_190_3M'
Traceback (most recent call last):
  File "/data/xuanliu7/devel/cv2_zj_DataPlatform_Toolchain/node_match_frame.py", line 135, in main_match_frames
    match_frame_fdc(clip_path, cameras, calib_path)
  File "/data/xuanliu7/devel/cv2_zj_DataPlatform_Toolchain/python/match_frame_v2.py", line 481, in match_frame_fdc
    correct_images_ts(clip_path, clip_path, cams, car_meta)
  File "/data/xuanliu7/devel/cv2_zj_DataPlatform_Toolchain/python/match_frame.py", line 45, in correct_images_ts
    call_ifly(car_meta, output_root, cameras)
  File "/data/xuanliu7/devel/cv2_zj_DataPlatform_Toolchain/python/match_frame.py", line 30, in call_ifly
    base, n = offset_detail[cam]
KeyError: 'ofilm_around_front_190_3M'
2024-12-12 16:35:34,647 - /data/xuanliu7/devel/cv2_zj_DataPlatform_Toolchain/node_match_frame.py - INFO - Dealing with clip:20241209-10-58-37
2024-12-12 16:35:34,875 - /data/xuanliu7/devel/cv2_zj_DataPlatform_Toolchain/node_match_frame.py - ERROR - Caught an exception of type KeyError: 'ofilm_around_front_190_3M'
Traceback (most recent call last):
  File "/data/xuanliu7/devel/cv2_zj_DataPlatform_Toolchain/node_match_frame.py", line 135, in main_match_frames
    match_frame_fdc(clip_path, cameras, calib_path)
  File "/data/xuanliu7/devel/cv2_zj_DataPlatform_Toolchain/python/match_frame_v2.py", line 481, in match_frame_fdc
    correct_images_ts(clip_path, clip_path, cams, car_meta)
  File "/data/xuanliu7/devel/cv2_zj_DataPlatform_Toolchain/python/match_frame.py", line 45, in correct_images_ts
    call_ifly(car_meta, output_root, cameras)
  File "/data/xuanliu7/devel/cv2_zj_DataPlatform_Toolchain/python/match_frame.py", line 30, in call_ifly
    base, n = offset_detail[cam]
KeyError: 'ofilm_around_front_190_3M'
2024-12-12 16:35:34,878 - /data/xuanliu7/devel/cv2_zj_DataPlatform_Toolchain/node_match_frame.py - INFO - Dealing with clip:20241209-15-01-19
2024-12-12 16:35:34,964 - /data/xuanliu7/devel/cv2_zj_DataPlatform_Toolchain/node_match_frame.py - ERROR - Caught an exception of type KeyError: 'ofilm_around_front_190_3M'
Traceback (most recent call last):
  File "/data/xuanliu7/devel/cv2_zj_DataPlatform_Toolchain/node_match_frame.py", line 135, in main_match_frames
    match_frame_fdc(clip_path, cameras, calib_path)
  File "/data/xuanliu7/devel/cv2_zj_DataPlatform_Toolchain/python/match_frame_v2.py", line 481, in match_frame_fdc
    correct_images_ts(clip_path, clip_path, cams, car_meta)
  File "/data/xuanliu7/devel/cv2_zj_DataPlatform_Toolchain/python/match_frame.py", line 45, in correct_images_ts
    call_ifly(car_meta, output_root, cameras)
  File "/data/xuanliu7/devel/cv2_zj_DataPlatform_Toolchain/python/match_frame.py", line 30, in call_ifly
    base, n = offset_detail[cam]
KeyError: 'ofilm_around_front_190_3M'
2024-12-12 16:35:34,966 - /data/xuanliu7/devel/cv2_zj_DataPlatform_Toolchain/node_match_frame.py - INFO - Dealing with clip:20241209-17-27-34
2024-12-12 16:35:35,183 - /data/xuanliu7/devel/cv2_zj_DataPlatform_Toolchain/node_match_frame.py - ERROR - Caught an exception of type KeyError: 'ofilm_around_front_190_3M'
Traceback (most recent call last):
  File "/data/xuanliu7/devel/cv2_zj_DataPlatform_Toolchain/node_match_frame.py", line 135, in main_match_frames
    match_frame_fdc(clip_path, cameras, calib_path)
  File "/data/xuanliu7/devel/cv2_zj_DataPlatform_Toolchain/python/match_frame_v2.py", line 481, in match_frame_fdc
    correct_images_ts(clip_path, clip_path, cams, car_meta)
  File "/data/xuanliu7/devel/cv2_zj_DataPlatform_Toolchain/python/match_frame.py", line 45, in correct_images_ts
    call_ifly(car_meta, output_root, cameras)
  File "/data/xuanliu7/devel/cv2_zj_DataPlatform_Toolchain/python/match_frame.py", line 30, in call_ifly
    base, n = offset_detail[cam]
KeyError: 'ofilm_around_front_190_3M'
2024-12-12 16:35:35,185 - /data/xuanliu7/devel/cv2_zj_DataPlatform_Toolchain/node_match_frame.py - INFO - Dealing with clip:20241209-14-57-51
2024-12-12 16:35:35,285 - /data/xuanliu7/devel/cv2_zj_DataPlatform_Toolchain/node_match_frame.py - ERROR - Caught an exception of type KeyError: 'ofilm_around_front_190_3M'
Traceback (most recent call last):
  File "/data/xuanliu7/devel/cv2_zj_DataPlatform_Toolchain/node_match_frame.py", line 135, in main_match_frames
    match_frame_fdc(clip_path, cameras, calib_path)
  File "/data/xuanliu7/devel/cv2_zj_DataPlatform_Toolchain/python/match_frame_v2.py", line 481, in match_frame_fdc
    correct_images_ts(clip_path, clip_path, cams, car_meta)
  File "/data/xuanliu7/devel/cv2_zj_DataPlatform_Toolchain/python/match_frame.py", line 45, in correct_images_ts
    call_ifly(car_meta, output_root, cameras)
  File "/data/xuanliu7/devel/cv2_zj_DataPlatform_Toolchain/python/match_frame.py", line 30, in call_ifly
    base, n = offset_detail[cam]
KeyError: 'ofilm_around_front_190_3M'
2024-12-12 16:35:35,287 - /data/xuanliu7/devel/cv2_zj_DataPlatform_Toolchain/node_match_frame.py - INFO - Dealing with clip:20241209-11-17-04
2024-12-12 16:35:35,532 - /data/xuanliu7/devel/cv2_zj_DataPlatform_Toolchain/node_match_frame.py - ERROR - Caught an exception of type KeyError: 'ofilm_around_front_190_3M'
Traceback (most recent call last):
  File "/data/xuanliu7/devel/cv2_zj_DataPlatform_Toolchain/node_match_frame.py", line 135, in main_match_frames
    match_frame_fdc(clip_path, cameras, calib_path)
  File "/data/xuanliu7/devel/cv2_zj_DataPlatform_Toolchain/python/match_frame_v2.py", line 481, in match_frame_fdc
    correct_images_ts(clip_path, clip_path, cams, car_meta)
  File "/data/xuanliu7/devel/cv2_zj_DataPlatform_Toolchain/python/match_frame.py", line 45, in correct_images_ts
    call_ifly(car_meta, output_root, cameras)
  File "/data/xuanliu7/devel/cv2_zj_DataPlatform_Toolchain/python/match_frame.py", line 30, in call_ifly
    base, n = offset_detail[cam]
KeyError: 'ofilm_around_front_190_3M'
2024-12-12 16:35:35,535 - /data/xuanliu7/devel/cv2_zj_DataPlatform_Toolchain/node_match_frame.py - INFO - Dealing with clip:20241209-15-20-53
2024-12-12 16:35:36,379 - /data/xuanliu7/devel/cv2_zj_DataPlatform_Toolchain/node_match_frame.py - ERROR - Caught an exception of type KeyError: 'ofilm_around_front_190_3M'
Traceback (most recent call last):
  File "/data/xuanliu7/devel/cv2_zj_DataPlatform_Toolchain/node_match_frame.py", line 135, in main_match_frames
    match_frame_fdc(clip_path, cameras, calib_path)
  File "/data/xuanliu7/devel/cv2_zj_DataPlatform_Toolchain/python/match_frame_v2.py", line 481, in match_frame_fdc
    correct_images_ts(clip_path, clip_path, cams, car_meta)
  File "/data/xuanliu7/devel/cv2_zj_DataPlatform_Toolchain/python/match_frame.py", line 45, in correct_images_ts
    call_ifly(car_meta, output_root, cameras)
  File "/data/xuanliu7/devel/cv2_zj_DataPlatform_Toolchain/python/match_frame.py", line 30, in call_ifly
    base, n = offset_detail[cam]
KeyError: 'ofilm_around_front_190_3M'
2024-12-12 16:35:36,383 - /data/xuanliu7/devel/cv2_zj_DataPlatform_Toolchain/node_match_frame.py - INFO - Dealing with clip:20241209-15-15-01
2024-12-12 16:35:36,595 - /data/xuanliu7/devel/cv2_zj_DataPlatform_Toolchain/node_match_frame.py - ERROR - Caught an exception of type KeyError: 'ofilm_around_front_190_3M'
Traceback (most recent call last):
  File "/data/xuanliu7/devel/cv2_zj_DataPlatform_Toolchain/node_match_frame.py", line 135, in main_match_frames
    match_frame_fdc(clip_path, cameras, calib_path)
  File "/data/xuanliu7/devel/cv2_zj_DataPlatform_Toolchain/python/match_frame_v2.py", line 481, in match_frame_fdc
    correct_images_ts(clip_path, clip_path, cams, car_meta)
  File "/data/xuanliu7/devel/cv2_zj_DataPlatform_Toolchain/python/match_frame.py", line 45, in correct_images_ts
    call_ifly(car_meta, output_root, cameras)
  File "/data/xuanliu7/devel/cv2_zj_DataPlatform_Toolchain/python/match_frame.py", line 30, in call_ifly
    base, n = offset_detail[cam]
KeyError: 'ofilm_around_front_190_3M'
2024-12-12 16:35:36,597 - /data/xuanliu7/devel/cv2_zj_DataPlatform_Toolchain/node_match_frame.py - INFO - Dealing with clip:20241209-19-36-55
2024-12-12 16:35:36,938 - /data/xuanliu7/devel/cv2_zj_DataPlatform_Toolchain/node_match_frame.py - ERROR - Caught an exception of type KeyError: 'ofilm_around_front_190_3M'
Traceback (most recent call last):
  File "/data/xuanliu7/devel/cv2_zj_DataPlatform_Toolchain/node_match_frame.py", line 135, in main_match_frames
    match_frame_fdc(clip_path, cameras, calib_path)
  File "/data/xuanliu7/devel/cv2_zj_DataPlatform_Toolchain/python/match_frame_v2.py", line 481, in match_frame_fdc
    correct_images_ts(clip_path, clip_path, cams, car_meta)
  File "/data/xuanliu7/devel/cv2_zj_DataPlatform_Toolchain/python/match_frame.py", line 45, in correct_images_ts
    call_ifly(car_meta, output_root, cameras)
  File "/data/xuanliu7/devel/cv2_zj_DataPlatform_Toolchain/python/match_frame.py", line 30, in call_ifly
    base, n = offset_detail[cam]
KeyError: 'ofilm_around_front_190_3M'
2024-12-12 16:35:36,940 - /data/xuanliu7/devel/cv2_zj_DataPlatform_Toolchain/node_match_frame.py - INFO - Dealing with clip:20241209-15-12-54
2024-12-12 16:35:37,165 - /data/xuanliu7/devel/cv2_zj_DataPlatform_Toolchain/node_match_frame.py - ERROR - Caught an exception of type KeyError: 'ofilm_around_front_190_3M'
Traceback (most recent call last):
  File "/data/xuanliu7/devel/cv2_zj_DataPlatform_Toolchain/node_match_frame.py", line 135, in main_match_frames
    match_frame_fdc(clip_path, cameras, calib_path)
  File "/data/xuanliu7/devel/cv2_zj_DataPlatform_Toolchain/python/match_frame_v2.py", line 481, in match_frame_fdc
    correct_images_ts(clip_path, clip_path, cams, car_meta)
  File "/data/xuanliu7/devel/cv2_zj_DataPlatform_Toolchain/python/match_frame.py", line 45, in correct_images_ts
    call_ifly(car_meta, output_root, cameras)
  File "/data/xuanliu7/devel/cv2_zj_DataPlatform_Toolchain/python/match_frame.py", line 30, in call_ifly
    base, n = offset_detail[cam]
KeyError: 'ofilm_around_front_190_3M'
2024-12-12 16:35:37,168 - /data/xuanliu7/devel/cv2_zj_DataPlatform_Toolchain/node_match_frame.py - INFO - Dealing with clip:20241209-14-38-08
2024-12-12 16:35:37,322 - /data/xuanliu7/devel/cv2_zj_DataPlatform_Toolchain/node_match_frame.py - ERROR - Caught an exception of type KeyError: 'ofilm_around_front_190_3M'
Traceback (most recent call last):
  File "/data/xuanliu7/devel/cv2_zj_DataPlatform_Toolchain/node_match_frame.py", line 135, in main_match_frames
    match_frame_fdc(clip_path, cameras, calib_path)
  File "/data/xuanliu7/devel/cv2_zj_DataPlatform_Toolchain/python/match_frame_v2.py", line 481, in match_frame_fdc
    correct_images_ts(clip_path, clip_path, cams, car_meta)
  File "/data/xuanliu7/devel/cv2_zj_DataPlatform_Toolchain/python/match_frame.py", line 45, in correct_images_ts
    call_ifly(car_meta, output_root, cameras)
  File "/data/xuanliu7/devel/cv2_zj_DataPlatform_Toolchain/python/match_frame.py", line 30, in call_ifly
    base, n = offset_detail[cam]
KeyError: 'ofilm_around_front_190_3M'
2024-12-12 16:35:37,324 - /data/xuanliu7/devel/cv2_zj_DataPlatform_Toolchain/node_match_frame.py - INFO - Dealing with clip:20241209-17-24-16
2024-12-12 16:35:37,574 - /data/xuanliu7/devel/cv2_zj_DataPlatform_Toolchain/node_match_frame.py - ERROR - Caught an exception of type KeyError: 'ofilm_around_front_190_3M'
Traceback (most recent call last):
  File "/data/xuanliu7/devel/cv2_zj_DataPlatform_Toolchain/node_match_frame.py", line 135, in main_match_frames
    match_frame_fdc(clip_path, cameras, calib_path)
  File "/data/xuanliu7/devel/cv2_zj_DataPlatform_Toolchain/python/match_frame_v2.py", line 481, in match_frame_fdc
    correct_images_ts(clip_path, clip_path, cams, car_meta)
  File "/data/xuanliu7/devel/cv2_zj_DataPlatform_Toolchain/python/match_frame.py", line 45, in correct_images_ts
    call_ifly(car_meta, output_root, cameras)
  File "/data/xuanliu7/devel/cv2_zj_DataPlatform_Toolchain/python/match_frame.py", line 30, in call_ifly
    base, n = offset_detail[cam]
KeyError: 'ofilm_around_front_190_3M'
2024-12-12 16:35:37,577 - /data/xuanliu7/devel/cv2_zj_DataPlatform_Toolchain/node_match_frame.py - INFO - Dealing with clip:20241209-10-49-47
2024-12-12 16:35:37,841 - /data/xuanliu7/devel/cv2_zj_DataPlatform_Toolchain/node_match_frame.py - ERROR - Caught an exception of type KeyError: 'ofilm_around_front_190_3M'
Traceback (most recent call last):
  File "/data/xuanliu7/devel/cv2_zj_DataPlatform_Toolchain/node_match_frame.py", line 135, in main_match_frames
    match_frame_fdc(clip_path, cameras, calib_path)
  File "/data/xuanliu7/devel/cv2_zj_DataPlatform_Toolchain/python/match_frame_v2.py", line 481, in match_frame_fdc
    correct_images_ts(clip_path, clip_path, cams, car_meta)
  File "/data/xuanliu7/devel/cv2_zj_DataPlatform_Toolchain/python/match_frame.py", line 45, in correct_images_ts
    call_ifly(car_meta, output_root, cameras)
  File "/data/xuanliu7/devel/cv2_zj_DataPlatform_Toolchain/python/match_frame.py", line 30, in call_ifly
    base, n = offset_detail[cam]
KeyError: 'ofilm_around_front_190_3M'
2024-12-12 16:35:37,847 - /data/xuanliu7/devel/cv2_zj_DataPlatform_Toolchain/node_match_frame.py - INFO - Dealing with clip:20241209-16-22-52
2024-12-12 16:35:38,202 - /data/xuanliu7/devel/cv2_zj_DataPlatform_Toolchain/node_match_frame.py - ERROR - Caught an exception of type KeyError: 'ofilm_around_front_190_3M'
Traceback (most recent call last):
  File "/data/xuanliu7/devel/cv2_zj_DataPlatform_Toolchain/node_match_frame.py", line 135, in main_match_frames
    match_frame_fdc(clip_path, cameras, calib_path)
  File "/data/xuanliu7/devel/cv2_zj_DataPlatform_Toolchain/python/match_frame_v2.py", line 481, in match_frame_fdc
    correct_images_ts(clip_path, clip_path, cams, car_meta)
  File "/data/xuanliu7/devel/cv2_zj_DataPlatform_Toolchain/python/match_frame.py", line 45, in correct_images_ts
    call_ifly(car_meta, output_root, cameras)
  File "/data/xuanliu7/devel/cv2_zj_DataPlatform_Toolchain/python/match_frame.py", line 30, in call_ifly
    base, n = offset_detail[cam]
KeyError: 'ofilm_around_front_190_3M'
2024-12-12 16:35:38,205 - /data/xuanliu7/devel/cv2_zj_DataPlatform_Toolchain/node_match_frame.py - INFO - Dealing with clip:20241209-11-12-25
2024-12-12 16:35:38,519 - /data/xuanliu7/devel/cv2_zj_DataPlatform_Toolchain/node_match_frame.py - ERROR - Caught an exception of type KeyError: 'ofilm_around_front_190_3M'
Traceback (most recent call last):
  File "/data/xuanliu7/devel/cv2_zj_DataPlatform_Toolchain/node_match_frame.py", line 135, in main_match_frames
    match_frame_fdc(clip_path, cameras, calib_path)
  File "/data/xuanliu7/devel/cv2_zj_DataPlatform_Toolchain/python/match_frame_v2.py", line 481, in match_frame_fdc
    correct_images_ts(clip_path, clip_path, cams, car_meta)
  File "/data/xuanliu7/devel/cv2_zj_DataPlatform_Toolchain/python/match_frame.py", line 45, in correct_images_ts
    call_ifly(car_meta, output_root, cameras)
  File "/data/xuanliu7/devel/cv2_zj_DataPlatform_Toolchain/python/match_frame.py", line 30, in call_ifly
    base, n = offset_detail[cam]
KeyError: 'ofilm_around_front_190_3M'
2024-12-12 16:35:38,521 - /data/xuanliu7/devel/cv2_zj_DataPlatform_Toolchain/node_match_frame.py - INFO - Dealing with clip:20241209-15-48-50
2024-12-12 16:35:38,912 - /data/xuanliu7/devel/cv2_zj_DataPlatform_Toolchain/node_match_frame.py - ERROR - Caught an exception of type KeyError: 'ofilm_around_front_190_3M'
Traceback (most recent call last):
  File "/data/xuanliu7/devel/cv2_zj_DataPlatform_Toolchain/node_match_frame.py", line 135, in main_match_frames
    match_frame_fdc(clip_path, cameras, calib_path)
  File "/data/xuanliu7/devel/cv2_zj_DataPlatform_Toolchain/python/match_frame_v2.py", line 481, in match_frame_fdc
    correct_images_ts(clip_path, clip_path, cams, car_meta)
  File "/data/xuanliu7/devel/cv2_zj_DataPlatform_Toolchain/python/match_frame.py", line 45, in correct_images_ts
    call_ifly(car_meta, output_root, cameras)
  File "/data/xuanliu7/devel/cv2_zj_DataPlatform_Toolchain/python/match_frame.py", line 30, in call_ifly
    base, n = offset_detail[cam]
KeyError: 'ofilm_around_front_190_3M'
2024-12-12 16:35:38,914 - /data/xuanliu7/devel/cv2_zj_DataPlatform_Toolchain/node_match_frame.py - INFO - Dealing with clip:20241209-19-25-38
2024-12-12 16:35:39,252 - /data/xuanliu7/devel/cv2_zj_DataPlatform_Toolchain/node_match_frame.py - ERROR - Caught an exception of type KeyError: 'ofilm_around_front_190_3M'
Traceback (most recent call last):
  File "/data/xuanliu7/devel/cv2_zj_DataPlatform_Toolchain/node_match_frame.py", line 135, in main_match_frames
    match_frame_fdc(clip_path, cameras, calib_path)
  File "/data/xuanliu7/devel/cv2_zj_DataPlatform_Toolchain/python/match_frame_v2.py", line 481, in match_frame_fdc
    correct_images_ts(clip_path, clip_path, cams, car_meta)
  File "/data/xuanliu7/devel/cv2_zj_DataPlatform_Toolchain/python/match_frame.py", line 45, in correct_images_ts
    call_ifly(car_meta, output_root, cameras)
  File "/data/xuanliu7/devel/cv2_zj_DataPlatform_Toolchain/python/match_frame.py", line 30, in call_ifly
    base, n = offset_detail[cam]
KeyError: 'ofilm_around_front_190_3M'
2024-12-12 16:35:39,256 - /data/xuanliu7/devel/cv2_zj_DataPlatform_Toolchain/node_match_frame.py - INFO - Dealing with clip:20241209-15-52-54
2024-12-12 16:35:39,513 - /data/xuanliu7/devel/cv2_zj_DataPlatform_Toolchain/node_match_frame.py - ERROR - Caught an exception of type KeyError: 'ofilm_around_front_190_3M'
Traceback (most recent call last):
  File "/data/xuanliu7/devel/cv2_zj_DataPlatform_Toolchain/node_match_frame.py", line 135, in main_match_frames
    match_frame_fdc(clip_path, cameras, calib_path)
  File "/data/xuanliu7/devel/cv2_zj_DataPlatform_Toolchain/python/match_frame_v2.py", line 481, in match_frame_fdc
    correct_images_ts(clip_path, clip_path, cams, car_meta)
  File "/data/xuanliu7/devel/cv2_zj_DataPlatform_Toolchain/python/match_frame.py", line 45, in correct_images_ts
    call_ifly(car_meta, output_root, cameras)
  File "/data/xuanliu7/devel/cv2_zj_DataPlatform_Toolchain/python/match_frame.py", line 30, in call_ifly
    base, n = offset_detail[cam]
KeyError: 'ofilm_around_front_190_3M'
2024-12-12 16:35:39,521 - /data/xuanliu7/devel/cv2_zj_DataPlatform_Toolchain/node_match_frame.py - INFO - clip skip num:0, all clip num:33, clip skip rate:0.000, less than 10%.
program go on!
2024-12-12 16:36:35,653 - /data/xuanliu7/devel/cv2_zj_DataPlatform_Toolchain/node_match_frame.py - INFO - Dealing with clip:20241209-19-39-44
2024-12-12 16:36:35,836 - /data/xuanliu7/devel/cv2_zj_DataPlatform_Toolchain/node_match_frame.py - ERROR - Caught an exception of type KeyError: 'ofilm_around_front_190_3M'
Traceback (most recent call last):
  File "/data/xuanliu7/devel/cv2_zj_DataPlatform_Toolchain/node_match_frame.py", line 135, in main_match_frames
    match_frame_fdc(clip_path, cameras, calib_path)
  File "/data/xuanliu7/devel/cv2_zj_DataPlatform_Toolchain/python/match_frame_v2.py", line 481, in match_frame_fdc
    correct_images_ts(clip_path, clip_path, cams, car_meta)
  File "/data/xuanliu7/devel/cv2_zj_DataPlatform_Toolchain/python/match_frame.py", line 45, in correct_images_ts
    call_ifly(car_meta, output_root, cameras)
  File "/data/xuanliu7/devel/cv2_zj_DataPlatform_Toolchain/python/match_frame.py", line 30, in call_ifly
    base, n = offset_detail[cam]
KeyError: 'ofilm_around_front_190_3M'
2024-12-12 16:36:35,838 - /data/xuanliu7/devel/cv2_zj_DataPlatform_Toolchain/node_match_frame.py - INFO - clip skip num:0, all clip num:1, clip skip rate:0.000, less than 10%.
program go on!
2024-12-12 16:38:05,547 - /data/xuanliu7/devel/cv2_zj_DataPlatform_Toolchain/node_match_frame.py - INFO - Dealing with clip:20241209-19-39-44
2024-12-12 17:01:11,237 - /data/xuanliu7/devel/cv2_zj_DataPlatform_Toolchain/node_match_frame.py - INFO - Dealing with clip:20241209-19-39-44
2024-12-12 17:01:12,097 - /data/xuanliu7/devel/cv2_zj_DataPlatform_Toolchain/node_match_frame.py - ERROR - Caught an exception of type KeyError: 'ofilm_around_front_190_3M'
Traceback (most recent call last):
  File "/data/xuanliu7/devel/cv2_zj_DataPlatform_Toolchain/node_match_frame.py", line 135, in main_match_frames
    match_frame_fdc(clip_path, cameras, calib_path)
  File "/data/xuanliu7/devel/cv2_zj_DataPlatform_Toolchain/python/match_frame_v2.py", line 588, in match_frame_fdc
    match_raw(clip_path, cams, calib_path)
  File "/data/xuanliu7/devel/cv2_zj_DataPlatform_Toolchain/python/match_frame_v2.py", line 371, in match_raw
    base, n = offset_detail[cam]
KeyError: 'ofilm_around_front_190_3M'
2024-12-12 17:01:12,100 - /data/xuanliu7/devel/cv2_zj_DataPlatform_Toolchain/node_match_frame.py - INFO - clip skip num:0, all clip num:1, clip skip rate:0.000, less than 10%.
program go on!
2024-12-12 17:03:52,256 - /data/xuanliu7/devel/cv2_zj_DataPlatform_Toolchain/node_match_frame.py - INFO - Dealing with clip:20241209-19-39-44
2024-12-12 17:03:52,645 - /data/xuanliu7/devel/cv2_zj_DataPlatform_Toolchain/node_match_frame.py - INFO - clip skip num:0, all clip num:1, clip skip rate:0.000, less than 10%.
program go on!
2024-12-13 10:03:43,457 - /data/xuanliu7/devel/cv2_zj_DataPlatform_Toolchain/node_match_frame.py - INFO - Dealing with clip:20241211-10-36-11
2024-12-26 15:24:05,441 - /data/xuanliu7/devel/cv2_zj_DataPlatform_Toolchain/node_match_frame.py - INFO - Dealing with clip:20241211-04-17-19
2024-12-26 15:24:06,220 - /data/xuanliu7/devel/cv2_zj_DataPlatform_Toolchain/node_match_frame.py - INFO - Dealing with clip:20241211-04-22-24
2024-12-26 15:24:06,662 - /data/xuanliu7/devel/cv2_zj_DataPlatform_Toolchain/node_match_frame.py - INFO - clip skip num:0, all clip num:2, clip skip rate:0.000, less than 10%.
program go on!
2024-12-30 20:23:49,780 - /data/xuanliu7/devel/cv2_zj_DataPlatform_Toolchain/node_match_frame.py - INFO - Dealing with clip:20241224-08-26-37
2024-12-30 20:23:50,981 - /data/xuanliu7/devel/cv2_zj_DataPlatform_Toolchain/node_match_frame.py - INFO - clip skip num:0, all clip num:1, clip skip rate:0.000, less than 10%.
program go on!
2024-12-31 14:11:21,278 - /data/xuanliu7/devel/cv2_zj_DataPlatform_Toolchain/node_match_frame.py - INFO - Dealing with clip:20241230-19-15-05
2024-12-31 14:58:31,439 - /data/xuanliu7/devel/cv2_zj_DataPlatform_Toolchain/node_match_frame.py - INFO - Dealing with clip:20241230-19-15-05
2024-12-31 14:58:32,091 - /data/xuanliu7/devel/cv2_zj_DataPlatform_Toolchain/node_match_frame.py - INFO - clip skip num:0, all clip num:1, clip skip rate:0.000, less than 10%.
program go on!
2024-12-31 15:01:45,882 - /data/xuanliu7/devel/cv2_zj_DataPlatform_Toolchain/node_match_frame.py - INFO - Dealing with clip:20241230-19-15-05
2024-12-31 15:26:13,181 - /data/xuanliu7/devel/cv2_zj_DataPlatform_Toolchain/node_match_frame.py - INFO - clip skip num:0, all clip num:1, clip skip rate:0.000, less than 10%.
program go on!
2024-12-31 17:45:56,857 - /data/xuanliu7/devel/cv2_zj_DataPlatform_Toolchain/node_match_frame.py - INFO - Dealing with clip:20241230-19-15-05
2025-01-03 10:39:51,565 - /data/xuanliu7/devel/cv2_zj_DataPlatform_Toolchain/node_match_frame.py - INFO - Dealing with clip:20241230-19-15-05
2025-01-03 10:39:53,379 - /data/xuanliu7/devel/cv2_zj_DataPlatform_Toolchain/node_match_frame.py - INFO - clip skip num:0, all clip num:1, clip skip rate:0.000, less than 10%.
program go on!
2025-01-04 14:52:55,101 - /data/xuanliu7/devel/cv2_zj_DataPlatform_Toolchain/node_match_frame.py - INFO - Dealing with clip:20250103-15-25-43
2025-01-04 15:28:26,634 - /data/xuanliu7/devel/cv2_zj_DataPlatform_Toolchain/node_match_frame.py - INFO - Dealing with clip:20250103-15-25-43
2025-01-09 10:28:05,065 - node_match_frame.py - INFO - Dealing with clip:20250101-02-15-31
2025-01-09 10:28:08,960 - node_match_frame.py - INFO - Dealing with clip:20250101-02-25-31
2025-01-09 10:28:12,752 - node_match_frame.py - INFO - Dealing with clip:20241231-23-36-08
2025-01-09 10:28:16,147 - node_match_frame.py - INFO - Dealing with clip:20250101-02-20-31
2025-01-09 10:28:19,811 - node_match_frame.py - INFO - Dealing with clip:20250101-02-03-08
2025-01-09 10:28:23,345 - node_match_frame.py - INFO - Dealing with clip:20250101-02-30-53
2025-01-09 10:28:26,978 - node_match_frame.py - INFO - Dealing with clip:20250101-01-53-07
2025-01-09 10:28:30,548 - node_match_frame.py - INFO - Dealing with clip:20250101-02-51-05
2025-01-09 10:28:34,143 - node_match_frame.py - INFO - Dealing with clip:20250101-02-35-54
2025-01-09 10:28:37,685 - node_match_frame.py - INFO - Dealing with clip:20250101-02-10-31
2025-01-09 10:28:41,331 - node_match_frame.py - INFO - Dealing with clip:20250101-01-58-08
2025-01-09 10:28:44,756 - node_match_frame.py - INFO - Dealing with clip:20250101-02-46-05
2025-01-09 10:28:48,391 - node_match_frame.py - INFO - Dealing with clip:20250101-02-56-05
2025-01-09 10:28:51,739 - node_match_frame.py - INFO - clip skip num:0, all clip num:13, clip skip rate:0.000, less than 10%.
program go on!
2025-01-10 18:03:56,241 - node_match_frame.py - INFO - Dealing with clip:20241212-11-05-07
2025-01-10 18:04:04,000 - node_match_frame.py - INFO - Dealing with clip:20241212-12-34-13
2025-01-10 18:04:06,135 - node_match_frame.py - INFO - Dealing with clip:20241212-13-19-29
2025-01-10 18:04:28,160 - node_match_frame.py - INFO - Dealing with clip:20241212-11-43-17
2025-01-10 18:04:49,353 - node_match_frame.py - INFO - Dealing with clip:20241212-09-43-02
2025-01-10 18:05:10,996 - node_match_frame.py - INFO - Dealing with clip:20241212-14-09-29
2025-01-10 18:05:15,859 - node_match_frame.py - INFO - Dealing with clip:20241212-14-16-33
2025-01-10 18:05:35,744 - node_match_frame.py - INFO - Dealing with clip:20241212-16-08-03
2025-01-10 18:05:51,198 - node_match_frame.py - INFO - Dealing with clip:20241212-14-40-36
2025-01-10 18:06:08,677 - node_match_frame.py - INFO - Dealing with clip:20241212-16-52-02
2025-01-10 18:06:16,404 - node_match_frame.py - INFO - Dealing with clip:20241212-10-08-02
2025-01-10 18:06:21,671 - node_match_frame.py - INFO - Dealing with clip:20241212-16-27-01
2025-01-10 18:06:43,988 - node_match_frame.py - INFO - Dealing with clip:20241212-10-15-07
2025-01-10 18:07:05,564 - node_match_frame.py - INFO - Dealing with clip:20241212-10-40-07
2025-01-10 18:07:26,319 - node_match_frame.py - INFO - Dealing with clip:20241212-11-14-03
2025-01-10 18:07:45,653 - node_match_frame.py - INFO - Dealing with clip:20241212-15-43-03
2025-01-10 18:08:06,603 - node_match_frame.py - INFO - Dealing with clip:20241212-17-02-38
2025-01-10 18:08:24,797 - node_match_frame.py - INFO - Dealing with clip:20241212-12-09-13
2025-01-10 18:08:45,968 - node_match_frame.py - INFO - Dealing with clip:20241212-13-44-29
2025-01-10 18:09:07,282 - node_match_frame.py - INFO - clip skip num:0, all clip num:19, clip skip rate:0.000, less than 10%.
program go on!
2025-01-14 11:30:48,938 - /data/xuanliu7/devel/cv2_zj_DataPlatform_Toolchain/node_match_frame.py - INFO - Dealing with clip:20241004-08-43-43
2025-01-14 11:37:36,624 - /data/xuanliu7/devel/cv2_zj_DataPlatform_Toolchain/node_match_frame.py - INFO - Dealing with clip:20241004-08-43-43
2025-01-14 11:43:17,722 - /data/xuanliu7/devel/cv2_zj_DataPlatform_Toolchain/node_match_frame.py - INFO - Dealing with clip:20241004-08-43-43
2025-01-14 11:43:18,652 - /data/xuanliu7/devel/cv2_zj_DataPlatform_Toolchain/node_match_frame.py - INFO - Dealing with clip:20241004-08-10-30
2025-01-14 11:43:19,970 - /data/xuanliu7/devel/cv2_zj_DataPlatform_Toolchain/node_match_frame.py - INFO - Dealing with clip:20241004-15-16-01
2025-01-14 11:43:21,127 - /data/xuanliu7/devel/cv2_zj_DataPlatform_Toolchain/node_match_frame.py - INFO - Dealing with clip:20241004-14-10-26
2025-01-14 11:43:22,386 - /data/xuanliu7/devel/cv2_zj_DataPlatform_Toolchain/node_match_frame.py - INFO - Dealing with clip:20241004-08-16-15
2025-01-14 11:43:23,609 - /data/xuanliu7/devel/cv2_zj_DataPlatform_Toolchain/node_match_frame.py - INFO - Dealing with clip:20241004-14-51-44
2025-01-14 11:43:24,832 - /data/xuanliu7/devel/cv2_zj_DataPlatform_Toolchain/node_match_frame.py - INFO - Dealing with clip:20241004-14-50-31
2025-01-14 11:43:26,329 - /data/xuanliu7/devel/cv2_zj_DataPlatform_Toolchain/node_match_frame.py - INFO - Dealing with clip:20241004-14-33-05
2025-01-14 11:43:27,611 - /data/xuanliu7/devel/cv2_zj_DataPlatform_Toolchain/node_match_frame.py - INFO - Dealing with clip:20241004-09-10-05
2025-01-14 11:43:28,704 - /data/xuanliu7/devel/cv2_zj_DataPlatform_Toolchain/node_match_frame.py - INFO - Dealing with clip:20241004-09-12-57
2025-01-14 11:43:29,896 - /data/xuanliu7/devel/cv2_zj_DataPlatform_Toolchain/node_match_frame.py - INFO - Dealing with clip:20241004-14-03-53
2025-01-14 11:43:31,211 - /data/xuanliu7/devel/cv2_zj_DataPlatform_Toolchain/node_match_frame.py - INFO - Dealing with clip:20241004-14-39-37
2025-01-14 11:43:32,216 - /data/xuanliu7/devel/cv2_zj_DataPlatform_Toolchain/node_match_frame.py - INFO - Dealing with clip:20241004-08-04-02
2025-01-14 11:43:33,509 - /data/xuanliu7/devel/cv2_zj_DataPlatform_Toolchain/node_match_frame.py - INFO - Dealing with clip:20241004-15-47-17
2025-01-14 11:43:34,517 - /data/xuanliu7/devel/cv2_zj_DataPlatform_Toolchain/node_match_frame.py - INFO - Dealing with clip:20241004-15-37-56
2025-01-14 11:43:35,408 - /data/xuanliu7/devel/cv2_zj_DataPlatform_Toolchain/node_match_frame.py - INFO - Dealing with clip:20241004-14-17-53
2025-01-14 11:43:36,364 - /data/xuanliu7/devel/cv2_zj_DataPlatform_Toolchain/node_match_frame.py - INFO - Dealing with clip:20241004-14-49-36
2025-01-14 11:43:37,902 - /data/xuanliu7/devel/cv2_zj_DataPlatform_Toolchain/node_match_frame.py - INFO - Dealing with clip:20241004-14-29-45
2025-01-14 11:43:39,075 - /data/xuanliu7/devel/cv2_zj_DataPlatform_Toolchain/node_match_frame.py - INFO - Dealing with clip:20241004-10-31-44
2025-01-14 11:43:40,194 - /data/xuanliu7/devel/cv2_zj_DataPlatform_Toolchain/node_match_frame.py - INFO - Dealing with clip:20241004-08-28-45
2025-01-14 11:43:41,565 - /data/xuanliu7/devel/cv2_zj_DataPlatform_Toolchain/node_match_frame.py - INFO - Dealing with clip:20241004-14-36-29
2025-01-14 11:43:42,539 - /data/xuanliu7/devel/cv2_zj_DataPlatform_Toolchain/node_match_frame.py - INFO - Dealing with clip:20241004-08-15-14
2025-01-14 11:43:43,320 - /data/xuanliu7/devel/cv2_zj_DataPlatform_Toolchain/node_match_frame.py - INFO - Dealing with clip:20241004-15-20-49
2025-01-14 11:43:44,197 - /data/xuanliu7/devel/cv2_zj_DataPlatform_Toolchain/node_match_frame.py - INFO - Dealing with clip:20241004-10-18-02
2025-01-14 11:43:45,165 - /data/xuanliu7/devel/cv2_zj_DataPlatform_Toolchain/node_match_frame.py - INFO - Dealing with clip:20241004-15-29-43
2025-01-14 11:43:46,072 - /data/xuanliu7/devel/cv2_zj_DataPlatform_Toolchain/node_match_frame.py - INFO - Dealing with clip:20241004-15-51-54
2025-01-14 11:43:47,304 - /data/xuanliu7/devel/cv2_zj_DataPlatform_Toolchain/node_match_frame.py - INFO - Dealing with clip:20241004-15-23-11
2025-01-14 11:43:48,345 - /data/xuanliu7/devel/cv2_zj_DataPlatform_Toolchain/node_match_frame.py - INFO - Dealing with clip:20241004-14-12-19
2025-01-14 11:43:49,196 - /data/xuanliu7/devel/cv2_zj_DataPlatform_Toolchain/node_match_frame.py - INFO - Dealing with clip:20241004-10-25-00
2025-01-14 11:43:50,073 - /data/xuanliu7/devel/cv2_zj_DataPlatform_Toolchain/node_match_frame.py - INFO - Dealing with clip:20241004-14-16-57
2025-01-14 11:43:50,978 - /data/xuanliu7/devel/cv2_zj_DataPlatform_Toolchain/node_match_frame.py - INFO - Dealing with clip:20241004-10-51-55
2025-01-14 11:43:51,971 - /data/xuanliu7/devel/cv2_zj_DataPlatform_Toolchain/node_match_frame.py - INFO - Dealing with clip:20241004-08-08-59
2025-01-14 11:43:52,971 - /data/xuanliu7/devel/cv2_zj_DataPlatform_Toolchain/node_match_frame.py - INFO - Dealing with clip:20241004-10-02-20
2025-01-14 11:43:53,840 - /data/xuanliu7/devel/cv2_zj_DataPlatform_Toolchain/node_match_frame.py - INFO - Dealing with clip:20241004-14-58-50
2025-01-14 11:43:54,679 - /data/xuanliu7/devel/cv2_zj_DataPlatform_Toolchain/node_match_frame.py - INFO - Dealing with clip:20241004-10-53-05
2025-01-14 11:43:55,564 - /data/xuanliu7/devel/cv2_zj_DataPlatform_Toolchain/node_match_frame.py - INFO - Dealing with clip:20241004-08-51-55
2025-01-14 11:43:57,156 - /data/xuanliu7/devel/cv2_zj_DataPlatform_Toolchain/node_match_frame.py - INFO - Dealing with clip:20241004-14-28-51
2025-01-14 11:43:58,231 - /data/xuanliu7/devel/cv2_zj_DataPlatform_Toolchain/node_match_frame.py - INFO - Dealing with clip:20241004-10-11-05
2025-01-14 11:43:59,338 - /data/xuanliu7/devel/cv2_zj_DataPlatform_Toolchain/node_match_frame.py - INFO - Dealing with clip:20241004-15-12-33
2025-01-14 11:44:00,265 - /data/xuanliu7/devel/cv2_zj_DataPlatform_Toolchain/node_match_frame.py - INFO - Dealing with clip:20241004-08-01-06
2025-01-14 11:44:01,098 - /data/xuanliu7/devel/cv2_zj_DataPlatform_Toolchain/node_match_frame.py - INFO - Dealing with clip:20241004-15-40-31
2025-01-14 11:44:02,070 - /data/xuanliu7/devel/cv2_zj_DataPlatform_Toolchain/node_match_frame.py - INFO - Dealing with clip:20241004-14-41-52
2025-01-14 11:44:03,030 - /data/xuanliu7/devel/cv2_zj_DataPlatform_Toolchain/node_match_frame.py - INFO - Dealing with clip:20241004-07-55-55
2025-01-14 11:44:03,943 - /data/xuanliu7/devel/cv2_zj_DataPlatform_Toolchain/node_match_frame.py - INFO - Dealing with clip:20241004-15-05-35
2025-01-14 11:44:05,047 - /data/xuanliu7/devel/cv2_zj_DataPlatform_Toolchain/node_match_frame.py - INFO - Dealing with clip:20241004-16-00-34
2025-01-14 11:44:05,902 - /data/xuanliu7/devel/cv2_zj_DataPlatform_Toolchain/node_match_frame.py - INFO - Dealing with clip:20241004-15-34-59
2025-01-14 11:44:06,732 - /data/xuanliu7/devel/cv2_zj_DataPlatform_Toolchain/node_match_frame.py - INFO - Dealing with clip:20241004-14-34-22
2025-01-14 11:44:07,559 - /data/xuanliu7/devel/cv2_zj_DataPlatform_Toolchain/node_match_frame.py - INFO - Dealing with clip:20241004-09-34-09
2025-01-14 11:44:08,356 - /data/xuanliu7/devel/cv2_zj_DataPlatform_Toolchain/node_match_frame.py - INFO - Dealing with clip:20241004-08-23-52
2025-01-14 11:44:09,353 - /data/xuanliu7/devel/cv2_zj_DataPlatform_Toolchain/node_match_frame.py - INFO - Dealing with clip:20241004-14-15-09
2025-01-14 11:44:10,548 - /data/xuanliu7/devel/cv2_zj_DataPlatform_Toolchain/node_match_frame.py - INFO - Dealing with clip:20241004-14-57-47
2025-01-14 11:44:11,580 - /data/xuanliu7/devel/cv2_zj_DataPlatform_Toolchain/node_match_frame.py - INFO - Dealing with clip:20241004-10-20-17
2025-01-14 11:44:12,345 - /data/xuanliu7/devel/cv2_zj_DataPlatform_Toolchain/node_match_frame.py - INFO - Dealing with clip:20241004-14-25-44
2025-01-14 11:44:13,305 - /data/xuanliu7/devel/cv2_zj_DataPlatform_Toolchain/node_match_frame.py - INFO - Dealing with clip:20241004-09-22-08
2025-01-14 11:44:14,535 - /data/xuanliu7/devel/cv2_zj_DataPlatform_Toolchain/node_match_frame.py - INFO - Dealing with clip:20241004-10-23-41
2025-01-14 11:44:15,675 - /data/xuanliu7/devel/cv2_zj_DataPlatform_Toolchain/node_match_frame.py - INFO - Dealing with clip:20241004-14-27-02
2025-01-14 11:44:16,496 - /data/xuanliu7/devel/cv2_zj_DataPlatform_Toolchain/node_match_frame.py - INFO - Dealing with clip:20241004-15-07-25
2025-01-14 11:44:17,429 - /data/xuanliu7/devel/cv2_zj_DataPlatform_Toolchain/node_match_frame.py - INFO - Dealing with clip:20241004-15-00-07
2025-01-14 11:44:18,242 - /data/xuanliu7/devel/cv2_zj_DataPlatform_Toolchain/node_match_frame.py - INFO - Dealing with clip:20241004-15-27-42
2025-01-14 11:44:19,096 - /data/xuanliu7/devel/cv2_zj_DataPlatform_Toolchain/node_match_frame.py - INFO - Dealing with clip:20241004-15-48-57
2025-01-14 11:44:20,127 - /data/xuanliu7/devel/cv2_zj_DataPlatform_Toolchain/node_match_frame.py - INFO - Dealing with clip:20241004-16-06-27
2025-01-14 11:44:20,996 - /data/xuanliu7/devel/cv2_zj_DataPlatform_Toolchain/node_match_frame.py - INFO - Dealing with clip:20241004-08-45-53
2025-01-14 11:44:21,829 - /data/xuanliu7/devel/cv2_zj_DataPlatform_Toolchain/node_match_frame.py - INFO - Dealing with clip:20241004-15-59-05
2025-01-14 11:44:22,772 - /data/xuanliu7/devel/cv2_zj_DataPlatform_Toolchain/node_match_frame.py - INFO - Dealing with clip:20241004-10-09-53
2025-01-14 11:44:23,515 - /data/xuanliu7/devel/cv2_zj_DataPlatform_Toolchain/node_match_frame.py - INFO - Dealing with clip:20241004-09-27-54
2025-01-14 11:44:24,491 - /data/xuanliu7/devel/cv2_zj_DataPlatform_Toolchain/node_match_frame.py - INFO - Dealing with clip:20241004-08-21-40
2025-01-14 11:44:25,545 - /data/xuanliu7/devel/cv2_zj_DataPlatform_Toolchain/node_match_frame.py - INFO - Dealing with clip:20241004-08-50-00
2025-01-14 11:44:26,739 - /data/xuanliu7/devel/cv2_zj_DataPlatform_Toolchain/node_match_frame.py - INFO - Dealing with clip:20241004-07-54-31
2025-01-14 11:44:27,616 - /data/xuanliu7/devel/cv2_zj_DataPlatform_Toolchain/node_match_frame.py - INFO - Dealing with clip:20241004-10-05-12
2025-01-14 11:44:28,459 - /data/xuanliu7/devel/cv2_zj_DataPlatform_Toolchain/node_match_frame.py - INFO - Dealing with clip:20241004-15-49-49
2025-01-14 11:44:29,203 - /data/xuanliu7/devel/cv2_zj_DataPlatform_Toolchain/node_match_frame.py - INFO - Dealing with clip:20241004-15-41-48
2025-01-14 11:44:30,257 - /data/xuanliu7/devel/cv2_zj_DataPlatform_Toolchain/node_match_frame.py - INFO - Dealing with clip:20241004-09-18-59
2025-01-14 11:44:31,445 - /data/xuanliu7/devel/cv2_zj_DataPlatform_Toolchain/node_match_frame.py - INFO - Dealing with clip:20241004-15-22-07
2025-01-14 11:44:32,277 - /data/xuanliu7/devel/cv2_zj_DataPlatform_Toolchain/node_match_frame.py - INFO - Dealing with clip:20241004-08-06-21
2025-01-14 11:44:33,065 - /data/xuanliu7/devel/cv2_zj_DataPlatform_Toolchain/node_match_frame.py - INFO - Dealing with clip:20241004-10-33-38
2025-01-14 11:44:33,860 - /data/xuanliu7/devel/cv2_zj_DataPlatform_Toolchain/node_match_frame.py - INFO - Dealing with clip:20241004-09-26-00
2025-01-14 11:44:34,748 - /data/xuanliu7/devel/cv2_zj_DataPlatform_Toolchain/node_match_frame.py - INFO - Dealing with clip:20241004-09-32-00
2025-01-14 11:44:36,148 - /data/xuanliu7/devel/cv2_zj_DataPlatform_Toolchain/node_match_frame.py - INFO - Dealing with clip:20241004-07-58-00
2025-01-14 11:44:37,060 - /data/xuanliu7/devel/cv2_zj_DataPlatform_Toolchain/node_match_frame.py - INFO - Dealing with clip:20241004-10-13-14
2025-01-14 11:44:38,416 - /data/xuanliu7/devel/cv2_zj_DataPlatform_Toolchain/node_match_frame.py - INFO - Dealing with clip:20241004-10-35-58
2025-01-14 11:44:39,896 - /data/xuanliu7/devel/cv2_zj_DataPlatform_Toolchain/node_match_frame.py - INFO - Dealing with clip:20241004-10-22-17
2025-01-14 11:44:40,847 - /data/xuanliu7/devel/cv2_zj_DataPlatform_Toolchain/node_match_frame.py - INFO - Dealing with clip:20241004-14-53-06
2025-01-14 11:44:41,735 - /data/xuanliu7/devel/cv2_zj_DataPlatform_Toolchain/node_match_frame.py - INFO - Dealing with clip:20241004-14-37-16
2025-01-14 11:44:42,948 - /data/xuanliu7/devel/cv2_zj_DataPlatform_Toolchain/node_match_frame.py - INFO - Dealing with clip:20241004-15-38-52
2025-01-14 11:44:43,848 - /data/xuanliu7/devel/cv2_zj_DataPlatform_Toolchain/node_match_frame.py - INFO - Dealing with clip:20241004-09-11-35
2025-01-14 11:44:44,721 - /data/xuanliu7/devel/cv2_zj_DataPlatform_Toolchain/node_match_frame.py - INFO - Dealing with clip:20241004-14-05-37
2025-01-14 11:44:45,556 - /data/xuanliu7/devel/cv2_zj_DataPlatform_Toolchain/node_match_frame.py - INFO - Dealing with clip:20241004-15-13-31
2025-01-14 11:44:46,412 - /data/xuanliu7/devel/cv2_zj_DataPlatform_Toolchain/node_match_frame.py - INFO - Dealing with clip:20241004-08-29-43
2025-01-14 11:44:47,239 - /data/xuanliu7/devel/cv2_zj_DataPlatform_Toolchain/node_match_frame.py - INFO - Dealing with clip:20241004-10-59-39
2025-01-14 11:44:48,088 - /data/xuanliu7/devel/cv2_zj_DataPlatform_Toolchain/node_match_frame.py - INFO - Dealing with clip:20241004-15-09-18
2025-01-14 11:44:48,995 - /data/xuanliu7/devel/cv2_zj_DataPlatform_Toolchain/node_match_frame.py - INFO - Dealing with clip:20241004-08-33-38
2025-01-14 11:44:49,774 - /data/xuanliu7/devel/cv2_zj_DataPlatform_Toolchain/node_match_frame.py - INFO - Dealing with clip:20241004-15-32-09
2025-01-14 11:44:50,532 - /data/xuanliu7/devel/cv2_zj_DataPlatform_Toolchain/node_match_frame.py - INFO - Dealing with clip:20241004-08-17-37
2025-01-14 11:44:51,537 - /data/xuanliu7/devel/cv2_zj_DataPlatform_Toolchain/node_match_frame.py - INFO - Dealing with clip:20241004-14-45-52
2025-01-14 11:44:52,438 - /data/xuanliu7/devel/cv2_zj_DataPlatform_Toolchain/node_match_frame.py - INFO - Dealing with clip:20241004-15-33-44
2025-01-14 11:44:53,259 - /data/xuanliu7/devel/cv2_zj_DataPlatform_Toolchain/node_match_frame.py - INFO - Dealing with clip:20241004-08-12-08
2025-01-14 11:44:54,217 - /data/xuanliu7/devel/cv2_zj_DataPlatform_Toolchain/node_match_frame.py - INFO - Dealing with clip:20241004-15-20-04
2025-01-14 11:44:54,931 - /data/xuanliu7/devel/cv2_zj_DataPlatform_Toolchain/node_match_frame.py - INFO - Dealing with clip:20241004-14-40-25
2025-01-14 11:44:55,724 - /data/xuanliu7/devel/cv2_zj_DataPlatform_Toolchain/node_match_frame.py - INFO - Dealing with clip:20241004-15-58-03
2025-01-14 11:44:56,518 - /data/xuanliu7/devel/cv2_zj_DataPlatform_Toolchain/node_match_frame.py - INFO - Dealing with clip:20241004-10-30-10
2025-01-14 11:44:57,435 - /data/xuanliu7/devel/cv2_zj_DataPlatform_Toolchain/node_match_frame.py - INFO - Dealing with clip:20241004-08-41-19
2025-01-14 11:44:58,239 - /data/xuanliu7/devel/cv2_zj_DataPlatform_Toolchain/node_match_frame.py - INFO - Dealing with clip:20241004-08-48-49
2025-01-14 11:44:59,078 - /data/xuanliu7/devel/cv2_zj_DataPlatform_Toolchain/node_match_frame.py - INFO - Dealing with clip:20241004-15-18-19
2025-01-14 11:44:59,823 - /data/xuanliu7/devel/cv2_zj_DataPlatform_Toolchain/node_match_frame.py - INFO - Dealing with clip:20241004-14-44-26
2025-01-14 11:45:00,580 - /data/xuanliu7/devel/cv2_zj_DataPlatform_Toolchain/node_match_frame.py - INFO - Dealing with clip:20241004-10-57-41
2025-01-14 11:45:01,469 - /data/xuanliu7/devel/cv2_zj_DataPlatform_Toolchain/node_match_frame.py - INFO - Dealing with clip:20241004-15-43-29
2025-01-14 11:45:02,216 - /data/xuanliu7/devel/cv2_zj_DataPlatform_Toolchain/node_match_frame.py - INFO - Dealing with clip:20241004-08-13-06
2025-01-14 11:45:02,929 - /data/xuanliu7/devel/cv2_zj_DataPlatform_Toolchain/node_match_frame.py - INFO - Dealing with clip:20241004-11-01-05
2025-01-14 11:45:03,986 - /data/xuanliu7/devel/cv2_zj_DataPlatform_Toolchain/node_match_frame.py - INFO - Dealing with clip:20241004-15-02-23
2025-01-14 11:45:04,741 - /data/xuanliu7/devel/cv2_zj_DataPlatform_Toolchain/node_match_frame.py - INFO - Dealing with clip:20241004-15-46-12
2025-01-14 11:45:05,837 - /data/xuanliu7/devel/cv2_zj_DataPlatform_Toolchain/node_match_frame.py - INFO - Dealing with clip:20241004-10-55-14
2025-01-14 11:45:06,661 - /data/xuanliu7/devel/cv2_zj_DataPlatform_Toolchain/node_match_frame.py - INFO - Dealing with clip:20241004-10-16-07
2025-01-14 11:45:07,673 - /data/xuanliu7/devel/cv2_zj_DataPlatform_Toolchain/node_match_frame.py - INFO - Dealing with clip:20241004-14-23-17
2025-01-14 11:45:08,435 - /data/xuanliu7/devel/cv2_zj_DataPlatform_Toolchain/node_match_frame.py - INFO - Dealing with clip:20241004-08-38-17
2025-01-14 11:45:09,419 - /data/xuanliu7/devel/cv2_zj_DataPlatform_Toolchain/node_match_frame.py - INFO - Dealing with clip:20241004-14-09-33
2025-01-14 11:45:10,147 - /data/xuanliu7/devel/cv2_zj_DataPlatform_Toolchain/node_match_frame.py - INFO - Dealing with clip:20241004-07-46-43
2025-01-14 11:45:10,888 - /data/xuanliu7/devel/cv2_zj_DataPlatform_Toolchain/node_match_frame.py - INFO - Dealing with clip:20241004-10-03-50
2025-01-14 11:45:11,744 - /data/xuanliu7/devel/cv2_zj_DataPlatform_Toolchain/node_match_frame.py - INFO - Dealing with clip:20241004-09-23-50
2025-01-14 11:45:12,654 - /data/xuanliu7/devel/cv2_zj_DataPlatform_Toolchain/node_match_frame.py - INFO - Dealing with clip:20241004-10-14-53
2025-01-14 11:45:13,522 - /data/xuanliu7/devel/cv2_zj_DataPlatform_Toolchain/node_match_frame.py - INFO - Dealing with clip:20241004-15-24-20
2025-01-14 11:45:14,388 - /data/xuanliu7/devel/cv2_zj_DataPlatform_Toolchain/node_match_frame.py - INFO - Dealing with clip:20241004-15-03-32
2025-01-14 11:45:15,638 - /data/xuanliu7/devel/cv2_zj_DataPlatform_Toolchain/node_match_frame.py - INFO - Dealing with clip:20241004-08-27-36
2025-01-14 11:45:16,469 - /data/xuanliu7/devel/cv2_zj_DataPlatform_Toolchain/node_match_frame.py - INFO - Dealing with clip:20241004-09-16-11
2025-01-14 11:45:17,295 - /data/xuanliu7/devel/cv2_zj_DataPlatform_Toolchain/node_match_frame.py - INFO - Dealing with clip:20241004-10-06-16
2025-01-14 11:45:18,393 - /data/xuanliu7/devel/cv2_zj_DataPlatform_Toolchain/node_match_frame.py - INFO - Dealing with clip:20241004-16-02-06
2025-01-14 11:45:19,399 - /data/xuanliu7/devel/cv2_zj_DataPlatform_Toolchain/node_match_frame.py - INFO - Dealing with clip:20241004-14-56-09
2025-01-14 11:45:20,131 - /data/xuanliu7/devel/cv2_zj_DataPlatform_Toolchain/node_match_frame.py - INFO - Dealing with clip:20241004-08-24-42
2025-01-14 11:45:21,069 - /data/xuanliu7/devel/cv2_zj_DataPlatform_Toolchain/node_match_frame.py - INFO - Dealing with clip:20241004-14-46-42
2025-01-14 11:45:21,898 - /data/xuanliu7/devel/cv2_zj_DataPlatform_Toolchain/node_match_frame.py - INFO - Dealing with clip:20241004-08-36-49
2025-01-14 11:45:22,657 - /data/xuanliu7/devel/cv2_zj_DataPlatform_Toolchain/node_match_frame.py - INFO - Dealing with clip:20241004-07-48-35
2025-01-14 11:45:23,563 - /data/xuanliu7/devel/cv2_zj_DataPlatform_Toolchain/node_match_frame.py - INFO - Dealing with clip:20241004-14-13-54
2025-01-14 11:45:24,495 - /data/xuanliu7/devel/cv2_zj_DataPlatform_Toolchain/node_match_frame.py - INFO - Dealing with clip:20241004-09-14-09
2025-01-14 11:45:25,470 - /data/xuanliu7/devel/cv2_zj_DataPlatform_Toolchain/node_match_frame.py - INFO - clip skip num:0, all clip num:132, clip skip rate:0.000, less than 10%.
program go on!
2025-01-17 10:20:30,385 - /data/xuanliu7/devel/cv2_zj_DataPlatform_Toolchain/node_match_frame.py - INFO - Dealing with clip:20241230-20-54-47
2025-01-17 10:27:52,382 - /data/xuanliu7/devel/cv2_zj_DataPlatform_Toolchain/node_match_frame.py - INFO - Dealing with clip:20241230-20-54-47
2025-01-17 10:29:54,392 - /data/xuanliu7/devel/cv2_zj_DataPlatform_Toolchain/node_match_frame.py - INFO - Dealing with clip:20241230-20-54-47
2025-01-17 10:30:08,133 - /data/xuanliu7/devel/cv2_zj_DataPlatform_Toolchain/node_match_frame.py - INFO - clip skip num:0, all clip num:1, clip skip rate:0.000, less than 10%.
program go on!
2025-01-17 10:31:25,403 - /data/xuanliu7/devel/cv2_zj_DataPlatform_Toolchain/node_match_frame.py - INFO - Dealing with clip:20241230-20-54-47
2025-01-17 10:31:25,647 - /data/xuanliu7/devel/cv2_zj_DataPlatform_Toolchain/node_match_frame.py - INFO - clip skip num:0, all clip num:1, clip skip rate:0.000, less than 10%.
program go on!
2025-01-17 10:31:37,480 - /data/xuanliu7/devel/cv2_zj_DataPlatform_Toolchain/node_match_frame.py - INFO - Dealing with clip:20241230-20-54-47
2025-01-17 10:50:00,301 - /data/xuanliu7/devel/cv2_zj_DataPlatform_Toolchain/node_match_frame.py - INFO - Dealing with clip:20241230-20-54-47
2025-01-17 11:07:20,932 - /data/xuanliu7/devel/cv2_zj_DataPlatform_Toolchain/node_match_frame.py - INFO - Dealing with clip:20241230-20-54-47
2025-01-17 11:07:45,390 - /data/xuanliu7/devel/cv2_zj_DataPlatform_Toolchain/node_match_frame.py - INFO - Dealing with clip:20241230-20-54-47
2025-01-17 11:08:17,805 - /data/xuanliu7/devel/cv2_zj_DataPlatform_Toolchain/node_match_frame.py - INFO - clip skip num:0, all clip num:1, clip skip rate:0.000, less than 10%.
program go on!
2025-01-17 11:23:42,616 - /data/xuanliu7/devel/cv2_zj_DataPlatform_Toolchain/node_match_frame.py - INFO - Dealing with clip:20241230-20-54-47
2025-01-17 11:23:42,982 - /data/xuanliu7/devel/cv2_zj_DataPlatform_Toolchain/node_match_frame.py - INFO - clip skip num:0, all clip num:1, clip skip rate:0.000, less than 10%.
program go on!
2025-01-17 15:07:29,446 - /data/xuanliu7/devel/cv2_zj_DataPlatform_Toolchain/node_match_frame.py - INFO - Dealing with clip:20241230-20-54-47
2025-01-17 15:39:37,002 - /data/xuanliu7/devel/cv2_zj_DataPlatform_Toolchain/node_match_frame.py - INFO - Dealing with clip:20241230-20-54-47
2025-01-17 15:39:37,500 - /data/xuanliu7/devel/cv2_zj_DataPlatform_Toolchain/node_match_frame.py - INFO - clip skip num:0, all clip num:1, clip skip rate:0.000, less than 10%.
program go on!
2025-01-17 15:41:32,693 - /data/xuanliu7/devel/cv2_zj_DataPlatform_Toolchain/node_match_frame.py - INFO - Dealing with clip:20241230-20-54-47
2025-01-17 15:43:14,947 - /data/xuanliu7/devel/cv2_zj_DataPlatform_Toolchain/node_match_frame.py - INFO - Dealing with clip:20241230-20-54-47
2025-01-17 15:43:19,559 - /data/xuanliu7/devel/cv2_zj_DataPlatform_Toolchain/node_match_frame.py - INFO - clip skip num:0, all clip num:1, clip skip rate:0.000, less than 10%.
program go on!
2025-01-17 15:50:08,356 - /data/xuanliu7/devel/cv2_zj_DataPlatform_Toolchain/node_match_frame.py - INFO - Dealing with clip:20241230-20-54-47
2025-01-17 15:53:59,011 - /data/xuanliu7/devel/cv2_zj_DataPlatform_Toolchain/node_match_frame.py - INFO - Dealing with clip:20241230-20-54-47
2025-01-17 15:56:09,134 - /data/xuanliu7/devel/cv2_zj_DataPlatform_Toolchain/node_match_frame.py - INFO - clip skip num:0, all clip num:1, clip skip rate:0.000, less than 10%.
program go on!
2025-01-17 16:34:25,024 - node_match_frame.py - INFO - Dealing with clip:20241230-20-54-47
2025-01-17 16:34:25,500 - node_match_frame.py - INFO - clip skip num:0, all clip num:1, clip skip rate:0.000, less than 10%.
program go on!
