2025-01-05 20:15:34.967 | INFO     | __main__:node_main:67 - ......	/data_cold3/origin_data/sihao_21pt6/custom_seg/ynchen_APAdingzhibucai/shuiping/20250103 prepare_lane3d_check... 2025-01-05 20:15:34.967630
2025-01-05 20:15:39.758 | WARNING  | __main__:node_main:95 - /data_cold3/origin_data/sihao_21pt6/custom_seg/ynchen_APAdingzhibucai/shuiping/20250103/sihao_21pt6_20250103-08-10-26_seg0 skip. Because too few key frame.
2025-01-05 20:15:39.758 | ERROR    | __main__:node_main:96 - 	skip sihao_21pt6_20250103-08-10-26_seg0 for not seleted, car_name = sihao_21pt6, 20250103-08-10-26
2025-01-05 20:15:40.365 | WARNING  | __main__:node_main:95 - /data_cold3/origin_data/sihao_21pt6/custom_seg/ynchen_APAdingzhibucai/shuiping/20250103/sihao_21pt6_20250103-08-12-19_seg0 skip. Because too few key frame.
2025-01-05 20:15:40.365 | ERROR    | __main__:node_main:96 - 	skip sihao_21pt6_20250103-08-12-19_seg0 for not seleted, car_name = sihao_21pt6, 20250103-08-12-19
2025-01-05 20:15:40.790 | WARNING  | __main__:node_main:95 - /data_cold3/origin_data/sihao_21pt6/custom_seg/ynchen_APAdingzhibucai/shuiping/20250103/sihao_21pt6_20250103-08-13-48_seg0 skip. Because too few key frame.
2025-01-05 20:15:40.791 | ERROR    | __main__:node_main:96 - 	skip sihao_21pt6_20250103-08-13-48_seg0 for not seleted, car_name = sihao_21pt6, 20250103-08-13-48
2025-01-05 20:15:41.139 | WARNING  | __main__:node_main:95 - /data_cold3/origin_data/sihao_21pt6/custom_seg/ynchen_APAdingzhibucai/shuiping/20250103/sihao_21pt6_20250103-08-15-18_seg0 skip. Because too few key frame.
2025-01-05 20:15:41.140 | ERROR    | __main__:node_main:96 - 	skip sihao_21pt6_20250103-08-15-18_seg0 for not seleted, car_name = sihao_21pt6, 20250103-08-15-18
2025-01-05 20:15:41.881 | WARNING  | __main__:node_main:95 - /data_cold3/origin_data/sihao_21pt6/custom_seg/ynchen_APAdingzhibucai/shuiping/20250103/sihao_21pt6_20250103-08-20-30_seg0 skip. Because too few key frame.
2025-01-05 20:15:41.882 | ERROR    | __main__:node_main:96 - 	skip sihao_21pt6_20250103-08-20-30_seg0 for not seleted, car_name = sihao_21pt6, 20250103-08-20-30
2025-01-05 20:15:42.573 | WARNING  | __main__:node_main:95 - /data_cold3/origin_data/sihao_21pt6/custom_seg/ynchen_APAdingzhibucai/shuiping/20250103/sihao_21pt6_20250103-08-22-01_seg0 skip. Because too few key frame.
2025-01-05 20:15:42.573 | ERROR    | __main__:node_main:96 - 	skip sihao_21pt6_20250103-08-22-01_seg0 for not seleted, car_name = sihao_21pt6, 20250103-08-22-01
2025-01-05 20:15:43.219 | WARNING  | __main__:node_main:95 - /data_cold3/origin_data/sihao_21pt6/custom_seg/ynchen_APAdingzhibucai/shuiping/20250103/sihao_21pt6_20250103-08-24-01_seg0 skip. Because too few key frame.
2025-01-05 20:15:43.219 | ERROR    | __main__:node_main:96 - 	skip sihao_21pt6_20250103-08-24-01_seg0 for not seleted, car_name = sihao_21pt6, 20250103-08-24-01
2025-01-05 20:15:43.629 | WARNING  | __main__:node_main:95 - /data_cold3/origin_data/sihao_21pt6/custom_seg/ynchen_APAdingzhibucai/shuiping/20250103/sihao_21pt6_20250103-08-26-46_seg0 skip. Because too few key frame.
2025-01-05 20:15:43.630 | ERROR    | __main__:node_main:96 - 	skip sihao_21pt6_20250103-08-26-46_seg0 for not seleted, car_name = sihao_21pt6, 20250103-08-26-46
2025-01-05 20:15:44.047 | WARNING  | __main__:node_main:111 - 	skip seg sihao_21pt6_20250103-08-28-19_seg0 for not seleted, /data_cold3/origin_data/sihao_21pt6/custom_seg/ynchen_APAdingzhibucai/shuiping/20250103/sihao_21pt6_20250103-08-28-19_seg0/reconstruct not exist 
2025-01-05 20:15:44.048 | ERROR    | __main__:node_main:112 - 	skip sihao_21pt6_20250103-08-28-19_seg0 for not seleted, car_name = sihao_21pt6, 20250103-08-28-19
2025-01-05 20:15:44.613 | WARNING  | __main__:node_main:95 - /data_cold3/origin_data/sihao_21pt6/custom_seg/ynchen_APAdingzhibucai/shuiping/20250103/sihao_21pt6_20250103-08-30-23_seg0 skip. Because too few key frame.
2025-01-05 20:15:44.613 | ERROR    | __main__:node_main:96 - 	skip sihao_21pt6_20250103-08-30-23_seg0 for not seleted, car_name = sihao_21pt6, 20250103-08-30-23
2025-01-05 20:15:45.140 | WARNING  | __main__:node_main:95 - /data_cold3/origin_data/sihao_21pt6/custom_seg/ynchen_APAdingzhibucai/shuiping/20250103/sihao_21pt6_20250103-08-32-14_seg0 skip. Because too few key frame.
2025-01-05 20:15:45.141 | ERROR    | __main__:node_main:96 - 	skip sihao_21pt6_20250103-08-32-14_seg0 for not seleted, car_name = sihao_21pt6, 20250103-08-32-14
2025-01-05 20:15:45.785 | WARNING  | __main__:node_main:95 - /data_cold3/origin_data/sihao_21pt6/custom_seg/ynchen_APAdingzhibucai/shuiping/20250103/sihao_21pt6_20250103-08-34-02_seg0 skip. Because too few key frame.
2025-01-05 20:15:45.785 | ERROR    | __main__:node_main:96 - 	skip sihao_21pt6_20250103-08-34-02_seg0 for not seleted, car_name = sihao_21pt6, 20250103-08-34-02
2025-01-05 20:15:46.151 | WARNING  | __main__:node_main:95 - /data_cold3/origin_data/sihao_21pt6/custom_seg/ynchen_APAdingzhibucai/shuiping/20250103/sihao_21pt6_20250103-09-17-44_seg0 skip. Because too few key frame.
2025-01-05 20:15:46.151 | ERROR    | __main__:node_main:96 - 	skip sihao_21pt6_20250103-09-17-44_seg0 for not seleted, car_name = sihao_21pt6, 20250103-09-17-44
2025-01-05 20:15:46.556 | WARNING  | __main__:node_main:95 - /data_cold3/origin_data/sihao_21pt6/custom_seg/ynchen_APAdingzhibucai/shuiping/20250103/sihao_21pt6_20250103-09-19-06_seg0 skip. Because too few key frame.
2025-01-05 20:15:46.557 | ERROR    | __main__:node_main:96 - 	skip sihao_21pt6_20250103-09-19-06_seg0 for not seleted, car_name = sihao_21pt6, 20250103-09-19-06
2025-01-05 20:15:46.943 | WARNING  | __main__:node_main:95 - /data_cold3/origin_data/sihao_21pt6/custom_seg/ynchen_APAdingzhibucai/shuiping/20250103/sihao_21pt6_20250103-09-21-28_seg0 skip. Because too few key frame.
2025-01-05 20:15:46.943 | ERROR    | __main__:node_main:96 - 	skip sihao_21pt6_20250103-09-21-28_seg0 for not seleted, car_name = sihao_21pt6, 20250103-09-21-28
2025-01-05 20:15:47.423 | WARNING  | __main__:node_main:95 - /data_cold3/origin_data/sihao_21pt6/custom_seg/ynchen_APAdingzhibucai/shuiping/20250103/sihao_21pt6_20250103-09-22-54_seg0 skip. Because too few key frame.
2025-01-05 20:15:47.424 | ERROR    | __main__:node_main:96 - 	skip sihao_21pt6_20250103-09-22-54_seg0 for not seleted, car_name = sihao_21pt6, 20250103-09-22-54
2025-01-05 20:15:47.770 | WARNING  | __main__:node_main:95 - /data_cold3/origin_data/sihao_21pt6/custom_seg/ynchen_APAdingzhibucai/shuiping/20250103/sihao_21pt6_20250103-09-25-17_seg0 skip. Because too few key frame.
2025-01-05 20:15:47.771 | ERROR    | __main__:node_main:96 - 	skip sihao_21pt6_20250103-09-25-17_seg0 for not seleted, car_name = sihao_21pt6, 20250103-09-25-17
2025-01-05 20:15:48.273 | WARNING  | __main__:node_main:95 - /data_cold3/origin_data/sihao_21pt6/custom_seg/ynchen_APAdingzhibucai/shuiping/20250103/sihao_21pt6_20250103-09-30-27_seg0 skip. Because too few key frame.
2025-01-05 20:15:48.273 | ERROR    | __main__:node_main:96 - 	skip sihao_21pt6_20250103-09-30-27_seg0 for not seleted, car_name = sihao_21pt6, 20250103-09-30-27
2025-01-05 20:15:48.591 | WARNING  | __main__:node_main:95 - /data_cold3/origin_data/sihao_21pt6/custom_seg/ynchen_APAdingzhibucai/shuiping/20250103/sihao_21pt6_20250103-09-33-02_seg0 skip. Because too few key frame.
2025-01-05 20:15:48.592 | ERROR    | __main__:node_main:96 - 	skip sihao_21pt6_20250103-09-33-02_seg0 for not seleted, car_name = sihao_21pt6, 20250103-09-33-02
2025-01-05 20:15:48.953 | WARNING  | __main__:node_main:95 - /data_cold3/origin_data/sihao_21pt6/custom_seg/ynchen_APAdingzhibucai/shuiping/20250103/sihao_21pt6_20250103-09-38-46_seg0 skip. Because too few key frame.
2025-01-05 20:15:48.954 | ERROR    | __main__:node_main:96 - 	skip sihao_21pt6_20250103-09-38-46_seg0 for not seleted, car_name = sihao_21pt6, 20250103-09-38-46
2025-01-05 20:15:49.626 | WARNING  | __main__:node_main:95 - /data_cold3/origin_data/sihao_21pt6/custom_seg/ynchen_APAdingzhibucai/shuiping/20250103/sihao_21pt6_20250103-10-57-13_seg0 skip. Because too few key frame.
2025-01-05 20:15:49.627 | ERROR    | __main__:node_main:96 - 	skip sihao_21pt6_20250103-10-57-13_seg0 for not seleted, car_name = sihao_21pt6, 20250103-10-57-13
2025-01-05 20:15:50.227 | WARNING  | __main__:node_main:95 - /data_cold3/origin_data/sihao_21pt6/custom_seg/ynchen_APAdingzhibucai/shuiping/20250103/sihao_21pt6_20250103-10-59-56_seg0 skip. Because too few key frame.
2025-01-05 20:15:50.228 | ERROR    | __main__:node_main:96 - 	skip sihao_21pt6_20250103-10-59-56_seg0 for not seleted, car_name = sihao_21pt6, 20250103-10-59-56
2025-01-05 20:15:50.980 | WARNING  | __main__:node_main:95 - /data_cold3/origin_data/sihao_21pt6/custom_seg/ynchen_APAdingzhibucai/shuiping/20250103/sihao_21pt6_20250103-11-04-21_seg0 skip. Because too few key frame.
2025-01-05 20:15:50.981 | ERROR    | __main__:node_main:96 - 	skip sihao_21pt6_20250103-11-04-21_seg0 for not seleted, car_name = sihao_21pt6, 20250103-11-04-21
2025-01-05 20:15:51.943 | WARNING  | __main__:node_main:95 - /data_cold3/origin_data/sihao_21pt6/custom_seg/ynchen_APAdingzhibucai/shuiping/20250103/sihao_21pt6_20250103-11-06-27_seg0 skip. Because too few key frame.
2025-01-05 20:15:51.943 | ERROR    | __main__:node_main:96 - 	skip sihao_21pt6_20250103-11-06-27_seg0 for not seleted, car_name = sihao_21pt6, 20250103-11-06-27
2025-01-05 20:15:52.310 | WARNING  | __main__:node_main:95 - /data_cold3/origin_data/sihao_21pt6/custom_seg/ynchen_APAdingzhibucai/shuiping/20250103/sihao_21pt6_20250103-11-08-39_seg0 skip. Because too few key frame.
2025-01-05 20:15:52.311 | ERROR    | __main__:node_main:96 - 	skip sihao_21pt6_20250103-11-08-39_seg0 for not seleted, car_name = sihao_21pt6, 20250103-11-08-39
2025-01-05 20:15:52.641 | WARNING  | __main__:node_main:95 - /data_cold3/origin_data/sihao_21pt6/custom_seg/ynchen_APAdingzhibucai/shuiping/20250103/sihao_21pt6_20250103-11-11-17_seg0 skip. Because too few key frame.
2025-01-05 20:15:52.641 | ERROR    | __main__:node_main:96 - 	skip sihao_21pt6_20250103-11-11-17_seg0 for not seleted, car_name = sihao_21pt6, 20250103-11-11-17
2025-01-05 20:15:53.018 | WARNING  | __main__:node_main:95 - /data_cold3/origin_data/sihao_21pt6/custom_seg/ynchen_APAdingzhibucai/shuiping/20250103/sihao_21pt6_20250103-11-13-04_seg0 skip. Because too few key frame.
2025-01-05 20:15:53.019 | ERROR    | __main__:node_main:96 - 	skip sihao_21pt6_20250103-11-13-04_seg0 for not seleted, car_name = sihao_21pt6, 20250103-11-13-04
2025-01-05 20:15:53.258 | WARNING  | __main__:node_main:95 - /data_cold3/origin_data/sihao_21pt6/custom_seg/ynchen_APAdingzhibucai/shuiping/20250103/sihao_21pt6_20250103-11-14-34_seg0 skip. Because too few key frame.
2025-01-05 20:15:53.259 | ERROR    | __main__:node_main:96 - 	skip sihao_21pt6_20250103-11-14-34_seg0 for not seleted, car_name = sihao_21pt6, 20250103-11-14-34
2025-01-05 20:15:53.544 | WARNING  | __main__:node_main:95 - /data_cold3/origin_data/sihao_21pt6/custom_seg/ynchen_APAdingzhibucai/shuiping/20250103/sihao_21pt6_20250103-11-17-57_seg0 skip. Because too few key frame.
2025-01-05 20:15:53.544 | ERROR    | __main__:node_main:96 - 	skip sihao_21pt6_20250103-11-17-57_seg0 for not seleted, car_name = sihao_21pt6, 20250103-11-17-57
2025-01-05 20:15:53.979 | WARNING  | __main__:node_main:95 - /data_cold3/origin_data/sihao_21pt6/custom_seg/ynchen_APAdingzhibucai/shuiping/20250103/sihao_21pt6_20250103-11-24-15_seg0 skip. Because too few key frame.
2025-01-05 20:15:53.979 | ERROR    | __main__:node_main:96 - 	skip sihao_21pt6_20250103-11-24-15_seg0 for not seleted, car_name = sihao_21pt6, 20250103-11-24-15
2025-01-05 20:15:54.355 | WARNING  | __main__:node_main:95 - /data_cold3/origin_data/sihao_21pt6/custom_seg/ynchen_APAdingzhibucai/shuiping/20250103/sihao_21pt6_20250103-11-27-00_seg0 skip. Because too few key frame.
2025-01-05 20:15:54.355 | ERROR    | __main__:node_main:96 - 	skip sihao_21pt6_20250103-11-27-00_seg0 for not seleted, car_name = sihao_21pt6, 20250103-11-27-00
2025-01-05 20:15:55.515 | WARNING  | __main__:node_main:95 - /data_cold3/origin_data/sihao_21pt6/custom_seg/ynchen_APAdingzhibucai/shuiping/20250103/sihao_21pt6_20250103-13-54-45_seg0 skip. Because too few key frame.
2025-01-05 20:15:55.516 | ERROR    | __main__:node_main:96 - 	skip sihao_21pt6_20250103-13-54-45_seg0 for not seleted, car_name = sihao_21pt6, 20250103-13-54-45
2025-01-05 20:15:55.980 | WARNING  | __main__:node_main:95 - /data_cold3/origin_data/sihao_21pt6/custom_seg/ynchen_APAdingzhibucai/shuiping/20250103/sihao_21pt6_20250103-13-57-15_seg0 skip. Because too few key frame.
2025-01-05 20:15:55.981 | ERROR    | __main__:node_main:96 - 	skip sihao_21pt6_20250103-13-57-15_seg0 for not seleted, car_name = sihao_21pt6, 20250103-13-57-15
2025-01-05 20:15:56.477 | INFO     | __main__:node_main:116 - Prepare Lane Check Data sihao_21pt6_20250103-14-01-41_seg0 in /data_autodrive/auto/custom/sihao_21pt6/ynchen_APAdingzhibucai/shuiping/clip_lane/20250103
2025-01-05 20:15:59.506 | WARNING  | __main__:node_main:95 - /data_cold3/origin_data/sihao_21pt6/custom_seg/ynchen_APAdingzhibucai/shuiping/20250103/sihao_21pt6_20250103-14-04-38_seg0 skip. Because too few key frame.
2025-01-05 20:15:59.506 | ERROR    | __main__:node_main:96 - 	skip sihao_21pt6_20250103-14-04-38_seg0 for not seleted, car_name = sihao_21pt6, 20250103-14-04-38
2025-01-05 20:15:59.934 | WARNING  | __main__:node_main:95 - /data_cold3/origin_data/sihao_21pt6/custom_seg/ynchen_APAdingzhibucai/shuiping/20250103/sihao_21pt6_20250103-14-06-05_seg0 skip. Because too few key frame.
2025-01-05 20:15:59.934 | ERROR    | __main__:node_main:96 - 	skip sihao_21pt6_20250103-14-06-05_seg0 for not seleted, car_name = sihao_21pt6, 20250103-14-06-05
2025-01-05 20:16:00.510 | WARNING  | __main__:node_main:95 - /data_cold3/origin_data/sihao_21pt6/custom_seg/ynchen_APAdingzhibucai/shuiping/20250103/sihao_21pt6_20250103-14-07-42_seg0 skip. Because too few key frame.
2025-01-05 20:16:00.511 | ERROR    | __main__:node_main:96 - 	skip sihao_21pt6_20250103-14-07-42_seg0 for not seleted, car_name = sihao_21pt6, 20250103-14-07-42
2025-01-05 20:16:00.891 | WARNING  | __main__:node_main:95 - /data_cold3/origin_data/sihao_21pt6/custom_seg/ynchen_APAdingzhibucai/shuiping/20250103/sihao_21pt6_20250103-14-10-09_seg0 skip. Because too few key frame.
2025-01-05 20:16:00.892 | ERROR    | __main__:node_main:96 - 	skip sihao_21pt6_20250103-14-10-09_seg0 for not seleted, car_name = sihao_21pt6, 20250103-14-10-09
2025-01-05 20:16:01.366 | WARNING  | __main__:node_main:95 - /data_cold3/origin_data/sihao_21pt6/custom_seg/ynchen_APAdingzhibucai/shuiping/20250103/sihao_21pt6_20250103-14-11-59_seg0 skip. Because too few key frame.
2025-01-05 20:16:01.366 | ERROR    | __main__:node_main:96 - 	skip sihao_21pt6_20250103-14-11-59_seg0 for not seleted, car_name = sihao_21pt6, 20250103-14-11-59
2025-01-05 20:16:01.696 | WARNING  | __main__:node_main:95 - /data_cold3/origin_data/sihao_21pt6/custom_seg/ynchen_APAdingzhibucai/shuiping/20250103/sihao_21pt6_20250103-14-14-14_seg0 skip. Because too few key frame.
2025-01-05 20:16:01.697 | ERROR    | __main__:node_main:96 - 	skip sihao_21pt6_20250103-14-14-14_seg0 for not seleted, car_name = sihao_21pt6, 20250103-14-14-14
2025-01-05 20:16:02.006 | WARNING  | __main__:node_main:95 - /data_cold3/origin_data/sihao_21pt6/custom_seg/ynchen_APAdingzhibucai/shuiping/20250103/sihao_21pt6_20250103-14-15-43_seg0 skip. Because too few key frame.
2025-01-05 20:16:02.006 | ERROR    | __main__:node_main:96 - 	skip sihao_21pt6_20250103-14-15-43_seg0 for not seleted, car_name = sihao_21pt6, 20250103-14-15-43
2025-01-05 20:16:02.420 | WARNING  | __main__:node_main:95 - /data_cold3/origin_data/sihao_21pt6/custom_seg/ynchen_APAdingzhibucai/shuiping/20250103/sihao_21pt6_20250103-14-17-13_seg0 skip. Because too few key frame.
2025-01-05 20:16:02.421 | ERROR    | __main__:node_main:96 - 	skip sihao_21pt6_20250103-14-17-13_seg0 for not seleted, car_name = sihao_21pt6, 20250103-14-17-13
2025-01-05 20:16:02.793 | WARNING  | __main__:node_main:95 - /data_cold3/origin_data/sihao_21pt6/custom_seg/ynchen_APAdingzhibucai/shuiping/20250103/sihao_21pt6_20250103-14-54-48_seg0 skip. Because too few key frame.
2025-01-05 20:16:02.793 | ERROR    | __main__:node_main:96 - 	skip sihao_21pt6_20250103-14-54-48_seg0 for not seleted, car_name = sihao_21pt6, 20250103-14-54-48
2025-01-05 20:16:03.144 | WARNING  | __main__:node_main:95 - /data_cold3/origin_data/sihao_21pt6/custom_seg/ynchen_APAdingzhibucai/shuiping/20250103/sihao_21pt6_20250103-14-57-43_seg0 skip. Because too few key frame.
2025-01-05 20:16:03.145 | ERROR    | __main__:node_main:96 - 	skip sihao_21pt6_20250103-14-57-43_seg0 for not seleted, car_name = sihao_21pt6, 20250103-14-57-43
2025-01-05 20:16:03.713 | WARNING  | __main__:node_main:95 - /data_cold3/origin_data/sihao_21pt6/custom_seg/ynchen_APAdingzhibucai/shuiping/20250103/sihao_21pt6_20250103-15-00-05_seg0 skip. Because too few key frame.
2025-01-05 20:16:03.713 | ERROR    | __main__:node_main:96 - 	skip sihao_21pt6_20250103-15-00-05_seg0 for not seleted, car_name = sihao_21pt6, 20250103-15-00-05
2025-01-05 20:16:04.012 | WARNING  | __main__:node_main:95 - /data_cold3/origin_data/sihao_21pt6/custom_seg/ynchen_APAdingzhibucai/shuiping/20250103/sihao_21pt6_20250103-15-02-46_seg0 skip. Because too few key frame.
2025-01-05 20:16:04.012 | ERROR    | __main__:node_main:96 - 	skip sihao_21pt6_20250103-15-02-46_seg0 for not seleted, car_name = sihao_21pt6, 20250103-15-02-46
2025-01-05 20:16:04.253 | WARNING  | __main__:node_main:95 - /data_cold3/origin_data/sihao_21pt6/custom_seg/ynchen_APAdingzhibucai/shuiping/20250103/sihao_21pt6_20250103-15-04-04_seg0 skip. Because too few key frame.
2025-01-05 20:16:04.253 | ERROR    | __main__:node_main:96 - 	skip sihao_21pt6_20250103-15-04-04_seg0 for not seleted, car_name = sihao_21pt6, 20250103-15-04-04
2025-01-05 20:16:04.674 | WARNING  | __main__:node_main:95 - /data_cold3/origin_data/sihao_21pt6/custom_seg/ynchen_APAdingzhibucai/shuiping/20250103/sihao_21pt6_20250103-15-05-15_seg0 skip. Because too few key frame.
2025-01-05 20:16:04.674 | ERROR    | __main__:node_main:96 - 	skip sihao_21pt6_20250103-15-05-15_seg0 for not seleted, car_name = sihao_21pt6, 20250103-15-05-15
2025-01-05 20:16:05.122 | WARNING  | __main__:node_main:95 - /data_cold3/origin_data/sihao_21pt6/custom_seg/ynchen_APAdingzhibucai/shuiping/20250103/sihao_21pt6_20250103-15-13-15_seg0 skip. Because too few key frame.
2025-01-05 20:16:05.122 | ERROR    | __main__:node_main:96 - 	skip sihao_21pt6_20250103-15-13-15_seg0 for not seleted, car_name = sihao_21pt6, 20250103-15-13-15
2025-01-05 20:16:05.526 | WARNING  | __main__:node_main:95 - /data_cold3/origin_data/sihao_21pt6/custom_seg/ynchen_APAdingzhibucai/shuiping/20250103/sihao_21pt6_20250103-15-14-54_seg0 skip. Because too few key frame.
2025-01-05 20:16:05.526 | ERROR    | __main__:node_main:96 - 	skip sihao_21pt6_20250103-15-14-54_seg0 for not seleted, car_name = sihao_21pt6, 20250103-15-14-54
2025-01-05 20:16:05.883 | WARNING  | __main__:node_main:95 - /data_cold3/origin_data/sihao_21pt6/custom_seg/ynchen_APAdingzhibucai/shuiping/20250103/sihao_21pt6_20250103-15-24-53_seg0 skip. Because too few key frame.
2025-01-05 20:16:05.884 | ERROR    | __main__:node_main:96 - 	skip sihao_21pt6_20250103-15-24-53_seg0 for not seleted, car_name = sihao_21pt6, 20250103-15-24-53
2025-01-05 20:16:06.215 | WARNING  | __main__:node_main:95 - /data_cold3/origin_data/sihao_21pt6/custom_seg/ynchen_APAdingzhibucai/shuiping/20250103/sihao_21pt6_20250103-15-36-56_seg0 skip. Because too few key frame.
2025-01-05 20:16:06.215 | ERROR    | __main__:node_main:96 - 	skip sihao_21pt6_20250103-15-36-56_seg0 for not seleted, car_name = sihao_21pt6, 20250103-15-36-56
2025-01-05 20:16:06.514 | WARNING  | __main__:node_main:95 - /data_cold3/origin_data/sihao_21pt6/custom_seg/ynchen_APAdingzhibucai/shuiping/20250103/sihao_21pt6_20250103-15-38-36_seg0 skip. Because too few key frame.
2025-01-05 20:16:06.515 | ERROR    | __main__:node_main:96 - 	skip sihao_21pt6_20250103-15-38-36_seg0 for not seleted, car_name = sihao_21pt6, 20250103-15-38-36
2025-01-05 20:16:06.791 | WARNING  | __main__:node_main:95 - /data_cold3/origin_data/sihao_21pt6/custom_seg/ynchen_APAdingzhibucai/shuiping/20250103/sihao_21pt6_20250103-15-41-09_seg0 skip. Because too few key frame.
2025-01-05 20:16:06.791 | ERROR    | __main__:node_main:96 - 	skip sihao_21pt6_20250103-15-41-09_seg0 for not seleted, car_name = sihao_21pt6, 20250103-15-41-09
2025-01-05 20:16:07.056 | WARNING  | __main__:node_main:95 - /data_cold3/origin_data/sihao_21pt6/custom_seg/ynchen_APAdingzhibucai/shuiping/20250103/sihao_21pt6_20250103-15-42-25_seg0 skip. Because too few key frame.
2025-01-05 20:16:07.056 | ERROR    | __main__:node_main:96 - 	skip sihao_21pt6_20250103-15-42-25_seg0 for not seleted, car_name = sihao_21pt6, 20250103-15-42-25
2025-01-05 20:16:07.369 | WARNING  | __main__:node_main:95 - /data_cold3/origin_data/sihao_21pt6/custom_seg/ynchen_APAdingzhibucai/shuiping/20250103/sihao_21pt6_20250103-15-44-07_seg0 skip. Because too few key frame.
2025-01-05 20:16:07.370 | ERROR    | __main__:node_main:96 - 	skip sihao_21pt6_20250103-15-44-07_seg0 for not seleted, car_name = sihao_21pt6, 20250103-15-44-07
2025-01-05 20:16:07.671 | WARNING  | __main__:node_main:95 - /data_cold3/origin_data/sihao_21pt6/custom_seg/ynchen_APAdingzhibucai/shuiping/20250103/sihao_21pt6_20250103-15-46-03_seg0 skip. Because too few key frame.
2025-01-05 20:16:07.672 | ERROR    | __main__:node_main:96 - 	skip sihao_21pt6_20250103-15-46-03_seg0 for not seleted, car_name = sihao_21pt6, 20250103-15-46-03
2025-01-05 20:16:07.952 | WARNING  | __main__:node_main:95 - /data_cold3/origin_data/sihao_21pt6/custom_seg/ynchen_APAdingzhibucai/shuiping/20250103/sihao_21pt6_20250103-15-48-25_seg0 skip. Because too few key frame.
2025-01-05 20:16:07.952 | ERROR    | __main__:node_main:96 - 	skip sihao_21pt6_20250103-15-48-25_seg0 for not seleted, car_name = sihao_21pt6, 20250103-15-48-25
2025-01-05 20:16:08.380 | WARNING  | __main__:node_main:95 - /data_cold3/origin_data/sihao_21pt6/custom_seg/ynchen_APAdingzhibucai/shuiping/20250103/sihao_21pt6_20250103-15-50-58_seg0 skip. Because too few key frame.
2025-01-05 20:16:08.381 | ERROR    | __main__:node_main:96 - 	skip sihao_21pt6_20250103-15-50-58_seg0 for not seleted, car_name = sihao_21pt6, 20250103-15-50-58
2025-01-05 20:16:08.737 | WARNING  | __main__:node_main:95 - /data_cold3/origin_data/sihao_21pt6/custom_seg/ynchen_APAdingzhibucai/shuiping/20250103/sihao_21pt6_20250103-15-52-56_seg0 skip. Because too few key frame.
2025-01-05 20:16:08.738 | ERROR    | __main__:node_main:96 - 	skip sihao_21pt6_20250103-15-52-56_seg0 for not seleted, car_name = sihao_21pt6, 20250103-15-52-56
2025-01-05 20:16:09.364 | WARNING  | __main__:node_main:95 - /data_cold3/origin_data/sihao_21pt6/custom_seg/ynchen_APAdingzhibucai/shuiping/20250103/sihao_21pt6_20250103-15-54-24_seg0 skip. Because too few key frame.
2025-01-05 20:16:09.364 | ERROR    | __main__:node_main:96 - 	skip sihao_21pt6_20250103-15-54-24_seg0 for not seleted, car_name = sihao_21pt6, 20250103-15-54-24
2025-01-05 20:16:09.632 | WARNING  | __main__:node_main:95 - /data_cold3/origin_data/sihao_21pt6/custom_seg/ynchen_APAdingzhibucai/shuiping/20250103/sihao_21pt6_20250103-19-26-11_seg0 skip. Because too few key frame.
2025-01-05 20:16:09.633 | ERROR    | __main__:node_main:96 - 	skip sihao_21pt6_20250103-19-26-11_seg0 for not seleted, car_name = sihao_21pt6, 20250103-19-26-11
2025-01-05 20:16:09.970 | WARNING  | __main__:node_main:95 - /data_cold3/origin_data/sihao_21pt6/custom_seg/ynchen_APAdingzhibucai/shuiping/20250103/sihao_21pt6_20250103-19-27-28_seg0 skip. Because too few key frame.
2025-01-05 20:16:09.971 | ERROR    | __main__:node_main:96 - 	skip sihao_21pt6_20250103-19-27-28_seg0 for not seleted, car_name = sihao_21pt6, 20250103-19-27-28
2025-01-05 20:16:10.412 | WARNING  | __main__:node_main:95 - /data_cold3/origin_data/sihao_21pt6/custom_seg/ynchen_APAdingzhibucai/shuiping/20250103/sihao_21pt6_20250103-19-29-05_seg0 skip. Because too few key frame.
2025-01-05 20:16:10.412 | ERROR    | __main__:node_main:96 - 	skip sihao_21pt6_20250103-19-29-05_seg0 for not seleted, car_name = sihao_21pt6, 20250103-19-29-05
2025-01-05 20:16:10.793 | WARNING  | __main__:node_main:95 - /data_cold3/origin_data/sihao_21pt6/custom_seg/ynchen_APAdingzhibucai/shuiping/20250103/sihao_21pt6_20250103-19-31-41_seg0 skip. Because too few key frame.
2025-01-05 20:16:10.794 | ERROR    | __main__:node_main:96 - 	skip sihao_21pt6_20250103-19-31-41_seg0 for not seleted, car_name = sihao_21pt6, 20250103-19-31-41
2025-01-05 20:16:11.204 | WARNING  | __main__:node_main:95 - /data_cold3/origin_data/sihao_21pt6/custom_seg/ynchen_APAdingzhibucai/shuiping/20250103/sihao_21pt6_20250103-19-32-56_seg0 skip. Because too few key frame.
2025-01-05 20:16:11.205 | ERROR    | __main__:node_main:96 - 	skip sihao_21pt6_20250103-19-32-56_seg0 for not seleted, car_name = sihao_21pt6, 20250103-19-32-56
2025-01-05 20:16:11.684 | WARNING  | __main__:node_main:95 - /data_cold3/origin_data/sihao_21pt6/custom_seg/ynchen_APAdingzhibucai/shuiping/20250103/sihao_21pt6_20250103-19-34-35_seg0 skip. Because too few key frame.
2025-01-05 20:16:11.684 | ERROR    | __main__:node_main:96 - 	skip sihao_21pt6_20250103-19-34-35_seg0 for not seleted, car_name = sihao_21pt6, 20250103-19-34-35
2025-01-05 20:16:12.052 | WARNING  | __main__:node_main:95 - /data_cold3/origin_data/sihao_21pt6/custom_seg/ynchen_APAdingzhibucai/shuiping/20250103/sihao_21pt6_20250103-19-36-37_seg0 skip. Because too few key frame.
2025-01-05 20:16:12.052 | ERROR    | __main__:node_main:96 - 	skip sihao_21pt6_20250103-19-36-37_seg0 for not seleted, car_name = sihao_21pt6, 20250103-19-36-37
2025-01-05 20:16:12.294 | WARNING  | __main__:node_main:95 - /data_cold3/origin_data/sihao_21pt6/custom_seg/ynchen_APAdingzhibucai/shuiping/20250103/sihao_21pt6_20250103-19-38-24_seg0 skip. Because too few key frame.
2025-01-05 20:16:12.294 | ERROR    | __main__:node_main:96 - 	skip sihao_21pt6_20250103-19-38-24_seg0 for not seleted, car_name = sihao_21pt6, 20250103-19-38-24
2025-01-05 20:16:12.690 | WARNING  | __main__:node_main:95 - /data_cold3/origin_data/sihao_21pt6/custom_seg/ynchen_APAdingzhibucai/shuiping/20250103/sihao_21pt6_20250103-19-39-46_seg0 skip. Because too few key frame.
2025-01-05 20:16:12.690 | ERROR    | __main__:node_main:96 - 	skip sihao_21pt6_20250103-19-39-46_seg0 for not seleted, car_name = sihao_21pt6, 20250103-19-39-46
2025-01-05 20:16:12.942 | WARNING  | __main__:node_main:95 - /data_cold3/origin_data/sihao_21pt6/custom_seg/ynchen_APAdingzhibucai/shuiping/20250103/sihao_21pt6_20250103-19-41-47_seg0 skip. Because too few key frame.
2025-01-05 20:16:12.942 | ERROR    | __main__:node_main:96 - 	skip sihao_21pt6_20250103-19-41-47_seg0 for not seleted, car_name = sihao_21pt6, 20250103-19-41-47
2025-01-05 20:16:13.229 | WARNING  | __main__:node_main:95 - /data_cold3/origin_data/sihao_21pt6/custom_seg/ynchen_APAdingzhibucai/shuiping/20250103/sihao_21pt6_20250103-19-48-40_seg0 skip. Because too few key frame.
2025-01-05 20:16:13.230 | ERROR    | __main__:node_main:96 - 	skip sihao_21pt6_20250103-19-48-40_seg0 for not seleted, car_name = sihao_21pt6, 20250103-19-48-40
2025-01-05 20:16:13.531 | WARNING  | __main__:node_main:95 - /data_cold3/origin_data/sihao_21pt6/custom_seg/ynchen_APAdingzhibucai/shuiping/20250103/sihao_21pt6_20250103-19-50-27_seg0 skip. Because too few key frame.
2025-01-05 20:16:13.532 | ERROR    | __main__:node_main:96 - 	skip sihao_21pt6_20250103-19-50-27_seg0 for not seleted, car_name = sihao_21pt6, 20250103-19-50-27
2025-01-05 20:16:13.969 | WARNING  | __main__:node_main:95 - /data_cold3/origin_data/sihao_21pt6/custom_seg/ynchen_APAdingzhibucai/shuiping/20250103/sihao_21pt6_20250103-19-51-51_seg0 skip. Because too few key frame.
2025-01-05 20:16:13.970 | ERROR    | __main__:node_main:96 - 	skip sihao_21pt6_20250103-19-51-51_seg0 for not seleted, car_name = sihao_21pt6, 20250103-19-51-51
2025-01-05 20:16:14.240 | WARNING  | __main__:node_main:95 - /data_cold3/origin_data/sihao_21pt6/custom_seg/ynchen_APAdingzhibucai/shuiping/20250103/sihao_21pt6_20250103-19-53-13_seg0 skip. Because too few key frame.
2025-01-05 20:16:14.241 | ERROR    | __main__:node_main:96 - 	skip sihao_21pt6_20250103-19-53-13_seg0 for not seleted, car_name = sihao_21pt6, 20250103-19-53-13
2025-01-05 20:16:14.733 | WARNING  | __main__:node_main:95 - /data_cold3/origin_data/sihao_21pt6/custom_seg/ynchen_APAdingzhibucai/shuiping/20250103/sihao_21pt6_20250103-19-54-36_seg0 skip. Because too few key frame.
2025-01-05 20:16:14.733 | ERROR    | __main__:node_main:96 - 	skip sihao_21pt6_20250103-19-54-36_seg0 for not seleted, car_name = sihao_21pt6, 20250103-19-54-36
2025-01-05 20:16:14.970 | WARNING  | __main__:node_main:95 - /data_cold3/origin_data/sihao_21pt6/custom_seg/ynchen_APAdingzhibucai/shuiping/20250103/sihao_21pt6_20250103-19-56-11_seg0 skip. Because too few key frame.
2025-01-05 20:16:14.971 | ERROR    | __main__:node_main:96 - 	skip sihao_21pt6_20250103-19-56-11_seg0 for not seleted, car_name = sihao_21pt6, 20250103-19-56-11
2025-01-05 20:16:15.392 | WARNING  | __main__:node_main:95 - /data_cold3/origin_data/sihao_21pt6/custom_seg/ynchen_APAdingzhibucai/shuiping/20250103/sihao_21pt6_20250103-19-57-45_seg0 skip. Because too few key frame.
2025-01-05 20:16:15.392 | ERROR    | __main__:node_main:96 - 	skip sihao_21pt6_20250103-19-57-45_seg0 for not seleted, car_name = sihao_21pt6, 20250103-19-57-45
2025-01-05 20:16:15.828 | WARNING  | __main__:node_main:95 - /data_cold3/origin_data/sihao_21pt6/custom_seg/ynchen_APAdingzhibucai/shuiping/20250103/sihao_21pt6_20250103-19-59-15_seg0 skip. Because too few key frame.
2025-01-05 20:16:15.828 | ERROR    | __main__:node_main:96 - 	skip sihao_21pt6_20250103-19-59-15_seg0 for not seleted, car_name = sihao_21pt6, 20250103-19-59-15
2025-01-05 20:16:16.336 | WARNING  | __main__:node_main:95 - /data_cold3/origin_data/sihao_21pt6/custom_seg/ynchen_APAdingzhibucai/shuiping/20250103/sihao_21pt6_20250103-20-02-34_seg0 skip. Because too few key frame.
2025-01-05 20:16:16.337 | ERROR    | __main__:node_main:96 - 	skip sihao_21pt6_20250103-20-02-34_seg0 for not seleted, car_name = sihao_21pt6, 20250103-20-02-34
2025-01-05 20:16:16.714 | WARNING  | __main__:node_main:95 - /data_cold3/origin_data/sihao_21pt6/custom_seg/ynchen_APAdingzhibucai/shuiping/20250103/sihao_21pt6_20250103-20-03-59_seg0 skip. Because too few key frame.
2025-01-05 20:16:16.714 | ERROR    | __main__:node_main:96 - 	skip sihao_21pt6_20250103-20-03-59_seg0 for not seleted, car_name = sihao_21pt6, 20250103-20-03-59
2025-01-05 20:16:17.049 | WARNING  | __main__:node_main:95 - /data_cold3/origin_data/sihao_21pt6/custom_seg/ynchen_APAdingzhibucai/shuiping/20250103/sihao_21pt6_20250103-20-09-56_seg0 skip. Because too few key frame.
2025-01-05 20:16:17.049 | ERROR    | __main__:node_main:96 - 	skip sihao_21pt6_20250103-20-09-56_seg0 for not seleted, car_name = sihao_21pt6, 20250103-20-09-56
2025-01-05 20:16:17.395 | WARNING  | __main__:node_main:95 - /data_cold3/origin_data/sihao_21pt6/custom_seg/ynchen_APAdingzhibucai/shuiping/20250103/sihao_21pt6_20250103-20-12-01_seg0 skip. Because too few key frame.
2025-01-05 20:16:17.395 | ERROR    | __main__:node_main:96 - 	skip sihao_21pt6_20250103-20-12-01_seg0 for not seleted, car_name = sihao_21pt6, 20250103-20-12-01
2025-01-05 20:16:17.742 | WARNING  | __main__:node_main:95 - /data_cold3/origin_data/sihao_21pt6/custom_seg/ynchen_APAdingzhibucai/shuiping/20250103/sihao_21pt6_20250103-20-15-03_seg0 skip. Because too few key frame.
2025-01-05 20:16:17.742 | ERROR    | __main__:node_main:96 - 	skip sihao_21pt6_20250103-20-15-03_seg0 for not seleted, car_name = sihao_21pt6, 20250103-20-15-03
2025-01-05 20:16:18.223 | WARNING  | __main__:node_main:95 - /data_cold3/origin_data/sihao_21pt6/custom_seg/ynchen_APAdingzhibucai/shuiping/20250103/sihao_21pt6_20250103-20-16-28_seg0 skip. Because too few key frame.
2025-01-05 20:16:18.224 | ERROR    | __main__:node_main:96 - 	skip sihao_21pt6_20250103-20-16-28_seg0 for not seleted, car_name = sihao_21pt6, 20250103-20-16-28
2025-01-05 20:16:18.541 | WARNING  | __main__:node_main:95 - /data_cold3/origin_data/sihao_21pt6/custom_seg/ynchen_APAdingzhibucai/shuiping/20250103/sihao_21pt6_20250103-20-17-57_seg0 skip. Because too few key frame.
2025-01-05 20:16:18.541 | ERROR    | __main__:node_main:96 - 	skip sihao_21pt6_20250103-20-17-57_seg0 for not seleted, car_name = sihao_21pt6, 20250103-20-17-57
2025-01-05 20:16:18.802 | WARNING  | __main__:node_main:95 - /data_cold3/origin_data/sihao_21pt6/custom_seg/ynchen_APAdingzhibucai/shuiping/20250103/sihao_21pt6_20250103-20-19-35_seg0 skip. Because too few key frame.
2025-01-05 20:16:18.803 | ERROR    | __main__:node_main:96 - 	skip sihao_21pt6_20250103-20-19-35_seg0 for not seleted, car_name = sihao_21pt6, 20250103-20-19-35
2025-01-05 20:16:19.013 | WARNING  | __main__:node_main:95 - /data_cold3/origin_data/sihao_21pt6/custom_seg/ynchen_APAdingzhibucai/shuiping/20250103/sihao_21pt6_20250103-20-21-09_seg0 skip. Because too few key frame.
2025-01-05 20:16:19.014 | ERROR    | __main__:node_main:96 - 	skip sihao_21pt6_20250103-20-21-09_seg0 for not seleted, car_name = sihao_21pt6, 20250103-20-21-09
2025-01-05 20:16:19.200 | WARNING  | __main__:node_main:95 - /data_cold3/origin_data/sihao_21pt6/custom_seg/ynchen_APAdingzhibucai/shuiping/20250103/sihao_21pt6_20250103-20-36-36_seg0 skip. Because too few key frame.
2025-01-05 20:16:19.201 | ERROR    | __main__:node_main:96 - 	skip sihao_21pt6_20250103-20-36-36_seg0 for not seleted, car_name = sihao_21pt6, 20250103-20-36-36
2025-01-05 20:16:19.438 | WARNING  | __main__:node_main:95 - /data_cold3/origin_data/sihao_21pt6/custom_seg/ynchen_APAdingzhibucai/shuiping/20250103/sihao_21pt6_20250103-20-37-48_seg0 skip. Because too few key frame.
2025-01-05 20:16:19.439 | ERROR    | __main__:node_main:96 - 	skip sihao_21pt6_20250103-20-37-48_seg0 for not seleted, car_name = sihao_21pt6, 20250103-20-37-48
2025-01-05 20:16:19.787 | WARNING  | __main__:node_main:95 - /data_cold3/origin_data/sihao_21pt6/custom_seg/ynchen_APAdingzhibucai/shuiping/20250103/sihao_21pt6_20250103-20-39-02_seg0 skip. Because too few key frame.
2025-01-05 20:16:19.787 | ERROR    | __main__:node_main:96 - 	skip sihao_21pt6_20250103-20-39-02_seg0 for not seleted, car_name = sihao_21pt6, 20250103-20-39-02
2025-01-05 20:16:20.313 | WARNING  | __main__:node_main:95 - /data_cold3/origin_data/sihao_21pt6/custom_seg/ynchen_APAdingzhibucai/shuiping/20250103/sihao_21pt6_20250103-20-40-30_seg0 skip. Because too few key frame.
2025-01-05 20:16:20.314 | ERROR    | __main__:node_main:96 - 	skip sihao_21pt6_20250103-20-40-30_seg0 for not seleted, car_name = sihao_21pt6, 20250103-20-40-30
2025-01-05 20:16:20.580 | WARNING  | __main__:node_main:95 - /data_cold3/origin_data/sihao_21pt6/custom_seg/ynchen_APAdingzhibucai/shuiping/20250103/sihao_21pt6_20250103-21-27-37_seg0 skip. Because too few key frame.
2025-01-05 20:16:20.580 | ERROR    | __main__:node_main:96 - 	skip sihao_21pt6_20250103-21-27-37_seg0 for not seleted, car_name = sihao_21pt6, 20250103-21-27-37
2025-01-05 20:16:20.829 | WARNING  | __main__:node_main:95 - /data_cold3/origin_data/sihao_21pt6/custom_seg/ynchen_APAdingzhibucai/shuiping/20250103/sihao_21pt6_20250103-21-30-07_seg0 skip. Because too few key frame.
2025-01-05 20:16:20.830 | ERROR    | __main__:node_main:96 - 	skip sihao_21pt6_20250103-21-30-07_seg0 for not seleted, car_name = sihao_21pt6, 20250103-21-30-07
2025-01-05 20:16:21.391 | WARNING  | __main__:node_main:95 - /data_cold3/origin_data/sihao_21pt6/custom_seg/ynchen_APAdingzhibucai/shuiping/20250103/sihao_21pt6_20250103-21-35-18_seg0 skip. Because too few key frame.
2025-01-05 20:16:21.392 | ERROR    | __main__:node_main:96 - 	skip sihao_21pt6_20250103-21-35-18_seg0 for not seleted, car_name = sihao_21pt6, 20250103-21-35-18
2025-01-05 20:16:21.752 | WARNING  | __main__:node_main:95 - /data_cold3/origin_data/sihao_21pt6/custom_seg/ynchen_APAdingzhibucai/shuiping/20250103/sihao_21pt6_20250103-21-37-33_seg0 skip. Because too few key frame.
2025-01-05 20:16:21.752 | ERROR    | __main__:node_main:96 - 	skip sihao_21pt6_20250103-21-37-33_seg0 for not seleted, car_name = sihao_21pt6, 20250103-21-37-33
2025-01-05 20:16:22.084 | WARNING  | __main__:node_main:95 - /data_cold3/origin_data/sihao_21pt6/custom_seg/ynchen_APAdingzhibucai/shuiping/20250103/sihao_21pt6_20250103-21-43-22_seg0 skip. Because too few key frame.
2025-01-05 20:16:22.085 | ERROR    | __main__:node_main:96 - 	skip sihao_21pt6_20250103-21-43-22_seg0 for not seleted, car_name = sihao_21pt6, 20250103-21-43-22
2025-01-05 20:16:22.655 | WARNING  | __main__:node_main:95 - /data_cold3/origin_data/sihao_21pt6/custom_seg/ynchen_APAdingzhibucai/shuiping/20250103/sihao_21pt6_20250103-21-49-50_seg0 skip. Because too few key frame.
2025-01-05 20:16:22.656 | ERROR    | __main__:node_main:96 - 	skip sihao_21pt6_20250103-21-49-50_seg0 for not seleted, car_name = sihao_21pt6, 20250103-21-49-50
2025-01-05 20:16:23.061 | WARNING  | __main__:node_main:95 - /data_cold3/origin_data/sihao_21pt6/custom_seg/ynchen_APAdingzhibucai/shuiping/20250103/sihao_21pt6_20250103-21-51-55_seg0 skip. Because too few key frame.
2025-01-05 20:16:23.062 | ERROR    | __main__:node_main:96 - 	skip sihao_21pt6_20250103-21-51-55_seg0 for not seleted, car_name = sihao_21pt6, 20250103-21-51-55
2025-01-05 20:16:23.364 | WARNING  | __main__:node_main:95 - /data_cold3/origin_data/sihao_21pt6/custom_seg/ynchen_APAdingzhibucai/shuiping/20250103/sihao_21pt6_20250103-21-53-47_seg0 skip. Because too few key frame.
2025-01-05 20:16:23.364 | ERROR    | __main__:node_main:96 - 	skip sihao_21pt6_20250103-21-53-47_seg0 for not seleted, car_name = sihao_21pt6, 20250103-21-53-47
2025-01-05 20:16:23.650 | WARNING  | __main__:node_main:95 - /data_cold3/origin_data/sihao_21pt6/custom_seg/ynchen_APAdingzhibucai/shuiping/20250103/sihao_21pt6_20250103-21-54-57_seg0 skip. Because too few key frame.
2025-01-05 20:16:23.650 | ERROR    | __main__:node_main:96 - 	skip sihao_21pt6_20250103-21-54-57_seg0 for not seleted, car_name = sihao_21pt6, 20250103-21-54-57
2025-01-05 20:16:24.202 | WARNING  | __main__:node_main:95 - /data_cold3/origin_data/sihao_21pt6/custom_seg/ynchen_APAdingzhibucai/shuiping/20250103/sihao_21pt6_20250103-21-56-44_seg0 skip. Because too few key frame.
2025-01-05 20:16:24.202 | ERROR    | __main__:node_main:96 - 	skip sihao_21pt6_20250103-21-56-44_seg0 for not seleted, car_name = sihao_21pt6, 20250103-21-56-44
2025-01-05 20:16:24.569 | WARNING  | __main__:node_main:95 - /data_cold3/origin_data/sihao_21pt6/custom_seg/ynchen_APAdingzhibucai/shuiping/20250103/sihao_21pt6_20250103-22-05-00_seg0 skip. Because too few key frame.
2025-01-05 20:16:24.569 | ERROR    | __main__:node_main:96 - 	skip sihao_21pt6_20250103-22-05-00_seg0 for not seleted, car_name = sihao_21pt6, 20250103-22-05-00
2025-01-05 20:16:24.849 | WARNING  | __main__:node_main:95 - /data_cold3/origin_data/sihao_21pt6/custom_seg/ynchen_APAdingzhibucai/shuiping/20250103/sihao_21pt6_20250103-22-06-34_seg0 skip. Because too few key frame.
2025-01-05 20:16:24.850 | ERROR    | __main__:node_main:96 - 	skip sihao_21pt6_20250103-22-06-34_seg0 for not seleted, car_name = sihao_21pt6, 20250103-22-06-34
2025-01-05 20:16:25.191 | WARNING  | __main__:node_main:95 - /data_cold3/origin_data/sihao_21pt6/custom_seg/ynchen_APAdingzhibucai/shuiping/20250103/sihao_21pt6_20250103-22-08-07_seg0 skip. Because too few key frame.
2025-01-05 20:16:25.192 | ERROR    | __main__:node_main:96 - 	skip sihao_21pt6_20250103-22-08-07_seg0 for not seleted, car_name = sihao_21pt6, 20250103-22-08-07
2025-01-05 20:16:25.524 | WARNING  | __main__:node_main:95 - /data_cold3/origin_data/sihao_21pt6/custom_seg/ynchen_APAdingzhibucai/shuiping/20250103/sihao_21pt6_20250103-22-09-38_seg0 skip. Because too few key frame.
2025-01-05 20:16:25.524 | ERROR    | __main__:node_main:96 - 	skip sihao_21pt6_20250103-22-09-38_seg0 for not seleted, car_name = sihao_21pt6, 20250103-22-09-38
2025-01-05 20:16:25.836 | WARNING  | __main__:node_main:95 - /data_cold3/origin_data/sihao_21pt6/custom_seg/ynchen_APAdingzhibucai/shuiping/20250103/sihao_21pt6_20250103-22-13-07_seg0 skip. Because too few key frame.
2025-01-05 20:16:25.837 | ERROR    | __main__:node_main:96 - 	skip sihao_21pt6_20250103-22-13-07_seg0 for not seleted, car_name = sihao_21pt6, 20250103-22-13-07
2025-01-05 20:16:26.510 | WARNING  | __main__:node_main:95 - /data_cold3/origin_data/sihao_21pt6/custom_seg/ynchen_APAdingzhibucai/shuiping/20250103/sihao_21pt6_20250103-22-15-10_seg0 skip. Because too few key frame.
2025-01-05 20:16:26.511 | ERROR    | __main__:node_main:96 - 	skip sihao_21pt6_20250103-22-15-10_seg0 for not seleted, car_name = sihao_21pt6, 20250103-22-15-10
2025-01-05 20:16:26.878 | WARNING  | __main__:node_main:95 - /data_cold3/origin_data/sihao_21pt6/custom_seg/ynchen_APAdingzhibucai/shuiping/20250103/sihao_21pt6_20250103-22-16-30_seg0 skip. Because too few key frame.
2025-01-05 20:16:26.878 | ERROR    | __main__:node_main:96 - 	skip sihao_21pt6_20250103-22-16-30_seg0 for not seleted, car_name = sihao_21pt6, 20250103-22-16-30
2025-01-05 20:16:27.160 | WARNING  | __main__:node_main:95 - /data_cold3/origin_data/sihao_21pt6/custom_seg/ynchen_APAdingzhibucai/shuiping/20250103/sihao_21pt6_20250103-22-17-56_seg0 skip. Because too few key frame.
2025-01-05 20:16:27.161 | ERROR    | __main__:node_main:96 - 	skip sihao_21pt6_20250103-22-17-56_seg0 for not seleted, car_name = sihao_21pt6, 20250103-22-17-56
2025-01-05 20:16:27.533 | WARNING  | __main__:node_main:95 - /data_cold3/origin_data/sihao_21pt6/custom_seg/ynchen_APAdingzhibucai/shuiping/20250103/sihao_21pt6_20250103-22-19-49_seg0 skip. Because too few key frame.
2025-01-05 20:16:27.534 | ERROR    | __main__:node_main:96 - 	skip sihao_21pt6_20250103-22-19-49_seg0 for not seleted, car_name = sihao_21pt6, 20250103-22-19-49
2025-01-05 20:16:27.775 | WARNING  | __main__:node_main:95 - /data_cold3/origin_data/sihao_21pt6/custom_seg/ynchen_APAdingzhibucai/shuiping/20250103/sihao_21pt6_20250103-22-21-21_seg0 skip. Because too few key frame.
2025-01-05 20:16:27.775 | ERROR    | __main__:node_main:96 - 	skip sihao_21pt6_20250103-22-21-21_seg0 for not seleted, car_name = sihao_21pt6, 20250103-22-21-21
2025-01-05 20:16:28.072 | WARNING  | __main__:node_main:95 - /data_cold3/origin_data/sihao_21pt6/custom_seg/ynchen_APAdingzhibucai/shuiping/20250103/sihao_21pt6_20250103-22-22-44_seg0 skip. Because too few key frame.
2025-01-05 20:16:28.072 | ERROR    | __main__:node_main:96 - 	skip sihao_21pt6_20250103-22-22-44_seg0 for not seleted, car_name = sihao_21pt6, 20250103-22-22-44
2025-01-05 20:16:28.317 | WARNING  | __main__:node_main:95 - /data_cold3/origin_data/sihao_21pt6/custom_seg/ynchen_APAdingzhibucai/shuiping/20250103/sihao_21pt6_20250103-22-24-36_seg0 skip. Because too few key frame.
2025-01-05 20:16:28.318 | ERROR    | __main__:node_main:96 - 	skip sihao_21pt6_20250103-22-24-36_seg0 for not seleted, car_name = sihao_21pt6, 20250103-22-24-36
2025-01-05 20:16:28.566 | WARNING  | __main__:node_main:95 - /data_cold3/origin_data/sihao_21pt6/custom_seg/ynchen_APAdingzhibucai/shuiping/20250103/sihao_21pt6_20250103-22-36-52_seg0 skip. Because too few key frame.
2025-01-05 20:16:28.567 | ERROR    | __main__:node_main:96 - 	skip sihao_21pt6_20250103-22-36-52_seg0 for not seleted, car_name = sihao_21pt6, 20250103-22-36-52
2025-01-05 20:16:28.789 | WARNING  | __main__:node_main:95 - /data_cold3/origin_data/sihao_21pt6/custom_seg/ynchen_APAdingzhibucai/shuiping/20250103/sihao_21pt6_20250103-22-38-28_seg0 skip. Because too few key frame.
2025-01-05 20:16:28.789 | ERROR    | __main__:node_main:96 - 	skip sihao_21pt6_20250103-22-38-28_seg0 for not seleted, car_name = sihao_21pt6, 20250103-22-38-28
2025-01-05 20:16:29.035 | WARNING  | __main__:node_main:95 - /data_cold3/origin_data/sihao_21pt6/custom_seg/ynchen_APAdingzhibucai/shuiping/20250103/sihao_21pt6_20250103-22-40-14_seg0 skip. Because too few key frame.
2025-01-05 20:16:29.036 | ERROR    | __main__:node_main:96 - 	skip sihao_21pt6_20250103-22-40-14_seg0 for not seleted, car_name = sihao_21pt6, 20250103-22-40-14
2025-01-05 20:16:29.471 | WARNING  | __main__:node_main:95 - /data_cold3/origin_data/sihao_21pt6/custom_seg/ynchen_APAdingzhibucai/shuiping/20250103/sihao_21pt6_20250103-22-42-08_seg0 skip. Because too few key frame.
2025-01-05 20:16:29.471 | ERROR    | __main__:node_main:96 - 	skip sihao_21pt6_20250103-22-42-08_seg0 for not seleted, car_name = sihao_21pt6, 20250103-22-42-08
2025-01-05 20:16:29.914 | WARNING  | __main__:node_main:95 - /data_cold3/origin_data/sihao_21pt6/custom_seg/ynchen_APAdingzhibucai/shuiping/20250103/sihao_21pt6_20250103-22-44-33_seg0 skip. Because too few key frame.
2025-01-05 20:16:29.914 | ERROR    | __main__:node_main:96 - 	skip sihao_21pt6_20250103-22-44-33_seg0 for not seleted, car_name = sihao_21pt6, 20250103-22-44-33
2025-01-05 20:16:30.503 | WARNING  | __main__:node_main:95 - /data_cold3/origin_data/sihao_21pt6/custom_seg/ynchen_APAdingzhibucai/shuiping/20250103/sihao_21pt6_20250103-22-46-20_seg0 skip. Because too few key frame.
2025-01-05 20:16:30.503 | ERROR    | __main__:node_main:96 - 	skip sihao_21pt6_20250103-22-46-20_seg0 for not seleted, car_name = sihao_21pt6, 20250103-22-46-20
2025-01-05 20:16:30.900 | WARNING  | __main__:node_main:95 - /data_cold3/origin_data/sihao_21pt6/custom_seg/ynchen_APAdingzhibucai/shuiping/20250103/sihao_21pt6_20250103-22-48-47_seg0 skip. Because too few key frame.
2025-01-05 20:16:30.900 | ERROR    | __main__:node_main:96 - 	skip sihao_21pt6_20250103-22-48-47_seg0 for not seleted, car_name = sihao_21pt6, 20250103-22-48-47
2025-01-05 20:16:31.991 | WARNING  | __main__:node_main:95 - /data_cold3/origin_data/sihao_21pt6/custom_seg/ynchen_APAdingzhibucai/shuiping/20250103/sihao_21pt6_20250103-22-52-08_seg0 skip. Because too few key frame.
2025-01-05 20:16:31.992 | ERROR    | __main__:node_main:96 - 	skip sihao_21pt6_20250103-22-52-08_seg0 for not seleted, car_name = sihao_21pt6, 20250103-22-52-08
2025-01-05 20:16:32.363 | WARNING  | __main__:node_main:95 - /data_cold3/origin_data/sihao_21pt6/custom_seg/ynchen_APAdingzhibucai/shuiping/20250103/sihao_21pt6_20250103-23-22-02_seg0 skip. Because too few key frame.
2025-01-05 20:16:32.363 | ERROR    | __main__:node_main:96 - 	skip sihao_21pt6_20250103-23-22-02_seg0 for not seleted, car_name = sihao_21pt6, 20250103-23-22-02
2025-01-05 20:16:32.672 | WARNING  | __main__:node_main:95 - /data_cold3/origin_data/sihao_21pt6/custom_seg/ynchen_APAdingzhibucai/shuiping/20250103/sihao_21pt6_20250103-23-23-35_seg0 skip. Because too few key frame.
2025-01-05 20:16:32.673 | ERROR    | __main__:node_main:96 - 	skip sihao_21pt6_20250103-23-23-35_seg0 for not seleted, car_name = sihao_21pt6, 20250103-23-23-35
2025-01-05 20:16:33.085 | WARNING  | __main__:node_main:95 - /data_cold3/origin_data/sihao_21pt6/custom_seg/ynchen_APAdingzhibucai/shuiping/20250103/sihao_21pt6_20250103-23-25-23_seg0 skip. Because too few key frame.
2025-01-05 20:16:33.085 | ERROR    | __main__:node_main:96 - 	skip sihao_21pt6_20250103-23-25-23_seg0 for not seleted, car_name = sihao_21pt6, 20250103-23-25-23
2025-01-05 20:16:33.398 | WARNING  | __main__:node_main:95 - /data_cold3/origin_data/sihao_21pt6/custom_seg/ynchen_APAdingzhibucai/shuiping/20250103/sihao_21pt6_20250103-23-31-55_seg0 skip. Because too few key frame.
2025-01-05 20:16:33.399 | ERROR    | __main__:node_main:96 - 	skip sihao_21pt6_20250103-23-31-55_seg0 for not seleted, car_name = sihao_21pt6, 20250103-23-31-55
2025-01-05 20:16:33.741 | INFO     | __main__:node_main:116 - Prepare Lane Check Data sihao_21pt6_20250103-23-33-13_seg0 in /data_autodrive/auto/custom/sihao_21pt6/ynchen_APAdingzhibucai/shuiping/clip_lane/20250103
2025-01-05 20:16:36.015 | WARNING  | __main__:node_main:95 - /data_cold3/origin_data/sihao_21pt6/custom_seg/ynchen_APAdingzhibucai/shuiping/20250103/sihao_21pt6_20250103-23-34-44_seg0 skip. Because too few key frame.
2025-01-05 20:16:36.015 | ERROR    | __main__:node_main:96 - 	skip sihao_21pt6_20250103-23-34-44_seg0 for not seleted, car_name = sihao_21pt6, 20250103-23-34-44
2025-01-05 20:16:36.434 | WARNING  | __main__:node_main:95 - /data_cold3/origin_data/sihao_21pt6/custom_seg/ynchen_APAdingzhibucai/shuiping/20250103/sihao_21pt6_20250103-23-36-11_seg0 skip. Because too few key frame.
2025-01-05 20:16:36.434 | ERROR    | __main__:node_main:96 - 	skip sihao_21pt6_20250103-23-36-11_seg0 for not seleted, car_name = sihao_21pt6, 20250103-23-36-11
2025-01-05 20:16:36.719 | WARNING  | __main__:node_main:95 - /data_cold3/origin_data/sihao_21pt6/custom_seg/ynchen_APAdingzhibucai/shuiping/20250103/sihao_21pt6_20250103-23-38-17_seg0 skip. Because too few key frame.
2025-01-05 20:16:36.720 | ERROR    | __main__:node_main:96 - 	skip sihao_21pt6_20250103-23-38-17_seg0 for not seleted, car_name = sihao_21pt6, 20250103-23-38-17
2025-01-05 20:16:37.041 | WARNING  | __main__:node_main:95 - /data_cold3/origin_data/sihao_21pt6/custom_seg/ynchen_APAdingzhibucai/shuiping/20250103/sihao_21pt6_20250103-23-43-19_seg0 skip. Because too few key frame.
2025-01-05 20:16:37.042 | ERROR    | __main__:node_main:96 - 	skip sihao_21pt6_20250103-23-43-19_seg0 for not seleted, car_name = sihao_21pt6, 20250103-23-43-19
2025-01-05 20:16:37.626 | WARNING  | __main__:node_main:95 - /data_cold3/origin_data/sihao_21pt6/custom_seg/ynchen_APAdingzhibucai/shuiping/20250103/sihao_21pt6_20250103-23-44-54_seg0 skip. Because too few key frame.
2025-01-05 20:16:37.627 | ERROR    | __main__:node_main:96 - 	skip sihao_21pt6_20250103-23-44-54_seg0 for not seleted, car_name = sihao_21pt6, 20250103-23-44-54
2025-01-05 20:16:38.148 | WARNING  | __main__:node_main:95 - /data_cold3/origin_data/sihao_21pt6/custom_seg/ynchen_APAdingzhibucai/shuiping/20250103/sihao_21pt6_20250103-23-46-17_seg0 skip. Because too few key frame.
2025-01-05 20:16:38.148 | ERROR    | __main__:node_main:96 - 	skip sihao_21pt6_20250103-23-46-17_seg0 for not seleted, car_name = sihao_21pt6, 20250103-23-46-17
2025-01-05 20:16:38.578 | WARNING  | __main__:node_main:95 - /data_cold3/origin_data/sihao_21pt6/custom_seg/ynchen_APAdingzhibucai/shuiping/20250103/sihao_21pt6_20250103-23-48-09_seg0 skip. Because too few key frame.
2025-01-05 20:16:38.578 | ERROR    | __main__:node_main:96 - 	skip sihao_21pt6_20250103-23-48-09_seg0 for not seleted, car_name = sihao_21pt6, 20250103-23-48-09
2025-01-05 20:16:39.097 | WARNING  | __main__:node_main:95 - /data_cold3/origin_data/sihao_21pt6/custom_seg/ynchen_APAdingzhibucai/shuiping/20250103/sihao_21pt6_20250104-02-01-23_seg0 skip. Because too few key frame.
2025-01-05 20:16:39.098 | ERROR    | __main__:node_main:96 - 	skip sihao_21pt6_20250104-02-01-23_seg0 for not seleted, car_name = sihao_21pt6, 20250104-02-01-23
2025-01-05 20:16:39.368 | WARNING  | __main__:node_main:95 - /data_cold3/origin_data/sihao_21pt6/custom_seg/ynchen_APAdingzhibucai/shuiping/20250103/sihao_21pt6_20250104-02-02-53_seg0 skip. Because too few key frame.
2025-01-05 20:16:39.369 | ERROR    | __main__:node_main:96 - 	skip sihao_21pt6_20250104-02-02-53_seg0 for not seleted, car_name = sihao_21pt6, 20250104-02-02-53
2025-01-05 20:16:39.951 | WARNING  | __main__:node_main:95 - /data_cold3/origin_data/sihao_21pt6/custom_seg/ynchen_APAdingzhibucai/shuiping/20250103/sihao_21pt6_20250104-02-04-54_seg0 skip. Because too few key frame.
2025-01-05 20:16:39.952 | ERROR    | __main__:node_main:96 - 	skip sihao_21pt6_20250104-02-04-54_seg0 for not seleted, car_name = sihao_21pt6, 20250104-02-04-54
2025-01-05 20:16:40.312 | WARNING  | __main__:node_main:95 - /data_cold3/origin_data/sihao_21pt6/custom_seg/ynchen_APAdingzhibucai/shuiping/20250103/sihao_21pt6_20250104-02-06-07_seg0 skip. Because too few key frame.
2025-01-05 20:16:40.313 | ERROR    | __main__:node_main:96 - 	skip sihao_21pt6_20250104-02-06-07_seg0 for not seleted, car_name = sihao_21pt6, 20250104-02-06-07
2025-01-05 20:16:40.592 | WARNING  | __main__:node_main:95 - /data_cold3/origin_data/sihao_21pt6/custom_seg/ynchen_APAdingzhibucai/shuiping/20250103/sihao_21pt6_20250104-02-07-49_seg0 skip. Because too few key frame.
2025-01-05 20:16:40.593 | ERROR    | __main__:node_main:96 - 	skip sihao_21pt6_20250104-02-07-49_seg0 for not seleted, car_name = sihao_21pt6, 20250104-02-07-49
2025-01-05 20:16:41.153 | WARNING  | __main__:node_main:95 - /data_cold3/origin_data/sihao_21pt6/custom_seg/ynchen_APAdingzhibucai/shuiping/20250103/sihao_21pt6_20250104-02-10-58_seg0 skip. Because too few key frame.
2025-01-05 20:16:41.154 | ERROR    | __main__:node_main:96 - 	skip sihao_21pt6_20250104-02-10-58_seg0 for not seleted, car_name = sihao_21pt6, 20250104-02-10-58
2025-01-05 20:16:41.601 | WARNING  | __main__:node_main:95 - /data_cold3/origin_data/sihao_21pt6/custom_seg/ynchen_APAdingzhibucai/shuiping/20250103/sihao_21pt6_20250104-02-13-31_seg0 skip. Because too few key frame.
2025-01-05 20:16:41.602 | ERROR    | __main__:node_main:96 - 	skip sihao_21pt6_20250104-02-13-31_seg0 for not seleted, car_name = sihao_21pt6, 20250104-02-13-31
2025-01-05 20:16:41.842 | WARNING  | __main__:node_main:95 - /data_cold3/origin_data/sihao_21pt6/custom_seg/ynchen_APAdingzhibucai/shuiping/20250103/sihao_21pt6_20250104-02-15-59_seg0 skip. Because too few key frame.
2025-01-05 20:16:41.843 | ERROR    | __main__:node_main:96 - 	skip sihao_21pt6_20250104-02-15-59_seg0 for not seleted, car_name = sihao_21pt6, 20250104-02-15-59
2025-01-05 20:16:42.205 | WARNING  | __main__:node_main:95 - /data_cold3/origin_data/sihao_21pt6/custom_seg/ynchen_APAdingzhibucai/shuiping/20250103/sihao_21pt6_20250104-02-17-46_seg0 skip. Because too few key frame.
2025-01-05 20:16:42.205 | ERROR    | __main__:node_main:96 - 	skip sihao_21pt6_20250104-02-17-46_seg0 for not seleted, car_name = sihao_21pt6, 20250104-02-17-46
2025-01-05 20:16:42.459 | WARNING  | __main__:node_main:95 - /data_cold3/origin_data/sihao_21pt6/custom_seg/ynchen_APAdingzhibucai/shuiping/20250103/sihao_21pt6_20250104-02-22-20_seg0 skip. Because too few key frame.
2025-01-05 20:16:42.460 | ERROR    | __main__:node_main:96 - 	skip sihao_21pt6_20250104-02-22-20_seg0 for not seleted, car_name = sihao_21pt6, 20250104-02-22-20
2025-01-05 20:16:42.931 | WARNING  | __main__:node_main:95 - /data_cold3/origin_data/sihao_21pt6/custom_seg/ynchen_APAdingzhibucai/shuiping/20250103/sihao_21pt6_20250104-02-23-48_seg0 skip. Because too few key frame.
2025-01-05 20:16:42.932 | ERROR    | __main__:node_main:96 - 	skip sihao_21pt6_20250104-02-23-48_seg0 for not seleted, car_name = sihao_21pt6, 20250104-02-23-48
2025-01-05 20:16:43.272 | WARNING  | __main__:node_main:95 - /data_cold3/origin_data/sihao_21pt6/custom_seg/ynchen_APAdingzhibucai/shuiping/20250103/sihao_21pt6_20250104-02-26-15_seg0 skip. Because too few key frame.
2025-01-05 20:16:43.273 | ERROR    | __main__:node_main:96 - 	skip sihao_21pt6_20250104-02-26-15_seg0 for not seleted, car_name = sihao_21pt6, 20250104-02-26-15
2025-01-05 20:16:43.600 | WARNING  | __main__:node_main:95 - /data_cold3/origin_data/sihao_21pt6/custom_seg/ynchen_APAdingzhibucai/shuiping/20250103/sihao_21pt6_20250104-02-29-49_seg0 skip. Because too few key frame.
2025-01-05 20:16:43.601 | ERROR    | __main__:node_main:96 - 	skip sihao_21pt6_20250104-02-29-49_seg0 for not seleted, car_name = sihao_21pt6, 20250104-02-29-49
2025-01-05 20:16:43.946 | WARNING  | __main__:node_main:95 - /data_cold3/origin_data/sihao_21pt6/custom_seg/ynchen_APAdingzhibucai/shuiping/20250103/sihao_21pt6_20250104-02-31-42_seg0 skip. Because too few key frame.
2025-01-05 20:16:43.947 | ERROR    | __main__:node_main:96 - 	skip sihao_21pt6_20250104-02-31-42_seg0 for not seleted, car_name = sihao_21pt6, 20250104-02-31-42
2025-01-05 20:16:44.280 | WARNING  | __main__:node_main:95 - /data_cold3/origin_data/sihao_21pt6/custom_seg/ynchen_APAdingzhibucai/shuiping/20250103/sihao_21pt6_20250104-02-34-51_seg0 skip. Because too few key frame.
2025-01-05 20:16:44.280 | ERROR    | __main__:node_main:96 - 	skip sihao_21pt6_20250104-02-34-51_seg0 for not seleted, car_name = sihao_21pt6, 20250104-02-34-51
2025-01-05 20:16:44.571 | WARNING  | __main__:node_main:95 - /data_cold3/origin_data/sihao_21pt6/custom_seg/ynchen_APAdingzhibucai/shuiping/20250103/sihao_21pt6_20250104-02-40-43_seg0 skip. Because too few key frame.
2025-01-05 20:16:44.572 | ERROR    | __main__:node_main:96 - 	skip sihao_21pt6_20250104-02-40-43_seg0 for not seleted, car_name = sihao_21pt6, 20250104-02-40-43
2025-01-05 20:16:44.851 | WARNING  | __main__:node_main:95 - /data_cold3/origin_data/sihao_21pt6/custom_seg/ynchen_APAdingzhibucai/shuiping/20250103/sihao_21pt6_20250104-02-58-29_seg0 skip. Because too few key frame.
2025-01-05 20:16:44.851 | ERROR    | __main__:node_main:96 - 	skip sihao_21pt6_20250104-02-58-29_seg0 for not seleted, car_name = sihao_21pt6, 20250104-02-58-29
2025-01-07 10:21:06.276 | INFO     | __main__:node_main:67 - ......	/data_cold3/origin_data/sihao_27en6/custom_seg/ynchen_APAdingzhibucai/shuiping/20250103 prepare_lane3d_check... 2025-01-07 10:21:06.276267
2025-01-07 10:21:06.745 | INFO     | __main__:node_main:116 - Prepare Lane Check Data sihao_27en6_20250103-07-29-23_seg0 in /data_autodrive/auto/custom/sihao_27en6/ynchen_APAdingzhibucai/shuiping/clip_lane/20250103
2025-01-07 10:21:08.790 | INFO     | __main__:node_main:116 - Prepare Lane Check Data sihao_27en6_20250103-07-54-30_seg0 in /data_autodrive/auto/custom/sihao_27en6/ynchen_APAdingzhibucai/shuiping/clip_lane/20250103
2025-01-07 10:21:10.523 | WARNING  | __main__:node_main:111 - 	skip seg sihao_27en6_20250103-08-20-03_seg0 for not seleted, /data_cold3/origin_data/sihao_27en6/custom_seg/ynchen_APAdingzhibucai/shuiping/20250103/sihao_27en6_20250103-08-20-03_seg0/reconstruct not exist 
2025-01-07 10:21:10.523 | ERROR    | __main__:node_main:112 - 	skip sihao_27en6_20250103-08-20-03_seg0 for not seleted, car_name = sihao_27en6, 20250103-08-20-03
2025-01-07 10:21:11.032 | WARNING  | __main__:node_main:111 - 	skip seg sihao_27en6_20250103-08-31-25_seg0 for not seleted, /data_cold3/origin_data/sihao_27en6/custom_seg/ynchen_APAdingzhibucai/shuiping/20250103/sihao_27en6_20250103-08-31-25_seg0/reconstruct not exist 
2025-01-07 10:21:11.033 | ERROR    | __main__:node_main:112 - 	skip sihao_27en6_20250103-08-31-25_seg0 for not seleted, car_name = sihao_27en6, 20250103-08-31-25
2025-01-07 10:21:11.952 | INFO     | __main__:node_main:116 - Prepare Lane Check Data sihao_27en6_20250103-09-06-07_seg0 in /data_autodrive/auto/custom/sihao_27en6/ynchen_APAdingzhibucai/shuiping/clip_lane/20250103
2025-01-07 10:21:14.106 | INFO     | __main__:node_main:116 - Prepare Lane Check Data sihao_27en6_20250103-09-07-53_seg0 in /data_autodrive/auto/custom/sihao_27en6/ynchen_APAdingzhibucai/shuiping/clip_lane/20250103
2025-01-07 10:21:16.260 | WARNING  | __main__:node_main:111 - 	skip seg sihao_27en6_20250103-09-35-39_seg0 for not seleted, /data_cold3/origin_data/sihao_27en6/custom_seg/ynchen_APAdingzhibucai/shuiping/20250103/sihao_27en6_20250103-09-35-39_seg0/reconstruct not exist 
2025-01-07 10:21:16.261 | ERROR    | __main__:node_main:112 - 	skip sihao_27en6_20250103-09-35-39_seg0 for not seleted, car_name = sihao_27en6, 20250103-09-35-39
2025-01-07 10:21:16.955 | INFO     | __main__:node_main:116 - Prepare Lane Check Data sihao_27en6_20250103-09-49-53_seg0 in /data_autodrive/auto/custom/sihao_27en6/ynchen_APAdingzhibucai/shuiping/clip_lane/20250103
2025-01-07 10:21:19.103 | INFO     | __main__:node_main:116 - Prepare Lane Check Data sihao_27en6_20250103-10-57-57_seg0 in /data_autodrive/auto/custom/sihao_27en6/ynchen_APAdingzhibucai/shuiping/clip_lane/20250103
2025-01-07 10:21:20.955 | WARNING  | __main__:node_main:111 - 	skip seg sihao_27en6_20250103-11-03-41_seg0 for not seleted, /data_cold3/origin_data/sihao_27en6/custom_seg/ynchen_APAdingzhibucai/shuiping/20250103/sihao_27en6_20250103-11-03-41_seg0/reconstruct not exist 
2025-01-07 10:21:20.956 | ERROR    | __main__:node_main:112 - 	skip sihao_27en6_20250103-11-03-41_seg0 for not seleted, car_name = sihao_27en6, 20250103-11-03-41
2025-01-07 10:21:21.406 | INFO     | __main__:node_main:116 - Prepare Lane Check Data sihao_27en6_20250103-13-10-43_seg0 in /data_autodrive/auto/custom/sihao_27en6/ynchen_APAdingzhibucai/shuiping/clip_lane/20250103
2025-01-07 10:21:22.415 | INFO     | __main__:node_main:116 - Prepare Lane Check Data sihao_27en6_20250103-13-18-36_seg0 in /data_autodrive/auto/custom/sihao_27en6/ynchen_APAdingzhibucai/shuiping/clip_lane/20250103
2025-01-07 10:21:23.635 | WARNING  | __main__:node_main:111 - 	skip seg sihao_27en6_20250103-13-27-22_seg0 for not seleted, /data_cold3/origin_data/sihao_27en6/custom_seg/ynchen_APAdingzhibucai/shuiping/20250103/sihao_27en6_20250103-13-27-22_seg0/reconstruct not exist 
2025-01-07 10:21:23.636 | ERROR    | __main__:node_main:112 - 	skip sihao_27en6_20250103-13-27-22_seg0 for not seleted, car_name = sihao_27en6, 20250103-13-27-22
2025-01-07 10:21:24.363 | WARNING  | __main__:node_main:111 - 	skip seg sihao_27en6_20250103-14-02-00_seg0 for not seleted, /data_cold3/origin_data/sihao_27en6/custom_seg/ynchen_APAdingzhibucai/shuiping/20250103/sihao_27en6_20250103-14-02-00_seg0/reconstruct not exist 
2025-01-07 10:21:24.364 | ERROR    | __main__:node_main:112 - 	skip sihao_27en6_20250103-14-02-00_seg0 for not seleted, car_name = sihao_27en6, 20250103-14-02-00
2025-01-07 10:21:24.903 | WARNING  | __main__:node_main:111 - 	skip seg sihao_27en6_20250103-14-13-07_seg0 for not seleted, /data_cold3/origin_data/sihao_27en6/custom_seg/ynchen_APAdingzhibucai/shuiping/20250103/sihao_27en6_20250103-14-13-07_seg0/reconstruct not exist 
2025-01-07 10:21:24.903 | ERROR    | __main__:node_main:112 - 	skip sihao_27en6_20250103-14-13-07_seg0 for not seleted, car_name = sihao_27en6, 20250103-14-13-07
2025-01-07 10:21:25.637 | INFO     | __main__:node_main:116 - Prepare Lane Check Data sihao_27en6_20250103-14-26-12_seg0 in /data_autodrive/auto/custom/sihao_27en6/ynchen_APAdingzhibucai/shuiping/clip_lane/20250103
2025-01-07 10:21:28.162 | WARNING  | __main__:node_main:111 - 	skip seg sihao_27en6_20250103-14-37-36_seg0 for not seleted, /data_cold3/origin_data/sihao_27en6/custom_seg/ynchen_APAdingzhibucai/shuiping/20250103/sihao_27en6_20250103-14-37-36_seg0/reconstruct not exist 
2025-01-07 10:21:28.162 | ERROR    | __main__:node_main:112 - 	skip sihao_27en6_20250103-14-37-36_seg0 for not seleted, car_name = sihao_27en6, 20250103-14-37-36
2025-01-07 10:21:28.747 | WARNING  | __main__:node_main:111 - 	skip seg sihao_27en6_20250103-14-41-34_seg0 for not seleted, /data_cold3/origin_data/sihao_27en6/custom_seg/ynchen_APAdingzhibucai/shuiping/20250103/sihao_27en6_20250103-14-41-34_seg0/reconstruct not exist 
2025-01-07 10:21:28.747 | ERROR    | __main__:node_main:112 - 	skip sihao_27en6_20250103-14-41-34_seg0 for not seleted, car_name = sihao_27en6, 20250103-14-41-34
2025-01-07 10:21:29.388 | WARNING  | __main__:node_main:111 - 	skip seg sihao_27en6_20250103-14-44-04_seg0 for not seleted, /data_cold3/origin_data/sihao_27en6/custom_seg/ynchen_APAdingzhibucai/shuiping/20250103/sihao_27en6_20250103-14-44-04_seg0/reconstruct not exist 
2025-01-07 10:21:29.388 | ERROR    | __main__:node_main:112 - 	skip sihao_27en6_20250103-14-44-04_seg0 for not seleted, car_name = sihao_27en6, 20250103-14-44-04
2025-01-07 10:21:30.033 | INFO     | __main__:node_main:116 - Prepare Lane Check Data sihao_27en6_20250103-15-25-41_seg0 in /data_autodrive/auto/custom/sihao_27en6/ynchen_APAdingzhibucai/shuiping/clip_lane/20250103
2025-01-07 10:21:31.965 | INFO     | __main__:node_main:116 - Prepare Lane Check Data sihao_27en6_20250103-15-29-28_seg0 in /data_autodrive/auto/custom/sihao_27en6/ynchen_APAdingzhibucai/shuiping/clip_lane/20250103
2025-01-07 10:21:33.846 | INFO     | __main__:node_main:116 - Prepare Lane Check Data sihao_27en6_20250103-15-44-30_seg0 in /data_autodrive/auto/custom/sihao_27en6/ynchen_APAdingzhibucai/shuiping/clip_lane/20250103
2025-01-07 10:21:34.809 | WARNING  | __main__:node_main:111 - 	skip seg sihao_27en6_20250103-16-01-50_seg0 for not seleted, /data_cold3/origin_data/sihao_27en6/custom_seg/ynchen_APAdingzhibucai/shuiping/20250103/sihao_27en6_20250103-16-01-50_seg0/reconstruct not exist 
2025-01-07 10:21:34.810 | ERROR    | __main__:node_main:112 - 	skip sihao_27en6_20250103-16-01-50_seg0 for not seleted, car_name = sihao_27en6, 20250103-16-01-50
2025-01-07 10:21:35.322 | WARNING  | __main__:node_main:111 - 	skip seg sihao_27en6_20250103-17-53-49_seg0 for not seleted, /data_cold3/origin_data/sihao_27en6/custom_seg/ynchen_APAdingzhibucai/shuiping/20250103/sihao_27en6_20250103-17-53-49_seg0/reconstruct not exist 
2025-01-07 10:21:35.323 | ERROR    | __main__:node_main:112 - 	skip sihao_27en6_20250103-17-53-49_seg0 for not seleted, car_name = sihao_27en6, 20250103-17-53-49
2025-01-07 10:21:35.768 | INFO     | __main__:node_main:116 - Prepare Lane Check Data sihao_27en6_20250103-20-33-41_seg0 in /data_autodrive/auto/custom/sihao_27en6/ynchen_APAdingzhibucai/shuiping/clip_lane/20250103
2025-01-07 10:21:38.177 | WARNING  | __main__:node_main:111 - 	skip seg sihao_27en6_20250103-20-40-56_seg0 for not seleted, /data_cold3/origin_data/sihao_27en6/custom_seg/ynchen_APAdingzhibucai/shuiping/20250103/sihao_27en6_20250103-20-40-56_seg0/reconstruct not exist 
2025-01-07 12:03:36.261 | INFO     | __main__:node_main:67 - ......	/data_cold3/origin_data/sihao_72kx6/custom_seg/ynchen_APAdingzhibucai/shuiping/20250105 prepare_lane3d_check... 2025-01-07 12:03:36.261531
2025-01-07 12:03:36.484 | INFO     | __main__:node_main:114 - Prepare Lane Check Data sihao_72kx6_20250105-07-56-43_seg0 in 
2025-01-07 12:06:16.854 | INFO     | __main__:node_main:67 - ......	/data_cold3/origin_data/sihao_72kx6/custom_seg/ynchen_APAdingzhibucai/shuiping/20250105 prepare_lane3d_check... 2025-01-07 12:06:16.854048
2025-01-07 12:06:17.079 | INFO     | __main__:node_main:114 - Prepare Lane Check Data sihao_72kx6_20250105-07-56-43_seg0 in /data_autodrive/auto/custom/sihao_72kx6/ynchen_APAdingzhibucai/shuiping/clip_lane/20250105
2025-01-07 12:06:19.868 | INFO     | __main__:node_main:114 - Prepare Lane Check Data sihao_72kx6_20250105-07-58-51_seg0 in /data_autodrive/auto/custom/sihao_72kx6/ynchen_APAdingzhibucai/shuiping/clip_lane/20250105
2025-01-07 12:06:23.059 | INFO     | __main__:node_main:114 - Prepare Lane Check Data sihao_72kx6_20250105-08-00-50_seg0 in /data_autodrive/auto/custom/sihao_72kx6/ynchen_APAdingzhibucai/shuiping/clip_lane/20250105
2025-01-07 12:06:26.566 | INFO     | __main__:node_main:114 - Prepare Lane Check Data sihao_72kx6_20250105-08-02-41_seg0 in /data_autodrive/auto/custom/sihao_72kx6/ynchen_APAdingzhibucai/shuiping/clip_lane/20250105
2025-01-07 12:06:29.033 | INFO     | __main__:node_main:114 - Prepare Lane Check Data sihao_72kx6_20250105-08-04-57_seg0 in /data_autodrive/auto/custom/sihao_72kx6/ynchen_APAdingzhibucai/shuiping/clip_lane/20250105
2025-01-07 12:06:31.508 | INFO     | __main__:node_main:114 - Prepare Lane Check Data sihao_72kx6_20250105-08-08-57_seg0 in /data_autodrive/auto/custom/sihao_72kx6/ynchen_APAdingzhibucai/shuiping/clip_lane/20250105
2025-01-07 12:06:34.677 | INFO     | __main__:node_main:114 - Prepare Lane Check Data sihao_72kx6_20250105-08-12-13_seg0 in /data_autodrive/auto/custom/sihao_72kx6/ynchen_APAdingzhibucai/shuiping/clip_lane/20250105
2025-01-07 12:06:37.213 | INFO     | __main__:node_main:114 - Prepare Lane Check Data sihao_72kx6_20250105-08-15-40_seg0 in /data_autodrive/auto/custom/sihao_72kx6/ynchen_APAdingzhibucai/shuiping/clip_lane/20250105
2025-01-07 12:06:39.999 | INFO     | __main__:node_main:114 - Prepare Lane Check Data sihao_72kx6_20250105-08-28-31_seg0 in /data_autodrive/auto/custom/sihao_72kx6/ynchen_APAdingzhibucai/shuiping/clip_lane/20250105
2025-01-07 12:06:42.472 | INFO     | __main__:node_main:114 - Prepare Lane Check Data sihao_72kx6_20250105-08-33-02_seg0 in /data_autodrive/auto/custom/sihao_72kx6/ynchen_APAdingzhibucai/shuiping/clip_lane/20250105
2025-01-07 12:06:45.307 | INFO     | __main__:node_main:114 - Prepare Lane Check Data sihao_72kx6_20250105-08-38-06_seg0 in /data_autodrive/auto/custom/sihao_72kx6/ynchen_APAdingzhibucai/shuiping/clip_lane/20250105
2025-01-07 12:06:47.627 | INFO     | __main__:node_main:114 - Prepare Lane Check Data sihao_72kx6_20250105-08-39-51_seg0 in /data_autodrive/auto/custom/sihao_72kx6/ynchen_APAdingzhibucai/shuiping/clip_lane/20250105
2025-01-07 12:06:50.126 | INFO     | __main__:node_main:114 - Prepare Lane Check Data sihao_72kx6_20250105-08-56-22_seg0 in /data_autodrive/auto/custom/sihao_72kx6/ynchen_APAdingzhibucai/shuiping/clip_lane/20250105
2025-01-07 12:06:52.775 | INFO     | __main__:node_main:114 - Prepare Lane Check Data sihao_72kx6_20250105-08-58-19_seg0 in /data_autodrive/auto/custom/sihao_72kx6/ynchen_APAdingzhibucai/shuiping/clip_lane/20250105
2025-01-07 12:06:54.841 | INFO     | __main__:node_main:114 - Prepare Lane Check Data sihao_72kx6_20250105-09-00-33_seg0 in /data_autodrive/auto/custom/sihao_72kx6/ynchen_APAdingzhibucai/shuiping/clip_lane/20250105
2025-01-07 12:06:57.238 | INFO     | __main__:node_main:114 - Prepare Lane Check Data sihao_72kx6_20250105-09-52-11_seg0 in /data_autodrive/auto/custom/sihao_72kx6/ynchen_APAdingzhibucai/shuiping/clip_lane/20250105
2025-01-07 12:07:00.029 | INFO     | __main__:node_main:114 - Prepare Lane Check Data sihao_72kx6_20250105-09-54-17_seg0 in /data_autodrive/auto/custom/sihao_72kx6/ynchen_APAdingzhibucai/shuiping/clip_lane/20250105
2025-01-07 12:07:02.579 | INFO     | __main__:node_main:114 - Prepare Lane Check Data sihao_72kx6_20250105-09-56-40_seg0 in /data_autodrive/auto/custom/sihao_72kx6/ynchen_APAdingzhibucai/shuiping/clip_lane/20250105
2025-01-07 12:07:04.957 | INFO     | __main__:node_main:114 - Prepare Lane Check Data sihao_72kx6_20250105-09-58-43_seg0 in /data_autodrive/auto/custom/sihao_72kx6/ynchen_APAdingzhibucai/shuiping/clip_lane/20250105
2025-01-07 12:07:07.302 | INFO     | __main__:node_main:114 - Prepare Lane Check Data sihao_72kx6_20250105-10-01-01_seg0 in /data_autodrive/auto/custom/sihao_72kx6/ynchen_APAdingzhibucai/shuiping/clip_lane/20250105
2025-01-07 12:07:10.538 | INFO     | __main__:node_main:114 - Prepare Lane Check Data sihao_72kx6_20250105-10-29-08_seg0 in /data_autodrive/auto/custom/sihao_72kx6/ynchen_APAdingzhibucai/shuiping/clip_lane/20250105
2025-01-07 12:07:13.059 | INFO     | __main__:node_main:114 - Prepare Lane Check Data sihao_72kx6_20250105-10-31-22_seg0 in /data_autodrive/auto/custom/sihao_72kx6/ynchen_APAdingzhibucai/shuiping/clip_lane/20250105
2025-01-07 12:07:14.983 | INFO     | __main__:node_main:114 - Prepare Lane Check Data sihao_72kx6_20250105-10-38-01_seg0 in /data_autodrive/auto/custom/sihao_72kx6/ynchen_APAdingzhibucai/shuiping/clip_lane/20250105
2025-01-07 12:07:17.574 | INFO     | __main__:node_main:114 - Prepare Lane Check Data sihao_72kx6_20250105-10-39-44_seg0 in /data_autodrive/auto/custom/sihao_72kx6/ynchen_APAdingzhibucai/shuiping/clip_lane/20250105
2025-01-07 12:07:19.941 | INFO     | __main__:node_main:114 - Prepare Lane Check Data sihao_72kx6_20250105-10-43-23_seg0 in /data_autodrive/auto/custom/sihao_72kx6/ynchen_APAdingzhibucai/shuiping/clip_lane/20250105
2025-01-07 12:07:22.661 | INFO     | __main__:node_main:114 - Prepare Lane Check Data sihao_72kx6_20250105-10-45-56_seg0 in /data_autodrive/auto/custom/sihao_72kx6/ynchen_APAdingzhibucai/shuiping/clip_lane/20250105
2025-01-07 12:07:25.415 | INFO     | __main__:node_main:114 - Prepare Lane Check Data sihao_72kx6_20250105-10-53-11_seg0 in /data_autodrive/auto/custom/sihao_72kx6/ynchen_APAdingzhibucai/shuiping/clip_lane/20250105
2025-01-07 12:07:27.367 | INFO     | __main__:node_main:114 - Prepare Lane Check Data sihao_72kx6_20250105-10-55-00_seg0 in /data_autodrive/auto/custom/sihao_72kx6/ynchen_APAdingzhibucai/shuiping/clip_lane/20250105
2025-01-07 12:07:29.700 | INFO     | __main__:node_main:114 - Prepare Lane Check Data sihao_72kx6_20250105-13-28-33_seg0 in /data_autodrive/auto/custom/sihao_72kx6/ynchen_APAdingzhibucai/shuiping/clip_lane/20250105
2025-01-07 12:07:31.873 | INFO     | __main__:node_main:114 - Prepare Lane Check Data sihao_72kx6_20250105-13-32-05_seg0 in /data_autodrive/auto/custom/sihao_72kx6/ynchen_APAdingzhibucai/shuiping/clip_lane/20250105
2025-01-07 12:07:33.804 | INFO     | __main__:node_main:114 - Prepare Lane Check Data sihao_72kx6_20250105-13-33-47_seg0 in /data_autodrive/auto/custom/sihao_72kx6/ynchen_APAdingzhibucai/shuiping/clip_lane/20250105
2025-01-07 12:07:35.822 | INFO     | __main__:node_main:114 - Prepare Lane Check Data sihao_72kx6_20250105-13-39-00_seg0 in /data_autodrive/auto/custom/sihao_72kx6/ynchen_APAdingzhibucai/shuiping/clip_lane/20250105
2025-01-07 12:07:38.101 | INFO     | __main__:node_main:114 - Prepare Lane Check Data sihao_72kx6_20250105-13-43-58_seg0 in /data_autodrive/auto/custom/sihao_72kx6/ynchen_APAdingzhibucai/shuiping/clip_lane/20250105
2025-01-07 12:07:40.256 | INFO     | __main__:node_main:114 - Prepare Lane Check Data sihao_72kx6_20250105-13-46-04_seg0 in /data_autodrive/auto/custom/sihao_72kx6/ynchen_APAdingzhibucai/shuiping/clip_lane/20250105
2025-01-07 12:07:42.345 | INFO     | __main__:node_main:114 - Prepare Lane Check Data sihao_72kx6_20250105-13-49-15_seg0 in /data_autodrive/auto/custom/sihao_72kx6/ynchen_APAdingzhibucai/shuiping/clip_lane/20250105
2025-01-07 12:07:44.536 | INFO     | __main__:node_main:114 - Prepare Lane Check Data sihao_72kx6_20250105-14-04-08_seg0 in /data_autodrive/auto/custom/sihao_72kx6/ynchen_APAdingzhibucai/shuiping/clip_lane/20250105
2025-01-07 12:07:47.122 | INFO     | __main__:node_main:114 - Prepare Lane Check Data sihao_72kx6_20250105-14-05-59_seg0 in /data_autodrive/auto/custom/sihao_72kx6/ynchen_APAdingzhibucai/shuiping/clip_lane/20250105
2025-01-07 12:07:49.779 | INFO     | __main__:node_main:114 - Prepare Lane Check Data sihao_72kx6_20250105-14-08-49_seg0 in /data_autodrive/auto/custom/sihao_72kx6/ynchen_APAdingzhibucai/shuiping/clip_lane/20250105
2025-01-07 12:07:51.996 | INFO     | __main__:node_main:114 - Prepare Lane Check Data sihao_72kx6_20250105-14-10-31_seg0 in /data_autodrive/auto/custom/sihao_72kx6/ynchen_APAdingzhibucai/shuiping/clip_lane/20250105
2025-01-07 12:07:54.275 | INFO     | __main__:node_main:114 - Prepare Lane Check Data sihao_72kx6_20250105-14-12-49_seg0 in /data_autodrive/auto/custom/sihao_72kx6/ynchen_APAdingzhibucai/shuiping/clip_lane/20250105
2025-01-07 12:07:56.391 | INFO     | __main__:node_main:114 - Prepare Lane Check Data sihao_72kx6_20250105-14-14-45_seg0 in /data_autodrive/auto/custom/sihao_72kx6/ynchen_APAdingzhibucai/shuiping/clip_lane/20250105
2025-01-07 12:07:59.013 | INFO     | __main__:node_main:114 - Prepare Lane Check Data sihao_72kx6_20250105-14-32-10_seg0 in /data_autodrive/auto/custom/sihao_72kx6/ynchen_APAdingzhibucai/shuiping/clip_lane/20250105
2025-01-07 12:08:01.695 | INFO     | __main__:node_main:114 - Prepare Lane Check Data sihao_72kx6_20250105-14-35-45_seg0 in /data_autodrive/auto/custom/sihao_72kx6/ynchen_APAdingzhibucai/shuiping/clip_lane/20250105
2025-01-07 12:08:03.862 | INFO     | __main__:node_main:114 - Prepare Lane Check Data sihao_72kx6_20250105-14-43-45_seg0 in /data_autodrive/auto/custom/sihao_72kx6/ynchen_APAdingzhibucai/shuiping/clip_lane/20250105
2025-01-07 12:08:06.510 | INFO     | __main__:node_main:114 - Prepare Lane Check Data sihao_72kx6_20250105-14-45-20_seg0 in /data_autodrive/auto/custom/sihao_72kx6/ynchen_APAdingzhibucai/shuiping/clip_lane/20250105
2025-01-07 12:08:08.629 | INFO     | __main__:node_main:114 - Prepare Lane Check Data sihao_72kx6_20250105-14-46-51_seg0 in /data_autodrive/auto/custom/sihao_72kx6/ynchen_APAdingzhibucai/shuiping/clip_lane/20250105
2025-01-07 12:08:10.584 | INFO     | __main__:node_main:114 - Prepare Lane Check Data sihao_72kx6_20250105-14-49-08_seg0 in /data_autodrive/auto/custom/sihao_72kx6/ynchen_APAdingzhibucai/shuiping/clip_lane/20250105
2025-01-07 12:08:12.728 | INFO     | __main__:node_main:114 - Prepare Lane Check Data sihao_72kx6_20250105-14-51-42_seg0 in /data_autodrive/auto/custom/sihao_72kx6/ynchen_APAdingzhibucai/shuiping/clip_lane/20250105
2025-01-07 12:08:15.151 | INFO     | __main__:node_main:114 - Prepare Lane Check Data sihao_72kx6_20250105-15-02-12_seg0 in /data_autodrive/auto/custom/sihao_72kx6/ynchen_APAdingzhibucai/shuiping/clip_lane/20250105
2025-01-07 12:08:17.367 | INFO     | __main__:node_main:114 - Prepare Lane Check Data sihao_72kx6_20250105-15-03-40_seg0 in /data_autodrive/auto/custom/sihao_72kx6/ynchen_APAdingzhibucai/shuiping/clip_lane/20250105
2025-01-07 12:08:19.906 | INFO     | __main__:node_main:114 - Prepare Lane Check Data sihao_72kx6_20250105-15-05-42_seg0 in /data_autodrive/auto/custom/sihao_72kx6/ynchen_APAdingzhibucai/shuiping/clip_lane/20250105
2025-01-07 12:08:22.568 | INFO     | __main__:node_main:114 - Prepare Lane Check Data sihao_72kx6_20250105-15-29-03_seg0 in /data_autodrive/auto/custom/sihao_72kx6/ynchen_APAdingzhibucai/shuiping/clip_lane/20250105
2025-01-07 12:08:25.414 | INFO     | __main__:node_main:114 - Prepare Lane Check Data sihao_72kx6_20250105-15-32-05_seg0 in /data_autodrive/auto/custom/sihao_72kx6/ynchen_APAdingzhibucai/shuiping/clip_lane/20250105
2025-01-07 12:08:27.938 | INFO     | __main__:node_main:114 - Prepare Lane Check Data sihao_72kx6_20250105-15-33-50_seg0 in /data_autodrive/auto/custom/sihao_72kx6/ynchen_APAdingzhibucai/shuiping/clip_lane/20250105
2025-01-07 12:08:30.272 | INFO     | __main__:node_main:114 - Prepare Lane Check Data sihao_72kx6_20250105-16-09-09_seg0 in /data_autodrive/auto/custom/sihao_72kx6/ynchen_APAdingzhibucai/shuiping/clip_lane/20250105
2025-01-07 12:08:32.836 | INFO     | __main__:node_main:114 - Prepare Lane Check Data sihao_72kx6_20250105-16-10-45_seg0 in /data_autodrive/auto/custom/sihao_72kx6/ynchen_APAdingzhibucai/shuiping/clip_lane/20250105
2025-01-07 12:08:35.095 | INFO     | __main__:node_main:114 - Prepare Lane Check Data sihao_72kx6_20250105-16-14-57_seg0 in /data_autodrive/auto/custom/sihao_72kx6/ynchen_APAdingzhibucai/shuiping/clip_lane/20250105
2025-01-07 12:08:37.507 | INFO     | __main__:node_main:114 - Prepare Lane Check Data sihao_72kx6_20250105-16-20-55_seg0 in /data_autodrive/auto/custom/sihao_72kx6/ynchen_APAdingzhibucai/shuiping/clip_lane/20250105
2025-01-07 12:08:40.420 | INFO     | __main__:node_main:114 - Prepare Lane Check Data sihao_72kx6_20250105-16-23-44_seg0 in /data_autodrive/auto/custom/sihao_72kx6/ynchen_APAdingzhibucai/shuiping/clip_lane/20250105
2025-01-07 12:08:43.185 | INFO     | __main__:node_main:114 - Prepare Lane Check Data sihao_72kx6_20250105-19-23-28_seg0 in /data_autodrive/auto/custom/sihao_72kx6/ynchen_APAdingzhibucai/shuiping/clip_lane/20250105
2025-01-07 12:08:45.920 | INFO     | __main__:node_main:114 - Prepare Lane Check Data sihao_72kx6_20250105-19-25-26_seg0 in /data_autodrive/auto/custom/sihao_72kx6/ynchen_APAdingzhibucai/shuiping/clip_lane/20250105
2025-01-07 12:08:48.331 | INFO     | __main__:node_main:114 - Prepare Lane Check Data sihao_72kx6_20250105-19-28-29_seg0 in /data_autodrive/auto/custom/sihao_72kx6/ynchen_APAdingzhibucai/shuiping/clip_lane/20250105
2025-01-07 12:08:51.223 | INFO     | __main__:node_main:114 - Prepare Lane Check Data sihao_72kx6_20250105-19-30-47_seg0 in /data_autodrive/auto/custom/sihao_72kx6/ynchen_APAdingzhibucai/shuiping/clip_lane/20250105
2025-01-07 12:08:53.973 | INFO     | __main__:node_main:114 - Prepare Lane Check Data sihao_72kx6_20250105-19-32-36_seg0 in /data_autodrive/auto/custom/sihao_72kx6/ynchen_APAdingzhibucai/shuiping/clip_lane/20250105
2025-01-07 12:08:55.843 | INFO     | __main__:node_main:114 - Prepare Lane Check Data sihao_72kx6_20250105-19-40-41_seg0 in /data_autodrive/auto/custom/sihao_72kx6/ynchen_APAdingzhibucai/shuiping/clip_lane/20250105
2025-01-07 12:08:58.463 | INFO     | __main__:node_main:114 - Prepare Lane Check Data sihao_72kx6_20250105-19-43-14_seg0 in /data_autodrive/auto/custom/sihao_72kx6/ynchen_APAdingzhibucai/shuiping/clip_lane/20250105
2025-01-07 12:09:01.118 | INFO     | __main__:node_main:114 - Prepare Lane Check Data sihao_72kx6_20250105-19-51-28_seg0 in /data_autodrive/auto/custom/sihao_72kx6/ynchen_APAdingzhibucai/shuiping/clip_lane/20250105
2025-01-07 12:09:03.950 | INFO     | __main__:node_main:114 - Prepare Lane Check Data sihao_72kx6_20250105-20-28-16_seg0 in /data_autodrive/auto/custom/sihao_72kx6/ynchen_APAdingzhibucai/shuiping/clip_lane/20250105
2025-01-07 12:09:07.251 | INFO     | __main__:node_main:114 - Prepare Lane Check Data sihao_72kx6_20250105-20-30-20_seg0 in /data_autodrive/auto/custom/sihao_72kx6/ynchen_APAdingzhibucai/shuiping/clip_lane/20250105
2025-01-07 12:09:10.851 | WARNING  | __main__:node_main:99 - /data_cold3/origin_data/sihao_72kx6/custom_seg/ynchen_APAdingzhibucai/shuiping/20250105/sihao_72kx6_20250105-20-32-39_seg0 skip. Because too many key frame lost. [29]
2025-01-07 12:09:10.852 | ERROR    | __main__:node_main:100 - 	skip sihao_72kx6_20250105-20-32-39_seg0 for not seleted, car_name = sihao_72kx6, 20250105-20-32-39
2025-01-07 12:09:11.074 | INFO     | __main__:node_main:114 - Prepare Lane Check Data sihao_72kx6_20250105-20-34-38_seg0 in /data_autodrive/auto/custom/sihao_72kx6/ynchen_APAdingzhibucai/shuiping/clip_lane/20250105
2025-01-07 12:09:13.793 | INFO     | __main__:node_main:114 - Prepare Lane Check Data sihao_72kx6_20250105-20-36-55_seg0 in /data_autodrive/auto/custom/sihao_72kx6/ynchen_APAdingzhibucai/shuiping/clip_lane/20250105
2025-01-07 12:09:16.601 | WARNING  | __main__:node_main:99 - /data_cold3/origin_data/sihao_72kx6/custom_seg/ynchen_APAdingzhibucai/shuiping/20250105/sihao_72kx6_20250105-20-38-32_seg0 skip. Because too many key frame lost. [12]
2025-01-07 12:09:16.602 | ERROR    | __main__:node_main:100 - 	skip sihao_72kx6_20250105-20-38-32_seg0 for not seleted, car_name = sihao_72kx6, 20250105-20-38-32
2025-01-07 12:09:16.883 | INFO     | __main__:node_main:114 - Prepare Lane Check Data sihao_72kx6_20250105-20-41-23_seg0 in /data_autodrive/auto/custom/sihao_72kx6/ynchen_APAdingzhibucai/shuiping/clip_lane/20250105
2025-01-07 12:09:19.992 | INFO     | __main__:node_main:114 - Prepare Lane Check Data sihao_72kx6_20250105-20-43-05_seg0 in /data_autodrive/auto/custom/sihao_72kx6/ynchen_APAdingzhibucai/shuiping/clip_lane/20250105
2025-01-07 12:09:23.000 | INFO     | __main__:node_main:114 - Prepare Lane Check Data sihao_72kx6_20250105-20-50-01_seg0 in /data_autodrive/auto/custom/sihao_72kx6/ynchen_APAdingzhibucai/shuiping/clip_lane/20250105
2025-01-07 12:09:26.386 | INFO     | __main__:node_main:114 - Prepare Lane Check Data sihao_72kx6_20250105-20-51-53_seg0 in /data_autodrive/auto/custom/sihao_72kx6/ynchen_APAdingzhibucai/shuiping/clip_lane/20250105
2025-01-07 12:09:29.412 | INFO     | __main__:node_main:114 - Prepare Lane Check Data sihao_72kx6_20250105-20-53-32_seg0 in /data_autodrive/auto/custom/sihao_72kx6/ynchen_APAdingzhibucai/shuiping/clip_lane/20250105
2025-01-07 12:09:32.305 | INFO     | __main__:node_main:114 - Prepare Lane Check Data sihao_72kx6_20250105-20-55-13_seg0 in /data_autodrive/auto/custom/sihao_72kx6/ynchen_APAdingzhibucai/shuiping/clip_lane/20250105
2025-01-07 12:09:34.929 | INFO     | __main__:node_main:114 - Prepare Lane Check Data sihao_72kx6_20250105-20-59-36_seg0 in /data_autodrive/auto/custom/sihao_72kx6/ynchen_APAdingzhibucai/shuiping/clip_lane/20250105
2025-01-07 12:09:38.076 | INFO     | __main__:node_main:114 - Prepare Lane Check Data sihao_72kx6_20250105-21-01-51_seg0 in /data_autodrive/auto/custom/sihao_72kx6/ynchen_APAdingzhibucai/shuiping/clip_lane/20250105
2025-01-07 12:09:40.892 | INFO     | __main__:node_main:114 - Prepare Lane Check Data sihao_72kx6_20250105-21-04-08_seg0 in /data_autodrive/auto/custom/sihao_72kx6/ynchen_APAdingzhibucai/shuiping/clip_lane/20250105
2025-01-07 12:09:44.108 | WARNING  | __main__:node_main:99 - /data_cold3/origin_data/sihao_72kx6/custom_seg/ynchen_APAdingzhibucai/shuiping/20250105/sihao_72kx6_20250105-21-06-17_seg0 skip. Because too many key frame lost. [5]
2025-01-07 12:09:44.109 | ERROR    | __main__:node_main:100 - 	skip sihao_72kx6_20250105-21-06-17_seg0 for not seleted, car_name = sihao_72kx6, 20250105-21-06-17
2025-01-07 12:09:44.447 | INFO     | __main__:node_main:114 - Prepare Lane Check Data sihao_72kx6_20250105-21-08-37_seg0 in /data_autodrive/auto/custom/sihao_72kx6/ynchen_APAdingzhibucai/shuiping/clip_lane/20250105
2025-01-07 12:09:48.058 | INFO     | __main__:node_main:114 - Prepare Lane Check Data sihao_72kx6_20250105-21-10-34_seg0 in /data_autodrive/auto/custom/sihao_72kx6/ynchen_APAdingzhibucai/shuiping/clip_lane/20250105
2025-01-07 12:09:50.511 | INFO     | __main__:node_main:114 - Prepare Lane Check Data sihao_72kx6_20250105-21-13-02_seg0 in /data_autodrive/auto/custom/sihao_72kx6/ynchen_APAdingzhibucai/shuiping/clip_lane/20250105
2025-01-07 12:09:54.047 | INFO     | __main__:node_main:114 - Prepare Lane Check Data sihao_72kx6_20250105-21-14-40_seg0 in /data_autodrive/auto/custom/sihao_72kx6/ynchen_APAdingzhibucai/shuiping/clip_lane/20250105
2025-01-07 12:09:56.825 | INFO     | __main__:node_main:114 - Prepare Lane Check Data sihao_72kx6_20250105-21-18-19_seg0 in /data_autodrive/auto/custom/sihao_72kx6/ynchen_APAdingzhibucai/shuiping/clip_lane/20250105
2025-01-07 12:09:59.860 | WARNING  | __main__:node_main:99 - /data_cold3/origin_data/sihao_72kx6/custom_seg/ynchen_APAdingzhibucai/shuiping/20250105/sihao_72kx6_20250105-22-05-21_seg0 skip. Because too many key frame lost. [15]
2025-01-07 12:09:59.860 | ERROR    | __main__:node_main:100 - 	skip sihao_72kx6_20250105-22-05-21_seg0 for not seleted, car_name = sihao_72kx6, 20250105-22-05-21
2025-01-07 12:10:00.124 | INFO     | __main__:node_main:114 - Prepare Lane Check Data sihao_72kx6_20250105-22-07-00_seg0 in /data_autodrive/auto/custom/sihao_72kx6/ynchen_APAdingzhibucai/shuiping/clip_lane/20250105
2025-01-07 12:10:02.850 | INFO     | __main__:node_main:114 - Prepare Lane Check Data sihao_72kx6_20250105-22-09-11_seg0 in /data_autodrive/auto/custom/sihao_72kx6/ynchen_APAdingzhibucai/shuiping/clip_lane/20250105
2025-01-07 12:10:05.084 | INFO     | __main__:node_main:114 - Prepare Lane Check Data sihao_72kx6_20250105-22-11-07_seg0 in /data_autodrive/auto/custom/sihao_72kx6/ynchen_APAdingzhibucai/shuiping/clip_lane/20250105
2025-01-07 12:10:08.185 | INFO     | __main__:node_main:114 - Prepare Lane Check Data sihao_72kx6_20250105-22-12-42_seg0 in /data_autodrive/auto/custom/sihao_72kx6/ynchen_APAdingzhibucai/shuiping/clip_lane/20250105
2025-01-07 12:10:13.412 | INFO     | __main__:node_main:114 - Prepare Lane Check Data sihao_72kx6_20250105-22-14-52_seg0 in /data_autodrive/auto/custom/sihao_72kx6/ynchen_APAdingzhibucai/shuiping/clip_lane/20250105
2025-01-07 12:10:16.604 | INFO     | __main__:node_main:114 - Prepare Lane Check Data sihao_72kx6_20250105-22-17-02_seg0 in /data_autodrive/auto/custom/sihao_72kx6/ynchen_APAdingzhibucai/shuiping/clip_lane/20250105
2025-01-07 12:10:19.431 | INFO     | __main__:node_main:114 - Prepare Lane Check Data sihao_72kx6_20250105-22-19-46_seg0 in /data_autodrive/auto/custom/sihao_72kx6/ynchen_APAdingzhibucai/shuiping/clip_lane/20250105
2025-01-07 12:10:24.177 | INFO     | __main__:node_main:114 - Prepare Lane Check Data sihao_72kx6_20250105-23-47-20_seg0 in /data_autodrive/auto/custom/sihao_72kx6/ynchen_APAdingzhibucai/shuiping/clip_lane/20250105
2025-01-07 12:10:27.174 | INFO     | __main__:node_main:114 - Prepare Lane Check Data sihao_72kx6_20250105-23-51-07_seg0 in /data_autodrive/auto/custom/sihao_72kx6/ynchen_APAdingzhibucai/shuiping/clip_lane/20250105
2025-01-07 12:10:29.660 | INFO     | __main__:node_main:114 - Prepare Lane Check Data sihao_72kx6_20250105-23-53-50_seg0 in /data_autodrive/auto/custom/sihao_72kx6/ynchen_APAdingzhibucai/shuiping/clip_lane/20250105
2025-01-07 12:10:33.181 | INFO     | __main__:node_main:114 - Prepare Lane Check Data sihao_72kx6_20250105-23-56-10_seg0 in /data_autodrive/auto/custom/sihao_72kx6/ynchen_APAdingzhibucai/shuiping/clip_lane/20250105
2025-01-07 12:10:35.677 | INFO     | __main__:node_main:114 - Prepare Lane Check Data sihao_72kx6_20250105-23-58-19_seg0 in /data_autodrive/auto/custom/sihao_72kx6/ynchen_APAdingzhibucai/shuiping/clip_lane/20250105
2025-01-07 12:10:37.802 | INFO     | __main__:node_main:114 - Prepare Lane Check Data sihao_72kx6_20250106-00-01-17_seg0 in /data_autodrive/auto/custom/sihao_72kx6/ynchen_APAdingzhibucai/shuiping/clip_lane/20250105
2025-01-07 12:10:40.035 | INFO     | __main__:node_main:114 - Prepare Lane Check Data sihao_72kx6_20250106-00-05-09_seg0 in /data_autodrive/auto/custom/sihao_72kx6/ynchen_APAdingzhibucai/shuiping/clip_lane/20250105
2025-01-07 12:10:42.303 | INFO     | __main__:node_main:114 - Prepare Lane Check Data sihao_72kx6_20250106-00-06-56_seg0 in /data_autodrive/auto/custom/sihao_72kx6/ynchen_APAdingzhibucai/shuiping/clip_lane/20250105
2025-01-07 12:10:43.910 | WARNING  | __main__:node_main:99 - /data_cold3/origin_data/sihao_72kx6/custom_seg/ynchen_APAdingzhibucai/shuiping/20250105/sihao_72kx6_20250106-00-57-16_seg0 skip. Because too many key frame lost. [4]
2025-01-07 12:10:43.911 | ERROR    | __main__:node_main:100 - 	skip sihao_72kx6_20250106-00-57-16_seg0 for not seleted, car_name = sihao_72kx6, 20250106-00-57-16
2025-01-07 12:10:44.141 | INFO     | __main__:node_main:114 - Prepare Lane Check Data sihao_72kx6_20250106-01-01-51_seg0 in /data_autodrive/auto/custom/sihao_72kx6/ynchen_APAdingzhibucai/shuiping/clip_lane/20250105
2025-01-07 12:10:46.531 | INFO     | __main__:node_main:114 - Prepare Lane Check Data sihao_72kx6_20250106-01-03-49_seg0 in /data_autodrive/auto/custom/sihao_72kx6/ynchen_APAdingzhibucai/shuiping/clip_lane/20250105
2025-01-07 12:10:48.789 | INFO     | __main__:node_main:114 - Prepare Lane Check Data sihao_72kx6_20250106-01-05-15_seg0 in /data_autodrive/auto/custom/sihao_72kx6/ynchen_APAdingzhibucai/shuiping/clip_lane/20250105
2025-01-07 12:10:51.071 | INFO     | __main__:node_main:114 - Prepare Lane Check Data sihao_72kx6_20250106-01-07-42_seg0 in /data_autodrive/auto/custom/sihao_72kx6/ynchen_APAdingzhibucai/shuiping/clip_lane/20250105
2025-01-07 12:10:53.244 | INFO     | __main__:node_main:114 - Prepare Lane Check Data sihao_72kx6_20250106-01-09-08_seg0 in /data_autodrive/auto/custom/sihao_72kx6/ynchen_APAdingzhibucai/shuiping/clip_lane/20250105
2025-01-07 12:10:56.226 | INFO     | __main__:node_main:114 - Prepare Lane Check Data sihao_72kx6_20250106-01-11-23_seg0 in /data_autodrive/auto/custom/sihao_72kx6/ynchen_APAdingzhibucai/shuiping/clip_lane/20250105
2025-01-07 12:10:58.705 | INFO     | __main__:node_main:114 - Prepare Lane Check Data sihao_72kx6_20250106-01-13-02_seg0 in /data_autodrive/auto/custom/sihao_72kx6/ynchen_APAdingzhibucai/shuiping/clip_lane/20250105
2025-01-07 12:11:01.222 | INFO     | __main__:node_main:114 - Prepare Lane Check Data sihao_72kx6_20250106-01-14-40_seg0 in /data_autodrive/auto/custom/sihao_72kx6/ynchen_APAdingzhibucai/shuiping/clip_lane/20250105
2025-01-07 12:11:03.490 | INFO     | __main__:node_main:114 - Prepare Lane Check Data sihao_72kx6_20250106-01-16-18_seg0 in /data_autodrive/auto/custom/sihao_72kx6/ynchen_APAdingzhibucai/shuiping/clip_lane/20250105
2025-01-07 12:11:06.207 | INFO     | __main__:node_main:114 - Prepare Lane Check Data sihao_72kx6_20250106-01-18-27_seg0 in /data_autodrive/auto/custom/sihao_72kx6/ynchen_APAdingzhibucai/shuiping/clip_lane/20250105
2025-01-07 12:11:08.691 | INFO     | __main__:node_main:114 - Prepare Lane Check Data sihao_72kx6_20250106-01-21-45_seg0 in /data_autodrive/auto/custom/sihao_72kx6/ynchen_APAdingzhibucai/shuiping/clip_lane/20250105
2025-01-07 12:11:10.993 | INFO     | __main__:node_main:114 - Prepare Lane Check Data sihao_72kx6_20250106-01-23-19_seg0 in /data_autodrive/auto/custom/sihao_72kx6/ynchen_APAdingzhibucai/shuiping/clip_lane/20250105
2025-01-07 12:11:13.346 | INFO     | __main__:node_main:114 - Prepare Lane Check Data sihao_72kx6_20250106-01-24-49_seg0 in /data_autodrive/auto/custom/sihao_72kx6/ynchen_APAdingzhibucai/shuiping/clip_lane/20250105
2025-01-07 12:11:15.885 | WARNING  | __main__:node_main:99 - /data_cold3/origin_data/sihao_72kx6/custom_seg/ynchen_APAdingzhibucai/shuiping/20250105/sihao_72kx6_20250106-01-27-08_seg0 skip. Because too many key frame lost. [10]
2025-01-07 12:11:15.885 | ERROR    | __main__:node_main:100 - 	skip sihao_72kx6_20250106-01-27-08_seg0 for not seleted, car_name = sihao_72kx6, 20250106-01-27-08
2025-01-07 12:11:16.173 | INFO     | __main__:node_main:114 - Prepare Lane Check Data sihao_72kx6_20250106-01-29-05_seg0 in /data_autodrive/auto/custom/sihao_72kx6/ynchen_APAdingzhibucai/shuiping/clip_lane/20250105
2025-01-07 12:11:18.346 | INFO     | __main__:node_main:114 - Prepare Lane Check Data sihao_72kx6_20250106-01-32-05_seg0 in /data_autodrive/auto/custom/sihao_72kx6/ynchen_APAdingzhibucai/shuiping/clip_lane/20250105
2025-01-07 12:11:20.949 | INFO     | __main__:node_main:114 - Prepare Lane Check Data sihao_72kx6_20250106-01-35-01_seg0 in /data_autodrive/auto/custom/sihao_72kx6/ynchen_APAdingzhibucai/shuiping/clip_lane/20250105
2025-01-07 12:11:24.331 | INFO     | __main__:node_main:114 - Prepare Lane Check Data sihao_72kx6_20250106-01-36-48_seg0 in /data_autodrive/auto/custom/sihao_72kx6/ynchen_APAdingzhibucai/shuiping/clip_lane/20250105
2025-01-07 12:11:27.819 | INFO     | __main__:node_main:114 - Prepare Lane Check Data sihao_72kx6_20250106-01-40-03_seg0 in /data_autodrive/auto/custom/sihao_72kx6/ynchen_APAdingzhibucai/shuiping/clip_lane/20250105
2025-01-07 12:11:30.298 | INFO     | __main__:node_main:114 - Prepare Lane Check Data sihao_72kx6_20250106-01-41-24_seg0 in /data_autodrive/auto/custom/sihao_72kx6/ynchen_APAdingzhibucai/shuiping/clip_lane/20250105
2025-01-07 12:11:33.470 | INFO     | __main__:node_main:114 - Prepare Lane Check Data sihao_72kx6_20250106-01-43-21_seg0 in /data_autodrive/auto/custom/sihao_72kx6/ynchen_APAdingzhibucai/shuiping/clip_lane/20250105
